2025-03-05 17:07:22,782 [INFO] WRITING LOG OUTPUT TO /home/dpatravali/.cellpose/run.log
2025-03-05 17:07:22,782 [INFO] 
cellpose version: 	3.1.1.1 
platform:       	linux 
python version: 	3.10.16 
torch version:  	2.6.0+cu124
2025-03-05 17:07:22,783 [INFO] >>>> using CPU
2025-03-05 17:07:22,783 [INFO] >>>> using CPU
2025-03-05 17:07:22,840 [INFO] >>>> loading model /mnt/sata4/cellpose_training/output-XETG00195__0041388__TMA00150__20241213__232337/models/dhruv_testing
2025-03-05 17:07:22,924 [INFO] >>>> model diam_mean =  30.000 (ROIs rescaled to this size during training)
2025-03-05 17:07:22,924 [INFO] >>>> model diam_labels =  22.483 (mean diameter of training ROIs)
2025-03-05 17:07:24,173 [INFO] WRITING LOG OUTPUT TO /home/dpatravali/.cellpose/run.log
2025-03-05 17:07:24,173 [INFO] 
cellpose version: 	3.1.1.1 
platform:       	linux 
python version: 	3.10.16 
torch version:  	2.6.0+cu124
2025-03-05 17:07:24,173 [INFO] >>>> using CPU
2025-03-05 17:07:24,173 [INFO] >>>> using CPU
2025-03-05 17:07:24,218 [INFO] >>>> loading model /mnt/sata4/cellpose_training/output-XETG00195__0041388__TMA00150__20241213__232337/models/dhruv_testing
2025-03-05 17:07:24,309 [INFO] >>>> model diam_mean =  30.000 (ROIs rescaled to this size during training)
2025-03-05 17:07:24,309 [INFO] >>>> model diam_labels =  22.483 (mean diameter of training ROIs)
2025-03-05 17:07:25,494 [INFO] WRITING LOG OUTPUT TO /home/dpatravali/.cellpose/run.log
2025-03-05 17:07:25,494 [INFO] 
cellpose version: 	3.1.1.1 
platform:       	linux 
python version: 	3.10.16 
torch version:  	2.6.0+cu124
2025-03-05 17:07:25,494 [INFO] >>>> using CPU
2025-03-05 17:07:25,494 [INFO] >>>> using CPU
2025-03-05 17:07:25,538 [INFO] >>>> loading model /mnt/sata4/cellpose_training/output-XETG00195__0041388__TMA00150__20241213__232337/models/dhruv_testing
2025-03-05 17:07:25,628 [INFO] >>>> model diam_mean =  30.000 (ROIs rescaled to this size during training)
2025-03-05 17:07:25,629 [INFO] >>>> model diam_labels =  22.483 (mean diameter of training ROIs)
2025-03-05 17:07:26,778 [INFO] WRITING LOG OUTPUT TO /home/dpatravali/.cellpose/run.log
2025-03-05 17:07:26,778 [INFO] 
cellpose version: 	3.1.1.1 
platform:       	linux 
python version: 	3.10.16 
torch version:  	2.6.0+cu124
2025-03-05 17:07:26,778 [INFO] >>>> using CPU
2025-03-05 17:07:26,779 [INFO] >>>> using CPU
2025-03-05 17:07:26,822 [INFO] >>>> loading model /mnt/sata4/cellpose_training/output-XETG00195__0041388__TMA00150__20241213__232337/models/dhruv_testing
2025-03-05 17:07:26,908 [INFO] >>>> model diam_mean =  30.000 (ROIs rescaled to this size during training)
2025-03-05 17:07:26,908 [INFO] >>>> model diam_labels =  22.483 (mean diameter of training ROIs)
2025-03-05 17:07:28,056 [INFO] WRITING LOG OUTPUT TO /home/dpatravali/.cellpose/run.log
2025-03-05 17:07:28,056 [INFO] 
cellpose version: 	3.1.1.1 
platform:       	linux 
python version: 	3.10.16 
torch version:  	2.6.0+cu124
2025-03-05 17:07:28,056 [INFO] >>>> using CPU
2025-03-05 17:07:28,056 [INFO] >>>> using CPU
2025-03-05 17:07:28,100 [INFO] >>>> loading model /mnt/sata4/cellpose_training/output-XETG00195__0041388__TMA00150__20241213__232337/models/dhruv_testing
2025-03-05 17:07:28,192 [INFO] >>>> model diam_mean =  30.000 (ROIs rescaled to this size during training)
2025-03-05 17:07:28,192 [INFO] >>>> model diam_labels =  22.483 (mean diameter of training ROIs)
2025-03-05 17:07:29,344 [INFO] WRITING LOG OUTPUT TO /home/dpatravali/.cellpose/run.log
2025-03-05 17:07:29,344 [INFO] 
cellpose version: 	3.1.1.1 
platform:       	linux 
python version: 	3.10.16 
torch version:  	2.6.0+cu124
2025-03-05 17:07:29,344 [INFO] >>>> using CPU
2025-03-05 17:07:29,344 [INFO] >>>> using CPU
2025-03-05 17:07:29,389 [INFO] >>>> loading model /mnt/sata4/cellpose_training/output-XETG00195__0041388__TMA00150__20241213__232337/models/dhruv_testing
2025-03-05 17:07:29,477 [INFO] >>>> model diam_mean =  30.000 (ROIs rescaled to this size during training)
2025-03-05 17:07:29,477 [INFO] >>>> model diam_labels =  22.483 (mean diameter of training ROIs)
2025-03-05 17:07:30,694 [INFO] WRITING LOG OUTPUT TO /home/dpatravali/.cellpose/run.log
2025-03-05 17:07:30,694 [INFO] 
cellpose version: 	3.1.1.1 
platform:       	linux 
python version: 	3.10.16 
torch version:  	2.6.0+cu124
2025-03-05 17:07:30,694 [INFO] >>>> using CPU
2025-03-05 17:07:30,694 [INFO] >>>> using CPU
2025-03-05 17:07:30,739 [INFO] >>>> loading model /mnt/sata4/cellpose_training/output-XETG00195__0041388__TMA00150__20241213__232337/models/dhruv_testing
2025-03-05 17:07:30,827 [INFO] >>>> model diam_mean =  30.000 (ROIs rescaled to this size during training)
2025-03-05 17:07:30,827 [INFO] >>>> model diam_labels =  22.483 (mean diameter of training ROIs)
2025-03-05 17:07:32,053 [INFO] WRITING LOG OUTPUT TO /home/dpatravali/.cellpose/run.log
2025-03-05 17:07:32,053 [INFO] 
cellpose version: 	3.1.1.1 
platform:       	linux 
python version: 	3.10.16 
torch version:  	2.6.0+cu124
2025-03-05 17:07:32,053 [INFO] >>>> using CPU
2025-03-05 17:07:32,053 [INFO] >>>> using CPU
2025-03-05 17:07:32,098 [INFO] >>>> loading model /mnt/sata4/cellpose_training/output-XETG00195__0041388__TMA00150__20241213__232337/models/dhruv_testing
2025-03-05 17:07:32,186 [INFO] >>>> model diam_mean =  30.000 (ROIs rescaled to this size during training)
2025-03-05 17:07:32,186 [INFO] >>>> model diam_labels =  22.483 (mean diameter of training ROIs)
2025-03-05 17:07:33,387 [INFO] WRITING LOG OUTPUT TO /home/dpatravali/.cellpose/run.log
2025-03-05 17:07:33,387 [INFO] 
cellpose version: 	3.1.1.1 
platform:       	linux 
python version: 	3.10.16 
torch version:  	2.6.0+cu124
2025-03-05 17:07:33,387 [INFO] >>>> using CPU
2025-03-05 17:07:33,387 [INFO] >>>> using CPU
2025-03-05 17:07:33,430 [INFO] >>>> loading model /mnt/sata4/cellpose_training/output-XETG00195__0041388__TMA00150__20241213__232337/models/dhruv_testing
2025-03-05 17:07:33,518 [INFO] >>>> model diam_mean =  30.000 (ROIs rescaled to this size during training)
2025-03-05 17:07:33,519 [INFO] >>>> model diam_labels =  22.483 (mean diameter of training ROIs)
2025-03-05 17:07:34,715 [INFO] WRITING LOG OUTPUT TO /home/dpatravali/.cellpose/run.log
2025-03-05 17:07:34,715 [INFO] 
cellpose version: 	3.1.1.1 
platform:       	linux 
python version: 	3.10.16 
torch version:  	2.6.0+cu124
2025-03-05 17:07:34,715 [INFO] >>>> using CPU
2025-03-05 17:07:34,716 [INFO] >>>> using CPU
2025-03-05 17:07:34,759 [INFO] >>>> loading model /mnt/sata4/cellpose_training/output-XETG00195__0041388__TMA00150__20241213__232337/models/dhruv_testing
2025-03-05 17:07:34,847 [INFO] >>>> model diam_mean =  30.000 (ROIs rescaled to this size during training)
2025-03-05 17:07:34,847 [INFO] >>>> model diam_labels =  22.483 (mean diameter of training ROIs)
2025-03-05 17:07:36,092 [INFO] WRITING LOG OUTPUT TO /home/dpatravali/.cellpose/run.log
2025-03-05 17:07:36,093 [INFO] 
cellpose version: 	3.1.1.1 
platform:       	linux 
python version: 	3.10.16 
torch version:  	2.6.0+cu124
2025-03-05 17:07:36,093 [INFO] >>>> using CPU
2025-03-05 17:07:36,093 [INFO] >>>> using CPU
2025-03-05 17:07:36,137 [INFO] >>>> loading model /mnt/sata4/cellpose_training/output-XETG00195__0041388__TMA00150__20241213__232337/models/dhruv_testing
2025-03-05 17:07:36,224 [INFO] >>>> model diam_mean =  30.000 (ROIs rescaled to this size during training)
2025-03-05 17:07:36,224 [INFO] >>>> model diam_labels =  22.483 (mean diameter of training ROIs)
2025-03-05 17:07:37,493 [INFO] WRITING LOG OUTPUT TO /home/dpatravali/.cellpose/run.log
2025-03-05 17:07:37,493 [INFO] 
cellpose version: 	3.1.1.1 
platform:       	linux 
python version: 	3.10.16 
torch version:  	2.6.0+cu124
2025-03-05 17:07:37,494 [INFO] >>>> using CPU
2025-03-05 17:07:37,494 [INFO] >>>> using CPU
2025-03-05 17:07:37,537 [INFO] >>>> loading model /mnt/sata4/cellpose_training/output-XETG00195__0041388__TMA00150__20241213__232337/models/dhruv_testing
2025-03-05 17:07:37,623 [INFO] >>>> model diam_mean =  30.000 (ROIs rescaled to this size during training)
2025-03-05 17:07:37,623 [INFO] >>>> model diam_labels =  22.483 (mean diameter of training ROIs)
2025-03-05 17:07:38,951 [INFO] WRITING LOG OUTPUT TO /home/dpatravali/.cellpose/run.log
2025-03-05 17:07:38,951 [INFO] 
cellpose version: 	3.1.1.1 
platform:       	linux 
python version: 	3.10.16 
torch version:  	2.6.0+cu124
2025-03-05 17:07:38,951 [INFO] >>>> using CPU
2025-03-05 17:07:38,951 [INFO] >>>> using CPU
2025-03-05 17:07:38,994 [INFO] >>>> loading model /mnt/sata4/cellpose_training/output-XETG00195__0041388__TMA00150__20241213__232337/models/dhruv_testing
2025-03-05 17:07:39,083 [INFO] >>>> model diam_mean =  30.000 (ROIs rescaled to this size during training)
2025-03-05 17:07:39,084 [INFO] >>>> model diam_labels =  22.483 (mean diameter of training ROIs)
2025-03-05 17:07:40,238 [INFO] WRITING LOG OUTPUT TO /home/dpatravali/.cellpose/run.log
2025-03-05 17:07:40,238 [INFO] 
cellpose version: 	3.1.1.1 
platform:       	linux 
python version: 	3.10.16 
torch version:  	2.6.0+cu124
2025-03-05 17:07:40,238 [INFO] >>>> using CPU
2025-03-05 17:07:40,238 [INFO] >>>> using CPU
2025-03-05 17:07:40,280 [INFO] >>>> loading model /mnt/sata4/cellpose_training/output-XETG00195__0041388__TMA00150__20241213__232337/models/dhruv_testing
2025-03-05 17:07:40,368 [INFO] >>>> model diam_mean =  30.000 (ROIs rescaled to this size during training)
2025-03-05 17:07:40,368 [INFO] >>>> model diam_labels =  22.483 (mean diameter of training ROIs)
2025-03-05 17:07:41,495 [INFO] WRITING LOG OUTPUT TO /home/dpatravali/.cellpose/run.log
2025-03-05 17:07:41,496 [INFO] 
cellpose version: 	3.1.1.1 
platform:       	linux 
python version: 	3.10.16 
torch version:  	2.6.0+cu124
2025-03-05 17:07:41,496 [INFO] >>>> using CPU
2025-03-05 17:07:41,496 [INFO] >>>> using CPU
2025-03-05 17:07:41,539 [INFO] >>>> loading model /mnt/sata4/cellpose_training/output-XETG00195__0041388__TMA00150__20241213__232337/models/dhruv_testing
2025-03-05 17:07:41,628 [INFO] >>>> model diam_mean =  30.000 (ROIs rescaled to this size during training)
2025-03-05 17:07:41,628 [INFO] >>>> model diam_labels =  22.483 (mean diameter of training ROIs)
2025-03-05 17:07:42,796 [INFO] WRITING LOG OUTPUT TO /home/dpatravali/.cellpose/run.log
2025-03-05 17:07:42,796 [INFO] 
cellpose version: 	3.1.1.1 
platform:       	linux 
python version: 	3.10.16 
torch version:  	2.6.0+cu124
2025-03-05 17:07:42,796 [INFO] >>>> using CPU
2025-03-05 17:07:42,796 [INFO] >>>> using CPU
2025-03-05 17:07:42,840 [INFO] >>>> loading model /mnt/sata4/cellpose_training/output-XETG00195__0041388__TMA00150__20241213__232337/models/dhruv_testing
2025-03-05 17:07:42,922 [INFO] >>>> model diam_mean =  30.000 (ROIs rescaled to this size during training)
2025-03-05 17:07:42,923 [INFO] >>>> model diam_labels =  22.483 (mean diameter of training ROIs)
2025-03-05 17:07:44,007 [INFO] WRITING LOG OUTPUT TO /home/dpatravali/.cellpose/run.log
2025-03-05 17:07:44,007 [INFO] 
cellpose version: 	3.1.1.1 
platform:       	linux 
python version: 	3.10.16 
torch version:  	2.6.0+cu124
2025-03-05 17:07:44,007 [INFO] >>>> using CPU
2025-03-05 17:07:44,007 [INFO] >>>> using CPU
2025-03-05 17:07:44,050 [INFO] >>>> loading model /mnt/sata4/cellpose_training/output-XETG00195__0041388__TMA00150__20241213__232337/models/dhruv_testing
2025-03-05 17:07:44,139 [INFO] >>>> model diam_mean =  30.000 (ROIs rescaled to this size during training)
2025-03-05 17:07:44,139 [INFO] >>>> model diam_labels =  22.483 (mean diameter of training ROIs)
2025-03-05 17:07:45,269 [INFO] WRITING LOG OUTPUT TO /home/dpatravali/.cellpose/run.log
2025-03-05 17:07:45,269 [INFO] 
cellpose version: 	3.1.1.1 
platform:       	linux 
python version: 	3.10.16 
torch version:  	2.6.0+cu124
2025-03-05 17:07:45,269 [INFO] >>>> using CPU
2025-03-05 17:07:45,269 [INFO] >>>> using CPU
2025-03-05 17:07:45,313 [INFO] >>>> loading model /mnt/sata4/cellpose_training/output-XETG00195__0041388__TMA00150__20241213__232337/models/dhruv_testing
2025-03-05 17:07:45,397 [INFO] >>>> model diam_mean =  30.000 (ROIs rescaled to this size during training)
2025-03-05 17:07:45,397 [INFO] >>>> model diam_labels =  22.483 (mean diameter of training ROIs)
2025-03-05 17:07:46,558 [INFO] WRITING LOG OUTPUT TO /home/dpatravali/.cellpose/run.log
2025-03-05 17:07:46,559 [INFO] 
cellpose version: 	3.1.1.1 
platform:       	linux 
python version: 	3.10.16 
torch version:  	2.6.0+cu124
2025-03-05 17:07:46,559 [INFO] >>>> using CPU
2025-03-05 17:07:46,559 [INFO] >>>> using CPU
2025-03-05 17:07:46,602 [INFO] >>>> loading model /mnt/sata4/cellpose_training/output-XETG00195__0041388__TMA00150__20241213__232337/models/dhruv_testing
2025-03-05 17:07:46,689 [INFO] >>>> model diam_mean =  30.000 (ROIs rescaled to this size during training)
2025-03-05 17:07:46,689 [INFO] >>>> model diam_labels =  22.483 (mean diameter of training ROIs)
2025-03-05 17:07:47,829 [INFO] WRITING LOG OUTPUT TO /home/dpatravali/.cellpose/run.log
2025-03-05 17:07:47,829 [INFO] 
cellpose version: 	3.1.1.1 
platform:       	linux 
python version: 	3.10.16 
torch version:  	2.6.0+cu124
2025-03-05 17:07:47,829 [INFO] >>>> using CPU
2025-03-05 17:07:47,829 [INFO] >>>> using CPU
2025-03-05 17:07:47,872 [INFO] >>>> loading model /mnt/sata4/cellpose_training/output-XETG00195__0041388__TMA00150__20241213__232337/models/dhruv_testing
2025-03-05 17:07:47,958 [INFO] >>>> model diam_mean =  30.000 (ROIs rescaled to this size during training)
2025-03-05 17:07:47,958 [INFO] >>>> model diam_labels =  22.483 (mean diameter of training ROIs)
2025-03-05 17:07:49,081 [INFO] WRITING LOG OUTPUT TO /home/dpatravali/.cellpose/run.log
2025-03-05 17:07:49,081 [INFO] 
cellpose version: 	3.1.1.1 
platform:       	linux 
python version: 	3.10.16 
torch version:  	2.6.0+cu124
2025-03-05 17:07:49,081 [INFO] >>>> using CPU
2025-03-05 17:07:49,081 [INFO] >>>> using CPU
2025-03-05 17:07:49,126 [INFO] >>>> loading model /mnt/sata4/cellpose_training/output-XETG00195__0041388__TMA00150__20241213__232337/models/dhruv_testing
2025-03-05 17:07:49,213 [INFO] >>>> model diam_mean =  30.000 (ROIs rescaled to this size during training)
2025-03-05 17:07:49,213 [INFO] >>>> model diam_labels =  22.483 (mean diameter of training ROIs)
2025-03-05 17:07:50,313 [INFO] WRITING LOG OUTPUT TO /home/dpatravali/.cellpose/run.log
2025-03-05 17:07:50,313 [INFO] 
cellpose version: 	3.1.1.1 
platform:       	linux 
python version: 	3.10.16 
torch version:  	2.6.0+cu124
2025-03-05 17:07:50,313 [INFO] >>>> using CPU
2025-03-05 17:07:50,314 [INFO] >>>> using CPU
2025-03-05 17:07:50,358 [INFO] >>>> loading model /mnt/sata4/cellpose_training/output-XETG00195__0041388__TMA00150__20241213__232337/models/dhruv_testing
2025-03-05 17:07:50,447 [INFO] >>>> model diam_mean =  30.000 (ROIs rescaled to this size during training)
2025-03-05 17:07:50,447 [INFO] >>>> model diam_labels =  22.483 (mean diameter of training ROIs)
2025-03-05 17:07:51,622 [INFO] WRITING LOG OUTPUT TO /home/dpatravali/.cellpose/run.log
2025-03-05 17:07:51,622 [INFO] 
cellpose version: 	3.1.1.1 
platform:       	linux 
python version: 	3.10.16 
torch version:  	2.6.0+cu124
2025-03-05 17:07:51,623 [INFO] >>>> using CPU
2025-03-05 17:07:51,623 [INFO] >>>> using CPU
2025-03-05 17:07:51,667 [INFO] >>>> loading model /mnt/sata4/cellpose_training/output-XETG00195__0041388__TMA00150__20241213__232337/models/dhruv_testing
2025-03-05 17:07:51,756 [INFO] >>>> model diam_mean =  30.000 (ROIs rescaled to this size during training)
2025-03-05 17:07:51,756 [INFO] >>>> model diam_labels =  22.483 (mean diameter of training ROIs)
2025-03-05 17:07:52,968 [INFO] WRITING LOG OUTPUT TO /home/dpatravali/.cellpose/run.log
2025-03-05 17:07:52,968 [INFO] 
cellpose version: 	3.1.1.1 
platform:       	linux 
python version: 	3.10.16 
torch version:  	2.6.0+cu124
2025-03-05 17:07:52,968 [INFO] >>>> using CPU
2025-03-05 17:07:52,968 [INFO] >>>> using CPU
2025-03-05 17:07:53,011 [INFO] >>>> loading model /mnt/sata4/cellpose_training/output-XETG00195__0041388__TMA00150__20241213__232337/models/dhruv_testing
2025-03-05 17:07:53,099 [INFO] >>>> model diam_mean =  30.000 (ROIs rescaled to this size during training)
2025-03-05 17:07:53,099 [INFO] >>>> model diam_labels =  22.483 (mean diameter of training ROIs)
2025-03-05 17:07:54,289 [INFO] WRITING LOG OUTPUT TO /home/dpatravali/.cellpose/run.log
2025-03-05 17:07:54,289 [INFO] 
cellpose version: 	3.1.1.1 
platform:       	linux 
python version: 	3.10.16 
torch version:  	2.6.0+cu124
2025-03-05 17:07:54,289 [INFO] >>>> using CPU
2025-03-05 17:07:54,289 [INFO] >>>> using CPU
2025-03-05 17:07:54,333 [INFO] >>>> loading model /mnt/sata4/cellpose_training/output-XETG00195__0041388__TMA00150__20241213__232337/models/dhruv_testing
2025-03-05 17:07:54,419 [INFO] >>>> model diam_mean =  30.000 (ROIs rescaled to this size during training)
2025-03-05 17:07:54,419 [INFO] >>>> model diam_labels =  22.483 (mean diameter of training ROIs)
2025-03-05 17:07:55,628 [INFO] WRITING LOG OUTPUT TO /home/dpatravali/.cellpose/run.log
2025-03-05 17:07:55,628 [INFO] 
cellpose version: 	3.1.1.1 
platform:       	linux 
python version: 	3.10.16 
torch version:  	2.6.0+cu124
2025-03-05 17:07:55,628 [INFO] >>>> using CPU
2025-03-05 17:07:55,629 [INFO] >>>> using CPU
2025-03-05 17:07:55,672 [INFO] >>>> loading model /mnt/sata4/cellpose_training/output-XETG00195__0041388__TMA00150__20241213__232337/models/dhruv_testing
2025-03-05 17:07:55,760 [INFO] >>>> model diam_mean =  30.000 (ROIs rescaled to this size during training)
2025-03-05 17:07:55,760 [INFO] >>>> model diam_labels =  22.483 (mean diameter of training ROIs)
2025-03-05 17:07:57,025 [INFO] WRITING LOG OUTPUT TO /home/dpatravali/.cellpose/run.log
2025-03-05 17:07:57,025 [INFO] 
cellpose version: 	3.1.1.1 
platform:       	linux 
python version: 	3.10.16 
torch version:  	2.6.0+cu124
2025-03-05 17:07:57,025 [INFO] >>>> using CPU
2025-03-05 17:07:57,025 [INFO] >>>> using CPU
2025-03-05 17:07:57,069 [INFO] >>>> loading model /mnt/sata4/cellpose_training/output-XETG00195__0041388__TMA00150__20241213__232337/models/dhruv_testing
2025-03-05 17:07:57,280 [INFO] >>>> model diam_mean =  30.000 (ROIs rescaled to this size during training)
2025-03-05 17:07:57,280 [INFO] >>>> model diam_labels =  22.483 (mean diameter of training ROIs)
2025-03-05 17:07:58,442 [INFO] WRITING LOG OUTPUT TO /home/dpatravali/.cellpose/run.log
2025-03-05 17:07:58,442 [INFO] 
cellpose version: 	3.1.1.1 
platform:       	linux 
python version: 	3.10.16 
torch version:  	2.6.0+cu124
2025-03-05 17:07:58,442 [INFO] >>>> using CPU
2025-03-05 17:07:58,442 [INFO] >>>> using CPU
2025-03-05 17:07:58,485 [INFO] >>>> loading model /mnt/sata4/cellpose_training/output-XETG00195__0041388__TMA00150__20241213__232337/models/dhruv_testing
2025-03-05 17:07:58,571 [INFO] >>>> model diam_mean =  30.000 (ROIs rescaled to this size during training)
2025-03-05 17:07:58,571 [INFO] >>>> model diam_labels =  22.483 (mean diameter of training ROIs)
2025-03-05 17:07:59,705 [INFO] WRITING LOG OUTPUT TO /home/dpatravali/.cellpose/run.log
2025-03-05 17:07:59,705 [INFO] 
cellpose version: 	3.1.1.1 
platform:       	linux 
python version: 	3.10.16 
torch version:  	2.6.0+cu124
2025-03-05 17:07:59,705 [INFO] >>>> using CPU
2025-03-05 17:07:59,706 [INFO] >>>> using CPU
2025-03-05 17:07:59,749 [INFO] >>>> loading model /mnt/sata4/cellpose_training/output-XETG00195__0041388__TMA00150__20241213__232337/models/dhruv_testing
2025-03-05 17:07:59,836 [INFO] >>>> model diam_mean =  30.000 (ROIs rescaled to this size during training)
2025-03-05 17:07:59,836 [INFO] >>>> model diam_labels =  22.483 (mean diameter of training ROIs)
2025-03-05 17:08:00,987 [INFO] WRITING LOG OUTPUT TO /home/dpatravali/.cellpose/run.log
2025-03-05 17:08:00,987 [INFO] 
cellpose version: 	3.1.1.1 
platform:       	linux 
python version: 	3.10.16 
torch version:  	2.6.0+cu124
2025-03-05 17:08:00,987 [INFO] >>>> using CPU
2025-03-05 17:08:00,987 [INFO] >>>> using CPU
2025-03-05 17:08:01,031 [INFO] >>>> loading model /mnt/sata4/cellpose_training/output-XETG00195__0041388__TMA00150__20241213__232337/models/dhruv_testing
2025-03-05 17:08:01,122 [INFO] >>>> model diam_mean =  30.000 (ROIs rescaled to this size during training)
2025-03-05 17:08:01,123 [INFO] >>>> model diam_labels =  22.483 (mean diameter of training ROIs)
2025-03-05 17:08:02,349 [INFO] WRITING LOG OUTPUT TO /home/dpatravali/.cellpose/run.log
2025-03-05 17:08:02,349 [INFO] 
cellpose version: 	3.1.1.1 
platform:       	linux 
python version: 	3.10.16 
torch version:  	2.6.0+cu124
2025-03-05 17:08:02,349 [INFO] >>>> using CPU
2025-03-05 17:08:02,349 [INFO] >>>> using CPU
2025-03-05 17:08:02,392 [INFO] >>>> loading model /mnt/sata4/cellpose_training/output-XETG00195__0041388__TMA00150__20241213__232337/models/dhruv_testing
2025-03-05 17:08:02,477 [INFO] >>>> model diam_mean =  30.000 (ROIs rescaled to this size during training)
2025-03-05 17:08:02,477 [INFO] >>>> model diam_labels =  22.483 (mean diameter of training ROIs)
2025-03-05 17:08:03,674 [INFO] WRITING LOG OUTPUT TO /home/dpatravali/.cellpose/run.log
2025-03-05 17:08:03,675 [INFO] 
cellpose version: 	3.1.1.1 
platform:       	linux 
python version: 	3.10.16 
torch version:  	2.6.0+cu124
2025-03-05 17:08:03,675 [INFO] >>>> using CPU
2025-03-05 17:08:03,675 [INFO] >>>> using CPU
2025-03-05 17:08:03,718 [INFO] >>>> loading model /mnt/sata4/cellpose_training/output-XETG00195__0041388__TMA00150__20241213__232337/models/dhruv_testing
2025-03-05 17:08:03,803 [INFO] >>>> model diam_mean =  30.000 (ROIs rescaled to this size during training)
2025-03-05 17:08:03,803 [INFO] >>>> model diam_labels =  22.483 (mean diameter of training ROIs)
2025-03-05 17:08:04,926 [INFO] WRITING LOG OUTPUT TO /home/dpatravali/.cellpose/run.log
2025-03-05 17:08:04,926 [INFO] 
cellpose version: 	3.1.1.1 
platform:       	linux 
python version: 	3.10.16 
torch version:  	2.6.0+cu124
2025-03-05 17:08:04,926 [INFO] >>>> using CPU
2025-03-05 17:08:04,926 [INFO] >>>> using CPU
2025-03-05 17:08:04,970 [INFO] >>>> loading model /mnt/sata4/cellpose_training/output-XETG00195__0041388__TMA00150__20241213__232337/models/dhruv_testing
2025-03-05 17:08:05,057 [INFO] >>>> model diam_mean =  30.000 (ROIs rescaled to this size during training)
2025-03-05 17:08:05,058 [INFO] >>>> model diam_labels =  22.483 (mean diameter of training ROIs)
2025-03-05 17:08:06,197 [INFO] WRITING LOG OUTPUT TO /home/dpatravali/.cellpose/run.log
2025-03-05 17:08:06,197 [INFO] 
cellpose version: 	3.1.1.1 
platform:       	linux 
python version: 	3.10.16 
torch version:  	2.6.0+cu124
2025-03-05 17:08:06,197 [INFO] >>>> using CPU
2025-03-05 17:08:06,197 [INFO] >>>> using CPU
2025-03-05 17:08:06,240 [INFO] >>>> loading model /mnt/sata4/cellpose_training/output-XETG00195__0041388__TMA00150__20241213__232337/models/dhruv_testing
2025-03-05 17:08:06,328 [INFO] >>>> model diam_mean =  30.000 (ROIs rescaled to this size during training)
2025-03-05 17:08:06,328 [INFO] >>>> model diam_labels =  22.483 (mean diameter of training ROIs)
2025-03-05 17:08:07,489 [INFO] WRITING LOG OUTPUT TO /home/dpatravali/.cellpose/run.log
2025-03-05 17:08:07,489 [INFO] 
cellpose version: 	3.1.1.1 
platform:       	linux 
python version: 	3.10.16 
torch version:  	2.6.0+cu124
2025-03-05 17:08:07,489 [INFO] >>>> using CPU
2025-03-05 17:08:07,489 [INFO] >>>> using CPU
2025-03-05 17:08:07,532 [INFO] >>>> loading model /mnt/sata4/cellpose_training/output-XETG00195__0041388__TMA00150__20241213__232337/models/dhruv_testing
2025-03-05 17:08:07,619 [INFO] >>>> model diam_mean =  30.000 (ROIs rescaled to this size during training)
2025-03-05 17:08:07,619 [INFO] >>>> model diam_labels =  22.483 (mean diameter of training ROIs)
2025-03-05 17:08:08,761 [INFO] WRITING LOG OUTPUT TO /home/dpatravali/.cellpose/run.log
2025-03-05 17:08:08,761 [INFO] 
cellpose version: 	3.1.1.1 
platform:       	linux 
python version: 	3.10.16 
torch version:  	2.6.0+cu124
2025-03-05 17:08:08,761 [INFO] >>>> using CPU
2025-03-05 17:08:08,761 [INFO] >>>> using CPU
2025-03-05 17:08:08,804 [INFO] >>>> loading model /mnt/sata4/cellpose_training/output-XETG00195__0041388__TMA00150__20241213__232337/models/dhruv_testing
2025-03-05 17:08:08,891 [INFO] >>>> model diam_mean =  30.000 (ROIs rescaled to this size during training)
2025-03-05 17:08:08,891 [INFO] >>>> model diam_labels =  22.483 (mean diameter of training ROIs)
2025-03-05 17:08:10,032 [INFO] WRITING LOG OUTPUT TO /home/dpatravali/.cellpose/run.log
2025-03-05 17:08:10,033 [INFO] 
cellpose version: 	3.1.1.1 
platform:       	linux 
python version: 	3.10.16 
torch version:  	2.6.0+cu124
2025-03-05 17:08:10,033 [INFO] >>>> using CPU
2025-03-05 17:08:10,033 [INFO] >>>> using CPU
2025-03-05 17:08:10,076 [INFO] >>>> loading model /mnt/sata4/cellpose_training/output-XETG00195__0041388__TMA00150__20241213__232337/models/dhruv_testing
2025-03-05 17:08:10,162 [INFO] >>>> model diam_mean =  30.000 (ROIs rescaled to this size during training)
2025-03-05 17:08:10,162 [INFO] >>>> model diam_labels =  22.483 (mean diameter of training ROIs)
2025-03-05 17:08:11,306 [INFO] WRITING LOG OUTPUT TO /home/dpatravali/.cellpose/run.log
2025-03-05 17:08:11,306 [INFO] 
cellpose version: 	3.1.1.1 
platform:       	linux 
python version: 	3.10.16 
torch version:  	2.6.0+cu124
2025-03-05 17:08:11,306 [INFO] >>>> using CPU
2025-03-05 17:08:11,306 [INFO] >>>> using CPU
2025-03-05 17:08:11,349 [INFO] >>>> loading model /mnt/sata4/cellpose_training/output-XETG00195__0041388__TMA00150__20241213__232337/models/dhruv_testing
2025-03-05 17:08:11,436 [INFO] >>>> model diam_mean =  30.000 (ROIs rescaled to this size during training)
2025-03-05 17:08:11,436 [INFO] >>>> model diam_labels =  22.483 (mean diameter of training ROIs)
2025-03-05 17:08:12,617 [INFO] WRITING LOG OUTPUT TO /home/dpatravali/.cellpose/run.log
2025-03-05 17:08:12,617 [INFO] 
cellpose version: 	3.1.1.1 
platform:       	linux 
python version: 	3.10.16 
torch version:  	2.6.0+cu124
2025-03-05 17:08:12,617 [INFO] >>>> using CPU
2025-03-05 17:08:12,617 [INFO] >>>> using CPU
2025-03-05 17:08:12,660 [INFO] >>>> loading model /mnt/sata4/cellpose_training/output-XETG00195__0041388__TMA00150__20241213__232337/models/dhruv_testing
2025-03-05 17:08:12,745 [INFO] >>>> model diam_mean =  30.000 (ROIs rescaled to this size during training)
2025-03-05 17:08:12,745 [INFO] >>>> model diam_labels =  22.483 (mean diameter of training ROIs)
2025-03-05 17:08:13,911 [INFO] WRITING LOG OUTPUT TO /home/dpatravali/.cellpose/run.log
2025-03-05 17:08:13,911 [INFO] 
cellpose version: 	3.1.1.1 
platform:       	linux 
python version: 	3.10.16 
torch version:  	2.6.0+cu124
2025-03-05 17:08:13,912 [INFO] >>>> using CPU
2025-03-05 17:08:13,912 [INFO] >>>> using CPU
2025-03-05 17:08:13,955 [INFO] >>>> loading model /mnt/sata4/cellpose_training/output-XETG00195__0041388__TMA00150__20241213__232337/models/dhruv_testing
2025-03-05 17:08:14,041 [INFO] >>>> model diam_mean =  30.000 (ROIs rescaled to this size during training)
2025-03-05 17:08:14,041 [INFO] >>>> model diam_labels =  22.483 (mean diameter of training ROIs)
2025-03-05 17:08:15,194 [INFO] WRITING LOG OUTPUT TO /home/dpatravali/.cellpose/run.log
2025-03-05 17:08:15,194 [INFO] 
cellpose version: 	3.1.1.1 
platform:       	linux 
python version: 	3.10.16 
torch version:  	2.6.0+cu124
2025-03-05 17:08:15,194 [INFO] >>>> using CPU
2025-03-05 17:08:15,194 [INFO] >>>> using CPU
2025-03-05 17:08:15,238 [INFO] >>>> loading model /mnt/sata4/cellpose_training/output-XETG00195__0041388__TMA00150__20241213__232337/models/dhruv_testing
2025-03-05 17:08:15,324 [INFO] >>>> model diam_mean =  30.000 (ROIs rescaled to this size during training)
2025-03-05 17:08:15,324 [INFO] >>>> model diam_labels =  22.483 (mean diameter of training ROIs)
2025-03-05 17:08:16,451 [INFO] WRITING LOG OUTPUT TO /home/dpatravali/.cellpose/run.log
2025-03-05 17:08:16,451 [INFO] 
cellpose version: 	3.1.1.1 
platform:       	linux 
python version: 	3.10.16 
torch version:  	2.6.0+cu124
2025-03-05 17:08:16,451 [INFO] >>>> using CPU
2025-03-05 17:08:16,451 [INFO] >>>> using CPU
2025-03-05 17:08:16,494 [INFO] >>>> loading model /mnt/sata4/cellpose_training/output-XETG00195__0041388__TMA00150__20241213__232337/models/dhruv_testing
2025-03-05 17:08:16,582 [INFO] >>>> model diam_mean =  30.000 (ROIs rescaled to this size during training)
2025-03-05 17:08:16,582 [INFO] >>>> model diam_labels =  22.483 (mean diameter of training ROIs)
2025-03-05 17:08:17,877 [INFO] WRITING LOG OUTPUT TO /home/dpatravali/.cellpose/run.log
2025-03-05 17:08:17,877 [INFO] 
cellpose version: 	3.1.1.1 
platform:       	linux 
python version: 	3.10.16 
torch version:  	2.6.0+cu124
2025-03-05 17:08:17,877 [INFO] >>>> using CPU
2025-03-05 17:08:17,877 [INFO] >>>> using CPU
2025-03-05 17:08:17,920 [INFO] >>>> loading model /mnt/sata4/cellpose_training/output-XETG00195__0041388__TMA00150__20241213__232337/models/dhruv_testing
2025-03-05 17:08:18,006 [INFO] >>>> model diam_mean =  30.000 (ROIs rescaled to this size during training)
2025-03-05 17:08:18,006 [INFO] >>>> model diam_labels =  22.483 (mean diameter of training ROIs)
2025-03-05 17:08:19,161 [INFO] WRITING LOG OUTPUT TO /home/dpatravali/.cellpose/run.log
2025-03-05 17:08:19,161 [INFO] 
cellpose version: 	3.1.1.1 
platform:       	linux 
python version: 	3.10.16 
torch version:  	2.6.0+cu124
2025-03-05 17:08:19,161 [INFO] >>>> using CPU
2025-03-05 17:08:19,161 [INFO] >>>> using CPU
2025-03-05 17:08:19,204 [INFO] >>>> loading model /mnt/sata4/cellpose_training/output-XETG00195__0041388__TMA00150__20241213__232337/models/dhruv_testing
2025-03-05 17:08:19,293 [INFO] >>>> model diam_mean =  30.000 (ROIs rescaled to this size during training)
2025-03-05 17:08:19,293 [INFO] >>>> model diam_labels =  22.483 (mean diameter of training ROIs)
2025-03-05 17:08:20,435 [INFO] WRITING LOG OUTPUT TO /home/dpatravali/.cellpose/run.log
2025-03-05 17:08:20,435 [INFO] 
cellpose version: 	3.1.1.1 
platform:       	linux 
python version: 	3.10.16 
torch version:  	2.6.0+cu124
2025-03-05 17:08:20,435 [INFO] >>>> using CPU
2025-03-05 17:08:20,435 [INFO] >>>> using CPU
2025-03-05 17:08:20,479 [INFO] >>>> loading model /mnt/sata4/cellpose_training/output-XETG00195__0041388__TMA00150__20241213__232337/models/dhruv_testing
2025-03-05 17:08:20,566 [INFO] >>>> model diam_mean =  30.000 (ROIs rescaled to this size during training)
2025-03-05 17:08:20,567 [INFO] >>>> model diam_labels =  22.483 (mean diameter of training ROIs)
2025-03-05 17:08:21,725 [INFO] WRITING LOG OUTPUT TO /home/dpatravali/.cellpose/run.log
2025-03-05 17:08:21,725 [INFO] 
cellpose version: 	3.1.1.1 
platform:       	linux 
python version: 	3.10.16 
torch version:  	2.6.0+cu124
2025-03-05 17:08:21,725 [INFO] >>>> using CPU
2025-03-05 17:08:21,725 [INFO] >>>> using CPU
2025-03-05 17:08:21,769 [INFO] >>>> loading model /mnt/sata4/cellpose_training/output-XETG00195__0041388__TMA00150__20241213__232337/models/dhruv_testing
2025-03-05 17:08:21,856 [INFO] >>>> model diam_mean =  30.000 (ROIs rescaled to this size during training)
2025-03-05 17:08:21,856 [INFO] >>>> model diam_labels =  22.483 (mean diameter of training ROIs)
2025-03-05 17:08:22,988 [INFO] WRITING LOG OUTPUT TO /home/dpatravali/.cellpose/run.log
2025-03-05 17:08:22,988 [INFO] 
cellpose version: 	3.1.1.1 
platform:       	linux 
python version: 	3.10.16 
torch version:  	2.6.0+cu124
2025-03-05 17:08:22,988 [INFO] >>>> using CPU
2025-03-05 17:08:22,988 [INFO] >>>> using CPU
2025-03-05 17:08:23,031 [INFO] >>>> loading model /mnt/sata4/cellpose_training/output-XETG00195__0041388__TMA00150__20241213__232337/models/dhruv_testing
2025-03-05 17:08:23,121 [INFO] >>>> model diam_mean =  30.000 (ROIs rescaled to this size during training)
2025-03-05 17:08:23,121 [INFO] >>>> model diam_labels =  22.483 (mean diameter of training ROIs)
2025-03-05 17:08:24,276 [INFO] WRITING LOG OUTPUT TO /home/dpatravali/.cellpose/run.log
2025-03-05 17:08:24,276 [INFO] 
cellpose version: 	3.1.1.1 
platform:       	linux 
python version: 	3.10.16 
torch version:  	2.6.0+cu124
2025-03-05 17:08:24,276 [INFO] >>>> using CPU
2025-03-05 17:08:24,277 [INFO] >>>> using CPU
2025-03-05 17:08:24,320 [INFO] >>>> loading model /mnt/sata4/cellpose_training/output-XETG00195__0041388__TMA00150__20241213__232337/models/dhruv_testing
2025-03-05 17:08:24,406 [INFO] >>>> model diam_mean =  30.000 (ROIs rescaled to this size during training)
2025-03-05 17:08:24,407 [INFO] >>>> model diam_labels =  22.483 (mean diameter of training ROIs)
2025-03-05 17:08:25,553 [INFO] WRITING LOG OUTPUT TO /home/dpatravali/.cellpose/run.log
2025-03-05 17:08:25,553 [INFO] 
cellpose version: 	3.1.1.1 
platform:       	linux 
python version: 	3.10.16 
torch version:  	2.6.0+cu124
2025-03-05 17:08:25,554 [INFO] >>>> using CPU
2025-03-05 17:08:25,554 [INFO] >>>> using CPU
2025-03-05 17:08:25,597 [INFO] >>>> loading model /mnt/sata4/cellpose_training/output-XETG00195__0041388__TMA00150__20241213__232337/models/dhruv_testing
2025-03-05 17:08:25,689 [INFO] >>>> model diam_mean =  30.000 (ROIs rescaled to this size during training)
2025-03-05 17:08:25,689 [INFO] >>>> model diam_labels =  22.483 (mean diameter of training ROIs)
2025-03-05 17:08:26,812 [INFO] WRITING LOG OUTPUT TO /home/dpatravali/.cellpose/run.log
2025-03-05 17:08:26,812 [INFO] 
cellpose version: 	3.1.1.1 
platform:       	linux 
python version: 	3.10.16 
torch version:  	2.6.0+cu124
2025-03-05 17:08:26,812 [INFO] >>>> using CPU
2025-03-05 17:08:26,812 [INFO] >>>> using CPU
2025-03-05 17:08:26,856 [INFO] >>>> loading model /mnt/sata4/cellpose_training/output-XETG00195__0041388__TMA00150__20241213__232337/models/dhruv_testing
2025-03-05 17:08:26,944 [INFO] >>>> model diam_mean =  30.000 (ROIs rescaled to this size during training)
2025-03-05 17:08:26,944 [INFO] >>>> model diam_labels =  22.483 (mean diameter of training ROIs)
2025-03-05 17:08:28,099 [INFO] WRITING LOG OUTPUT TO /home/dpatravali/.cellpose/run.log
2025-03-05 17:08:28,099 [INFO] 
cellpose version: 	3.1.1.1 
platform:       	linux 
python version: 	3.10.16 
torch version:  	2.6.0+cu124
2025-03-05 17:08:28,099 [INFO] >>>> using CPU
2025-03-05 17:08:28,099 [INFO] >>>> using CPU
2025-03-05 17:08:28,144 [INFO] >>>> loading model /mnt/sata4/cellpose_training/output-XETG00195__0041388__TMA00150__20241213__232337/models/dhruv_testing
2025-03-05 17:08:28,230 [INFO] >>>> model diam_mean =  30.000 (ROIs rescaled to this size during training)
2025-03-05 17:08:28,230 [INFO] >>>> model diam_labels =  22.483 (mean diameter of training ROIs)
2025-03-05 17:08:29,364 [INFO] WRITING LOG OUTPUT TO /home/dpatravali/.cellpose/run.log
2025-03-05 17:08:29,364 [INFO] 
cellpose version: 	3.1.1.1 
platform:       	linux 
python version: 	3.10.16 
torch version:  	2.6.0+cu124
2025-03-05 17:08:29,365 [INFO] >>>> using CPU
2025-03-05 17:08:29,365 [INFO] >>>> using CPU
2025-03-05 17:08:29,408 [INFO] >>>> loading model /mnt/sata4/cellpose_training/output-XETG00195__0041388__TMA00150__20241213__232337/models/dhruv_testing
2025-03-05 17:08:29,498 [INFO] >>>> model diam_mean =  30.000 (ROIs rescaled to this size during training)
2025-03-05 17:08:29,498 [INFO] >>>> model diam_labels =  22.483 (mean diameter of training ROIs)
2025-03-05 17:08:30,638 [INFO] WRITING LOG OUTPUT TO /home/dpatravali/.cellpose/run.log
2025-03-05 17:08:30,638 [INFO] 
cellpose version: 	3.1.1.1 
platform:       	linux 
python version: 	3.10.16 
torch version:  	2.6.0+cu124
2025-03-05 17:08:30,638 [INFO] >>>> using CPU
2025-03-05 17:08:30,638 [INFO] >>>> using CPU
2025-03-05 17:08:30,682 [INFO] >>>> loading model /mnt/sata4/cellpose_training/output-XETG00195__0041388__TMA00150__20241213__232337/models/dhruv_testing
2025-03-05 17:08:30,770 [INFO] >>>> model diam_mean =  30.000 (ROIs rescaled to this size during training)
2025-03-05 17:08:30,770 [INFO] >>>> model diam_labels =  22.483 (mean diameter of training ROIs)
2025-03-05 17:08:31,922 [INFO] WRITING LOG OUTPUT TO /home/dpatravali/.cellpose/run.log
2025-03-05 17:08:31,922 [INFO] 
cellpose version: 	3.1.1.1 
platform:       	linux 
python version: 	3.10.16 
torch version:  	2.6.0+cu124
2025-03-05 17:08:31,922 [INFO] >>>> using CPU
2025-03-05 17:08:31,922 [INFO] >>>> using CPU
2025-03-05 17:08:31,966 [INFO] >>>> loading model /mnt/sata4/cellpose_training/output-XETG00195__0041388__TMA00150__20241213__232337/models/dhruv_testing
2025-03-05 17:08:32,053 [INFO] >>>> model diam_mean =  30.000 (ROIs rescaled to this size during training)
2025-03-05 17:08:32,053 [INFO] >>>> model diam_labels =  22.483 (mean diameter of training ROIs)
2025-03-05 17:08:33,164 [INFO] WRITING LOG OUTPUT TO /home/dpatravali/.cellpose/run.log
2025-03-05 17:08:33,164 [INFO] 
cellpose version: 	3.1.1.1 
platform:       	linux 
python version: 	3.10.16 
torch version:  	2.6.0+cu124
2025-03-05 17:08:33,165 [INFO] >>>> using CPU
2025-03-05 17:08:33,165 [INFO] >>>> using CPU
2025-03-05 17:08:33,208 [INFO] >>>> loading model /mnt/sata4/cellpose_training/output-XETG00195__0041388__TMA00150__20241213__232337/models/dhruv_testing
2025-03-05 17:08:33,297 [INFO] >>>> model diam_mean =  30.000 (ROIs rescaled to this size during training)
2025-03-05 17:08:33,297 [INFO] >>>> model diam_labels =  22.483 (mean diameter of training ROIs)
2025-03-05 17:08:34,445 [INFO] WRITING LOG OUTPUT TO /home/dpatravali/.cellpose/run.log
2025-03-05 17:08:34,445 [INFO] 
cellpose version: 	3.1.1.1 
platform:       	linux 
python version: 	3.10.16 
torch version:  	2.6.0+cu124
2025-03-05 17:08:34,445 [INFO] >>>> using CPU
2025-03-05 17:08:34,446 [INFO] >>>> using CPU
2025-03-05 17:08:34,489 [INFO] >>>> loading model /mnt/sata4/cellpose_training/output-XETG00195__0041388__TMA00150__20241213__232337/models/dhruv_testing
2025-03-05 17:08:34,578 [INFO] >>>> model diam_mean =  30.000 (ROIs rescaled to this size during training)
2025-03-05 17:08:34,578 [INFO] >>>> model diam_labels =  22.483 (mean diameter of training ROIs)
2025-03-05 17:08:35,807 [INFO] WRITING LOG OUTPUT TO /home/dpatravali/.cellpose/run.log
2025-03-05 17:08:35,807 [INFO] 
cellpose version: 	3.1.1.1 
platform:       	linux 
python version: 	3.10.16 
torch version:  	2.6.0+cu124
2025-03-05 17:08:35,808 [INFO] >>>> using CPU
2025-03-05 17:08:35,808 [INFO] >>>> using CPU
2025-03-05 17:08:35,852 [INFO] >>>> loading model /mnt/sata4/cellpose_training/output-XETG00195__0041388__TMA00150__20241213__232337/models/dhruv_testing
2025-03-05 17:08:35,940 [INFO] >>>> model diam_mean =  30.000 (ROIs rescaled to this size during training)
2025-03-05 17:08:35,940 [INFO] >>>> model diam_labels =  22.483 (mean diameter of training ROIs)
2025-03-05 17:08:37,264 [INFO] WRITING LOG OUTPUT TO /home/dpatravali/.cellpose/run.log
2025-03-05 17:08:37,264 [INFO] 
cellpose version: 	3.1.1.1 
platform:       	linux 
python version: 	3.10.16 
torch version:  	2.6.0+cu124
2025-03-05 17:08:37,264 [INFO] >>>> using CPU
2025-03-05 17:08:37,265 [INFO] >>>> using CPU
2025-03-05 17:08:37,309 [INFO] >>>> loading model /mnt/sata4/cellpose_training/output-XETG00195__0041388__TMA00150__20241213__232337/models/dhruv_testing
2025-03-05 17:08:37,397 [INFO] >>>> model diam_mean =  30.000 (ROIs rescaled to this size during training)
2025-03-05 17:08:37,397 [INFO] >>>> model diam_labels =  22.483 (mean diameter of training ROIs)
2025-03-05 17:08:38,530 [INFO] WRITING LOG OUTPUT TO /home/dpatravali/.cellpose/run.log
2025-03-05 17:08:38,530 [INFO] 
cellpose version: 	3.1.1.1 
platform:       	linux 
python version: 	3.10.16 
torch version:  	2.6.0+cu124
2025-03-05 17:08:38,530 [INFO] >>>> using CPU
2025-03-05 17:08:38,530 [INFO] >>>> using CPU
2025-03-05 17:08:38,574 [INFO] >>>> loading model /mnt/sata4/cellpose_training/output-XETG00195__0041388__TMA00150__20241213__232337/models/dhruv_testing
2025-03-05 17:08:38,662 [INFO] >>>> model diam_mean =  30.000 (ROIs rescaled to this size during training)
2025-03-05 17:08:38,662 [INFO] >>>> model diam_labels =  22.483 (mean diameter of training ROIs)
2025-03-05 17:08:39,787 [INFO] WRITING LOG OUTPUT TO /home/dpatravali/.cellpose/run.log
2025-03-05 17:08:39,788 [INFO] 
cellpose version: 	3.1.1.1 
platform:       	linux 
python version: 	3.10.16 
torch version:  	2.6.0+cu124
2025-03-05 17:08:39,788 [INFO] >>>> using CPU
2025-03-05 17:08:39,788 [INFO] >>>> using CPU
2025-03-05 17:08:39,831 [INFO] >>>> loading model /mnt/sata4/cellpose_training/output-XETG00195__0041388__TMA00150__20241213__232337/models/dhruv_testing
2025-03-05 17:08:39,920 [INFO] >>>> model diam_mean =  30.000 (ROIs rescaled to this size during training)
2025-03-05 17:08:39,921 [INFO] >>>> model diam_labels =  22.483 (mean diameter of training ROIs)
2025-03-05 17:08:41,019 [INFO] WRITING LOG OUTPUT TO /home/dpatravali/.cellpose/run.log
2025-03-05 17:08:41,019 [INFO] 
cellpose version: 	3.1.1.1 
platform:       	linux 
python version: 	3.10.16 
torch version:  	2.6.0+cu124
2025-03-05 17:08:41,019 [INFO] >>>> using CPU
2025-03-05 17:08:41,019 [INFO] >>>> using CPU
2025-03-05 17:08:41,063 [INFO] >>>> loading model /mnt/sata4/cellpose_training/output-XETG00195__0041388__TMA00150__20241213__232337/models/dhruv_testing
2025-03-05 17:08:41,154 [INFO] >>>> model diam_mean =  30.000 (ROIs rescaled to this size during training)
2025-03-05 17:08:41,155 [INFO] >>>> model diam_labels =  22.483 (mean diameter of training ROIs)
2025-03-05 17:08:42,264 [INFO] WRITING LOG OUTPUT TO /home/dpatravali/.cellpose/run.log
2025-03-05 17:08:42,264 [INFO] 
cellpose version: 	3.1.1.1 
platform:       	linux 
python version: 	3.10.16 
torch version:  	2.6.0+cu124
2025-03-05 17:08:42,264 [INFO] >>>> using CPU
2025-03-05 17:08:42,264 [INFO] >>>> using CPU
2025-03-05 17:08:42,308 [INFO] >>>> loading model /mnt/sata4/cellpose_training/output-XETG00195__0041388__TMA00150__20241213__232337/models/dhruv_testing
2025-03-05 17:08:42,396 [INFO] >>>> model diam_mean =  30.000 (ROIs rescaled to this size during training)
2025-03-05 17:08:42,396 [INFO] >>>> model diam_labels =  22.483 (mean diameter of training ROIs)
2025-03-05 17:08:43,490 [INFO] WRITING LOG OUTPUT TO /home/dpatravali/.cellpose/run.log
2025-03-05 17:08:43,490 [INFO] 
cellpose version: 	3.1.1.1 
platform:       	linux 
python version: 	3.10.16 
torch version:  	2.6.0+cu124
2025-03-05 17:08:43,490 [INFO] >>>> using CPU
2025-03-05 17:08:43,490 [INFO] >>>> using CPU
2025-03-05 17:08:43,533 [INFO] >>>> loading model /mnt/sata4/cellpose_training/output-XETG00195__0041388__TMA00150__20241213__232337/models/dhruv_testing
2025-03-05 17:08:43,623 [INFO] >>>> model diam_mean =  30.000 (ROIs rescaled to this size during training)
2025-03-05 17:08:43,623 [INFO] >>>> model diam_labels =  22.483 (mean diameter of training ROIs)
2025-03-05 17:08:44,734 [INFO] WRITING LOG OUTPUT TO /home/dpatravali/.cellpose/run.log
2025-03-05 17:08:44,734 [INFO] 
cellpose version: 	3.1.1.1 
platform:       	linux 
python version: 	3.10.16 
torch version:  	2.6.0+cu124
2025-03-05 17:08:44,734 [INFO] >>>> using CPU
2025-03-05 17:08:44,734 [INFO] >>>> using CPU
2025-03-05 17:08:44,778 [INFO] >>>> loading model /mnt/sata4/cellpose_training/output-XETG00195__0041388__TMA00150__20241213__232337/models/dhruv_testing
2025-03-05 17:08:44,867 [INFO] >>>> model diam_mean =  30.000 (ROIs rescaled to this size during training)
2025-03-05 17:08:44,867 [INFO] >>>> model diam_labels =  22.483 (mean diameter of training ROIs)
