2025-03-06 09:59:38,050 [INFO] WRITING LOG OUTPUT TO /home/dpatravali/.cellpose/run.log
2025-03-06 09:59:38,051 [INFO] 
cellpose version: 	3.1.1.1 
platform:       	linux 
python version: 	3.10.16 
torch version:  	2.6.0+cu124
2025-03-06 09:59:38,051 [INFO] >>>> using CPU
2025-03-06 09:59:38,052 [INFO] >>>> using CPU
2025-03-06 09:59:38,112 [INFO] >>>> loading model /mnt/sata4/cellpose_training/output-XETG00195__0041388__TMA00150__20241213__232337/models/dhruv_testing
2025-03-06 09:59:38,197 [INFO] >>>> model diam_mean =  30.000 (ROIs rescaled to this size during training)
2025-03-06 09:59:38,197 [INFO] >>>> model diam_labels =  22.483 (mean diameter of training ROIs)
2025-03-06 09:59:39,445 [INFO] WRITING LOG OUTPUT TO /home/dpatravali/.cellpose/run.log
2025-03-06 09:59:39,445 [INFO] 
cellpose version: 	3.1.1.1 
platform:       	linux 
python version: 	3.10.16 
torch version:  	2.6.0+cu124
2025-03-06 09:59:39,445 [INFO] >>>> using CPU
2025-03-06 09:59:39,445 [INFO] >>>> using CPU
2025-03-06 09:59:39,490 [INFO] >>>> loading model /mnt/sata4/cellpose_training/output-XETG00195__0041388__TMA00150__20241213__232337/models/dhruv_testing
2025-03-06 09:59:39,581 [INFO] >>>> model diam_mean =  30.000 (ROIs rescaled to this size during training)
2025-03-06 09:59:39,581 [INFO] >>>> model diam_labels =  22.483 (mean diameter of training ROIs)
2025-03-06 09:59:40,730 [INFO] WRITING LOG OUTPUT TO /home/dpatravali/.cellpose/run.log
2025-03-06 09:59:40,730 [INFO] 
cellpose version: 	3.1.1.1 
platform:       	linux 
python version: 	3.10.16 
torch version:  	2.6.0+cu124
2025-03-06 09:59:40,730 [INFO] >>>> using CPU
2025-03-06 09:59:40,730 [INFO] >>>> using CPU
2025-03-06 09:59:40,775 [INFO] >>>> loading model /mnt/sata4/cellpose_training/output-XETG00195__0041388__TMA00150__20241213__232337/models/dhruv_testing
2025-03-06 09:59:40,860 [INFO] >>>> model diam_mean =  30.000 (ROIs rescaled to this size during training)
2025-03-06 09:59:40,860 [INFO] >>>> model diam_labels =  22.483 (mean diameter of training ROIs)
2025-03-06 09:59:42,015 [INFO] WRITING LOG OUTPUT TO /home/dpatravali/.cellpose/run.log
2025-03-06 09:59:42,016 [INFO] 
cellpose version: 	3.1.1.1 
platform:       	linux 
python version: 	3.10.16 
torch version:  	2.6.0+cu124
2025-03-06 09:59:42,016 [INFO] >>>> using CPU
2025-03-06 09:59:42,016 [INFO] >>>> using CPU
2025-03-06 09:59:42,060 [INFO] >>>> loading model /mnt/sata4/cellpose_training/output-XETG00195__0041388__TMA00150__20241213__232337/models/dhruv_testing
2025-03-06 09:59:42,150 [INFO] >>>> model diam_mean =  30.000 (ROIs rescaled to this size during training)
2025-03-06 09:59:42,150 [INFO] >>>> model diam_labels =  22.483 (mean diameter of training ROIs)
2025-03-06 09:59:43,297 [INFO] WRITING LOG OUTPUT TO /home/dpatravali/.cellpose/run.log
2025-03-06 09:59:43,297 [INFO] 
cellpose version: 	3.1.1.1 
platform:       	linux 
python version: 	3.10.16 
torch version:  	2.6.0+cu124
2025-03-06 09:59:43,297 [INFO] >>>> using CPU
2025-03-06 09:59:43,297 [INFO] >>>> using CPU
2025-03-06 09:59:43,342 [INFO] >>>> loading model /mnt/sata4/cellpose_training/output-XETG00195__0041388__TMA00150__20241213__232337/models/dhruv_testing
2025-03-06 09:59:43,429 [INFO] >>>> model diam_mean =  30.000 (ROIs rescaled to this size during training)
2025-03-06 09:59:43,429 [INFO] >>>> model diam_labels =  22.483 (mean diameter of training ROIs)
2025-03-06 09:59:44,579 [INFO] WRITING LOG OUTPUT TO /home/dpatravali/.cellpose/run.log
2025-03-06 09:59:44,580 [INFO] 
cellpose version: 	3.1.1.1 
platform:       	linux 
python version: 	3.10.16 
torch version:  	2.6.0+cu124
2025-03-06 09:59:44,580 [INFO] >>>> using CPU
2025-03-06 09:59:44,580 [INFO] >>>> using CPU
2025-03-06 09:59:44,625 [INFO] >>>> loading model /mnt/sata4/cellpose_training/output-XETG00195__0041388__TMA00150__20241213__232337/models/dhruv_testing
2025-03-06 09:59:44,713 [INFO] >>>> model diam_mean =  30.000 (ROIs rescaled to this size during training)
2025-03-06 09:59:44,713 [INFO] >>>> model diam_labels =  22.483 (mean diameter of training ROIs)
2025-03-06 09:59:45,857 [INFO] WRITING LOG OUTPUT TO /home/dpatravali/.cellpose/run.log
2025-03-06 09:59:45,857 [INFO] 
cellpose version: 	3.1.1.1 
platform:       	linux 
python version: 	3.10.16 
torch version:  	2.6.0+cu124
2025-03-06 09:59:45,857 [INFO] >>>> using CPU
2025-03-06 09:59:45,857 [INFO] >>>> using CPU
2025-03-06 09:59:45,903 [INFO] >>>> loading model /mnt/sata4/cellpose_training/output-XETG00195__0041388__TMA00150__20241213__232337/models/dhruv_testing
2025-03-06 09:59:45,995 [INFO] >>>> model diam_mean =  30.000 (ROIs rescaled to this size during training)
2025-03-06 09:59:45,995 [INFO] >>>> model diam_labels =  22.483 (mean diameter of training ROIs)
2025-03-06 09:59:47,173 [INFO] WRITING LOG OUTPUT TO /home/dpatravali/.cellpose/run.log
2025-03-06 09:59:47,173 [INFO] 
cellpose version: 	3.1.1.1 
platform:       	linux 
python version: 	3.10.16 
torch version:  	2.6.0+cu124
2025-03-06 09:59:47,173 [INFO] >>>> using CPU
2025-03-06 09:59:47,173 [INFO] >>>> using CPU
2025-03-06 09:59:47,217 [INFO] >>>> loading model /mnt/sata4/cellpose_training/output-XETG00195__0041388__TMA00150__20241213__232337/models/dhruv_testing
2025-03-06 09:59:47,305 [INFO] >>>> model diam_mean =  30.000 (ROIs rescaled to this size during training)
2025-03-06 09:59:47,305 [INFO] >>>> model diam_labels =  22.483 (mean diameter of training ROIs)
2025-03-06 09:59:48,444 [INFO] WRITING LOG OUTPUT TO /home/dpatravali/.cellpose/run.log
2025-03-06 09:59:48,444 [INFO] 
cellpose version: 	3.1.1.1 
platform:       	linux 
python version: 	3.10.16 
torch version:  	2.6.0+cu124
2025-03-06 09:59:48,445 [INFO] >>>> using CPU
2025-03-06 09:59:48,445 [INFO] >>>> using CPU
2025-03-06 09:59:48,488 [INFO] >>>> loading model /mnt/sata4/cellpose_training/output-XETG00195__0041388__TMA00150__20241213__232337/models/dhruv_testing
2025-03-06 09:59:48,577 [INFO] >>>> model diam_mean =  30.000 (ROIs rescaled to this size during training)
2025-03-06 09:59:48,577 [INFO] >>>> model diam_labels =  22.483 (mean diameter of training ROIs)
2025-03-06 09:59:49,728 [INFO] WRITING LOG OUTPUT TO /home/dpatravali/.cellpose/run.log
2025-03-06 09:59:49,728 [INFO] 
cellpose version: 	3.1.1.1 
platform:       	linux 
python version: 	3.10.16 
torch version:  	2.6.0+cu124
2025-03-06 09:59:49,728 [INFO] >>>> using CPU
2025-03-06 09:59:49,728 [INFO] >>>> using CPU
2025-03-06 09:59:49,772 [INFO] >>>> loading model /mnt/sata4/cellpose_training/output-XETG00195__0041388__TMA00150__20241213__232337/models/dhruv_testing
2025-03-06 09:59:49,861 [INFO] >>>> model diam_mean =  30.000 (ROIs rescaled to this size during training)
2025-03-06 09:59:49,861 [INFO] >>>> model diam_labels =  22.483 (mean diameter of training ROIs)
2025-03-06 09:59:51,036 [INFO] WRITING LOG OUTPUT TO /home/dpatravali/.cellpose/run.log
2025-03-06 09:59:51,036 [INFO] 
cellpose version: 	3.1.1.1 
platform:       	linux 
python version: 	3.10.16 
torch version:  	2.6.0+cu124
2025-03-06 09:59:51,036 [INFO] >>>> using CPU
2025-03-06 09:59:51,036 [INFO] >>>> using CPU
2025-03-06 09:59:51,081 [INFO] >>>> loading model /mnt/sata4/cellpose_training/output-XETG00195__0041388__TMA00150__20241213__232337/models/dhruv_testing
2025-03-06 09:59:51,173 [INFO] >>>> model diam_mean =  30.000 (ROIs rescaled to this size during training)
2025-03-06 09:59:51,173 [INFO] >>>> model diam_labels =  22.483 (mean diameter of training ROIs)
2025-03-06 09:59:52,339 [INFO] WRITING LOG OUTPUT TO /home/dpatravali/.cellpose/run.log
2025-03-06 09:59:52,339 [INFO] 
cellpose version: 	3.1.1.1 
platform:       	linux 
python version: 	3.10.16 
torch version:  	2.6.0+cu124
2025-03-06 09:59:52,339 [INFO] >>>> using CPU
2025-03-06 09:59:52,339 [INFO] >>>> using CPU
2025-03-06 09:59:52,384 [INFO] >>>> loading model /mnt/sata4/cellpose_training/output-XETG00195__0041388__TMA00150__20241213__232337/models/dhruv_testing
2025-03-06 09:59:52,587 [INFO] >>>> model diam_mean =  30.000 (ROIs rescaled to this size during training)
2025-03-06 09:59:52,587 [INFO] >>>> model diam_labels =  22.483 (mean diameter of training ROIs)
2025-03-06 09:59:53,758 [INFO] WRITING LOG OUTPUT TO /home/dpatravali/.cellpose/run.log
2025-03-06 09:59:53,758 [INFO] 
cellpose version: 	3.1.1.1 
platform:       	linux 
python version: 	3.10.16 
torch version:  	2.6.0+cu124
2025-03-06 09:59:53,758 [INFO] >>>> using CPU
2025-03-06 09:59:53,758 [INFO] >>>> using CPU
2025-03-06 09:59:53,802 [INFO] >>>> loading model /mnt/sata4/cellpose_training/output-XETG00195__0041388__TMA00150__20241213__232337/models/dhruv_testing
2025-03-06 09:59:53,889 [INFO] >>>> model diam_mean =  30.000 (ROIs rescaled to this size during training)
2025-03-06 09:59:53,889 [INFO] >>>> model diam_labels =  22.483 (mean diameter of training ROIs)
2025-03-06 09:59:55,042 [INFO] WRITING LOG OUTPUT TO /home/dpatravali/.cellpose/run.log
2025-03-06 09:59:55,043 [INFO] 
cellpose version: 	3.1.1.1 
platform:       	linux 
python version: 	3.10.16 
torch version:  	2.6.0+cu124
2025-03-06 09:59:55,043 [INFO] >>>> using CPU
2025-03-06 09:59:55,043 [INFO] >>>> using CPU
2025-03-06 09:59:55,086 [INFO] >>>> loading model /mnt/sata4/cellpose_training/output-XETG00195__0041388__TMA00150__20241213__232337/models/dhruv_testing
2025-03-06 09:59:55,172 [INFO] >>>> model diam_mean =  30.000 (ROIs rescaled to this size during training)
2025-03-06 09:59:55,172 [INFO] >>>> model diam_labels =  22.483 (mean diameter of training ROIs)
2025-03-06 09:59:56,294 [INFO] WRITING LOG OUTPUT TO /home/dpatravali/.cellpose/run.log
2025-03-06 09:59:56,294 [INFO] 
cellpose version: 	3.1.1.1 
platform:       	linux 
python version: 	3.10.16 
torch version:  	2.6.0+cu124
2025-03-06 09:59:56,294 [INFO] >>>> using CPU
2025-03-06 09:59:56,294 [INFO] >>>> using CPU
2025-03-06 09:59:56,338 [INFO] >>>> loading model /mnt/sata4/cellpose_training/output-XETG00195__0041388__TMA00150__20241213__232337/models/dhruv_testing
2025-03-06 09:59:56,428 [INFO] >>>> model diam_mean =  30.000 (ROIs rescaled to this size during training)
2025-03-06 09:59:56,428 [INFO] >>>> model diam_labels =  22.483 (mean diameter of training ROIs)
2025-03-06 09:59:57,533 [INFO] WRITING LOG OUTPUT TO /home/dpatravali/.cellpose/run.log
2025-03-06 09:59:57,533 [INFO] 
cellpose version: 	3.1.1.1 
platform:       	linux 
python version: 	3.10.16 
torch version:  	2.6.0+cu124
2025-03-06 09:59:57,533 [INFO] >>>> using CPU
2025-03-06 09:59:57,534 [INFO] >>>> using CPU
2025-03-06 09:59:57,578 [INFO] >>>> loading model /mnt/sata4/cellpose_training/output-XETG00195__0041388__TMA00150__20241213__232337/models/dhruv_testing
2025-03-06 09:59:57,667 [INFO] >>>> model diam_mean =  30.000 (ROIs rescaled to this size during training)
2025-03-06 09:59:57,667 [INFO] >>>> model diam_labels =  22.483 (mean diameter of training ROIs)
2025-03-06 09:59:58,722 [INFO] WRITING LOG OUTPUT TO /home/dpatravali/.cellpose/run.log
2025-03-06 09:59:58,722 [INFO] 
cellpose version: 	3.1.1.1 
platform:       	linux 
python version: 	3.10.16 
torch version:  	2.6.0+cu124
2025-03-06 09:59:58,722 [INFO] >>>> using CPU
2025-03-06 09:59:58,722 [INFO] >>>> using CPU
2025-03-06 09:59:58,767 [INFO] >>>> loading model /mnt/sata4/cellpose_training/output-XETG00195__0041388__TMA00150__20241213__232337/models/dhruv_testing
2025-03-06 09:59:58,857 [INFO] >>>> model diam_mean =  30.000 (ROIs rescaled to this size during training)
2025-03-06 09:59:58,857 [INFO] >>>> model diam_labels =  22.483 (mean diameter of training ROIs)
2025-03-06 09:59:59,952 [INFO] WRITING LOG OUTPUT TO /home/dpatravali/.cellpose/run.log
2025-03-06 09:59:59,953 [INFO] 
cellpose version: 	3.1.1.1 
platform:       	linux 
python version: 	3.10.16 
torch version:  	2.6.0+cu124
2025-03-06 09:59:59,953 [INFO] >>>> using CPU
2025-03-06 09:59:59,953 [INFO] >>>> using CPU
2025-03-06 09:59:59,997 [INFO] >>>> loading model /mnt/sata4/cellpose_training/output-XETG00195__0041388__TMA00150__20241213__232337/models/dhruv_testing
2025-03-06 10:00:00,086 [INFO] >>>> model diam_mean =  30.000 (ROIs rescaled to this size during training)
2025-03-06 10:00:00,086 [INFO] >>>> model diam_labels =  22.483 (mean diameter of training ROIs)
2025-03-06 10:00:01,238 [INFO] WRITING LOG OUTPUT TO /home/dpatravali/.cellpose/run.log
2025-03-06 10:00:01,238 [INFO] 
cellpose version: 	3.1.1.1 
platform:       	linux 
python version: 	3.10.16 
torch version:  	2.6.0+cu124
2025-03-06 10:00:01,238 [INFO] >>>> using CPU
2025-03-06 10:00:01,238 [INFO] >>>> using CPU
2025-03-06 10:00:01,283 [INFO] >>>> loading model /mnt/sata4/cellpose_training/output-XETG00195__0041388__TMA00150__20241213__232337/models/dhruv_testing
2025-03-06 10:00:01,373 [INFO] >>>> model diam_mean =  30.000 (ROIs rescaled to this size during training)
2025-03-06 10:00:01,373 [INFO] >>>> model diam_labels =  22.483 (mean diameter of training ROIs)
2025-03-06 10:00:02,541 [INFO] WRITING LOG OUTPUT TO /home/dpatravali/.cellpose/run.log
2025-03-06 10:00:02,541 [INFO] 
cellpose version: 	3.1.1.1 
platform:       	linux 
python version: 	3.10.16 
torch version:  	2.6.0+cu124
2025-03-06 10:00:02,542 [INFO] >>>> using CPU
2025-03-06 10:00:02,542 [INFO] >>>> using CPU
2025-03-06 10:00:02,585 [INFO] >>>> loading model /mnt/sata4/cellpose_training/output-XETG00195__0041388__TMA00150__20241213__232337/models/dhruv_testing
2025-03-06 10:00:02,670 [INFO] >>>> model diam_mean =  30.000 (ROIs rescaled to this size during training)
2025-03-06 10:00:02,670 [INFO] >>>> model diam_labels =  22.483 (mean diameter of training ROIs)
2025-03-06 10:00:03,784 [INFO] WRITING LOG OUTPUT TO /home/dpatravali/.cellpose/run.log
2025-03-06 10:00:03,784 [INFO] 
cellpose version: 	3.1.1.1 
platform:       	linux 
python version: 	3.10.16 
torch version:  	2.6.0+cu124
2025-03-06 10:00:03,784 [INFO] >>>> using CPU
2025-03-06 10:00:03,784 [INFO] >>>> using CPU
2025-03-06 10:00:03,827 [INFO] >>>> loading model /mnt/sata4/cellpose_training/output-XETG00195__0041388__TMA00150__20241213__232337/models/dhruv_testing
2025-03-06 10:00:03,918 [INFO] >>>> model diam_mean =  30.000 (ROIs rescaled to this size during training)
2025-03-06 10:00:03,918 [INFO] >>>> model diam_labels =  22.483 (mean diameter of training ROIs)
2025-03-06 10:00:05,011 [INFO] WRITING LOG OUTPUT TO /home/dpatravali/.cellpose/run.log
2025-03-06 10:00:05,011 [INFO] 
cellpose version: 	3.1.1.1 
platform:       	linux 
python version: 	3.10.16 
torch version:  	2.6.0+cu124
2025-03-06 10:00:05,011 [INFO] >>>> using CPU
2025-03-06 10:00:05,011 [INFO] >>>> using CPU
2025-03-06 10:00:05,055 [INFO] >>>> loading model /mnt/sata4/cellpose_training/output-XETG00195__0041388__TMA00150__20241213__232337/models/dhruv_testing
2025-03-06 10:00:05,145 [INFO] >>>> model diam_mean =  30.000 (ROIs rescaled to this size during training)
2025-03-06 10:00:05,145 [INFO] >>>> model diam_labels =  22.483 (mean diameter of training ROIs)
2025-03-06 10:00:06,245 [INFO] WRITING LOG OUTPUT TO /home/dpatravali/.cellpose/run.log
2025-03-06 10:00:06,245 [INFO] 
cellpose version: 	3.1.1.1 
platform:       	linux 
python version: 	3.10.16 
torch version:  	2.6.0+cu124
2025-03-06 10:00:06,246 [INFO] >>>> using CPU
2025-03-06 10:00:06,246 [INFO] >>>> using CPU
2025-03-06 10:00:06,289 [INFO] >>>> loading model /mnt/sata4/cellpose_training/output-XETG00195__0041388__TMA00150__20241213__232337/models/dhruv_testing
2025-03-06 10:00:06,378 [INFO] >>>> model diam_mean =  30.000 (ROIs rescaled to this size during training)
2025-03-06 10:00:06,378 [INFO] >>>> model diam_labels =  22.483 (mean diameter of training ROIs)
2025-03-06 10:00:07,547 [INFO] WRITING LOG OUTPUT TO /home/dpatravali/.cellpose/run.log
2025-03-06 10:00:07,547 [INFO] 
cellpose version: 	3.1.1.1 
platform:       	linux 
python version: 	3.10.16 
torch version:  	2.6.0+cu124
2025-03-06 10:00:07,547 [INFO] >>>> using CPU
2025-03-06 10:00:07,547 [INFO] >>>> using CPU
2025-03-06 10:00:07,592 [INFO] >>>> loading model /mnt/sata4/cellpose_training/output-XETG00195__0041388__TMA00150__20241213__232337/models/dhruv_testing
2025-03-06 10:00:07,675 [INFO] >>>> model diam_mean =  30.000 (ROIs rescaled to this size during training)
2025-03-06 10:00:07,676 [INFO] >>>> model diam_labels =  22.483 (mean diameter of training ROIs)
2025-03-06 10:00:08,796 [INFO] WRITING LOG OUTPUT TO /home/dpatravali/.cellpose/run.log
2025-03-06 10:00:08,796 [INFO] 
cellpose version: 	3.1.1.1 
platform:       	linux 
python version: 	3.10.16 
torch version:  	2.6.0+cu124
2025-03-06 10:00:08,796 [INFO] >>>> using CPU
2025-03-06 10:00:08,796 [INFO] >>>> using CPU
2025-03-06 10:00:08,840 [INFO] >>>> loading model /mnt/sata4/cellpose_training/output-XETG00195__0041388__TMA00150__20241213__232337/models/dhruv_testing
2025-03-06 10:00:08,928 [INFO] >>>> model diam_mean =  30.000 (ROIs rescaled to this size during training)
2025-03-06 10:00:08,928 [INFO] >>>> model diam_labels =  22.483 (mean diameter of training ROIs)
