2025-02-28 13:33:52,074 [INFO] WRITING LOG OUTPUT TO /home/dpatravali/.cellpose/run.log
2025-02-28 13:33:52,074 [INFO] 
cellpose version: 	3.1.1.1 
platform:       	linux 
python version: 	3.10.16 
torch version:  	2.6.0+cu124
2025-02-28 13:33:52,074 [INFO] >>>> using CPU
2025-02-28 13:33:52,074 [INFO] >>>> using CPU
2025-02-28 13:33:52,152 [INFO] >>>> loading model /mnt/sata4/cellpose_training/output-XETG00195__0041388__TMA00150__20241213__232337/models/dhruv_testing
2025-02-28 13:33:52,235 [INFO] >>>> model diam_mean =  30.000 (ROIs rescaled to this size during training)
2025-02-28 13:33:52,235 [INFO] >>>> model diam_labels =  22.483 (mean diameter of training ROIs)
2025-02-28 13:34:14,227 [INFO] No cell pixels found.
2025-02-28 13:34:14,573 [INFO] WRITING LOG OUTPUT TO /home/dpatravali/.cellpose/run.log
2025-02-28 13:34:14,573 [INFO] 
cellpose version: 	3.1.1.1 
platform:       	linux 
python version: 	3.10.16 
torch version:  	2.6.0+cu124
2025-02-28 13:34:14,573 [INFO] >>>> using CPU
2025-02-28 13:34:14,573 [INFO] >>>> using CPU
2025-02-28 13:34:14,612 [INFO] >>>> loading model /mnt/sata4/cellpose_training/output-XETG00195__0041388__TMA00150__20241213__232337/models/dhruv_testing
2025-02-28 13:34:14,692 [INFO] >>>> model diam_mean =  30.000 (ROIs rescaled to this size during training)
2025-02-28 13:34:14,692 [INFO] >>>> model diam_labels =  22.483 (mean diameter of training ROIs)
2025-02-28 13:34:37,301 [INFO] No cell pixels found.
2025-02-28 13:34:37,625 [INFO] WRITING LOG OUTPUT TO /home/dpatravali/.cellpose/run.log
2025-02-28 13:34:37,625 [INFO] 
cellpose version: 	3.1.1.1 
platform:       	linux 
python version: 	3.10.16 
torch version:  	2.6.0+cu124
2025-02-28 13:34:37,625 [INFO] >>>> using CPU
2025-02-28 13:34:37,625 [INFO] >>>> using CPU
2025-02-28 13:34:37,666 [INFO] >>>> loading model /mnt/sata4/cellpose_training/output-XETG00195__0041388__TMA00150__20241213__232337/models/dhruv_testing
2025-02-28 13:34:37,748 [INFO] >>>> model diam_mean =  30.000 (ROIs rescaled to this size during training)
2025-02-28 13:34:37,748 [INFO] >>>> model diam_labels =  22.483 (mean diameter of training ROIs)
2025-02-28 13:35:00,986 [INFO] No cell pixels found.
2025-02-28 13:35:01,315 [INFO] WRITING LOG OUTPUT TO /home/dpatravali/.cellpose/run.log
2025-02-28 13:35:01,315 [INFO] 
cellpose version: 	3.1.1.1 
platform:       	linux 
python version: 	3.10.16 
torch version:  	2.6.0+cu124
2025-02-28 13:35:01,315 [INFO] >>>> using CPU
2025-02-28 13:35:01,315 [INFO] >>>> using CPU
2025-02-28 13:35:01,356 [INFO] >>>> loading model /mnt/sata4/cellpose_training/output-XETG00195__0041388__TMA00150__20241213__232337/models/dhruv_testing
2025-02-28 13:35:01,438 [INFO] >>>> model diam_mean =  30.000 (ROIs rescaled to this size during training)
2025-02-28 13:35:01,438 [INFO] >>>> model diam_labels =  22.483 (mean diameter of training ROIs)
2025-02-28 13:35:25,542 [INFO] No cell pixels found.
2025-02-28 13:35:25,874 [INFO] WRITING LOG OUTPUT TO /home/dpatravali/.cellpose/run.log
2025-02-28 13:35:25,875 [INFO] 
cellpose version: 	3.1.1.1 
platform:       	linux 
python version: 	3.10.16 
torch version:  	2.6.0+cu124
2025-02-28 13:35:25,875 [INFO] >>>> using CPU
2025-02-28 13:35:25,875 [INFO] >>>> using CPU
2025-02-28 13:35:25,914 [INFO] >>>> loading model /mnt/sata4/cellpose_training/output-XETG00195__0041388__TMA00150__20241213__232337/models/dhruv_testing
2025-02-28 13:35:25,996 [INFO] >>>> model diam_mean =  30.000 (ROIs rescaled to this size during training)
2025-02-28 13:35:25,996 [INFO] >>>> model diam_labels =  22.483 (mean diameter of training ROIs)
2025-02-28 13:35:49,822 [INFO] No cell pixels found.
2025-02-28 13:35:50,153 [INFO] WRITING LOG OUTPUT TO /home/dpatravali/.cellpose/run.log
2025-02-28 13:35:50,153 [INFO] 
cellpose version: 	3.1.1.1 
platform:       	linux 
python version: 	3.10.16 
torch version:  	2.6.0+cu124
2025-02-28 13:35:50,153 [INFO] >>>> using CPU
2025-02-28 13:35:50,153 [INFO] >>>> using CPU
2025-02-28 13:35:50,192 [INFO] >>>> loading model /mnt/sata4/cellpose_training/output-XETG00195__0041388__TMA00150__20241213__232337/models/dhruv_testing
2025-02-28 13:35:50,273 [INFO] >>>> model diam_mean =  30.000 (ROIs rescaled to this size during training)
2025-02-28 13:35:50,273 [INFO] >>>> model diam_labels =  22.483 (mean diameter of training ROIs)
2025-02-28 13:36:13,428 [INFO] No cell pixels found.
2025-02-28 13:36:13,759 [INFO] WRITING LOG OUTPUT TO /home/dpatravali/.cellpose/run.log
2025-02-28 13:36:13,759 [INFO] 
cellpose version: 	3.1.1.1 
platform:       	linux 
python version: 	3.10.16 
torch version:  	2.6.0+cu124
2025-02-28 13:36:13,759 [INFO] >>>> using CPU
2025-02-28 13:36:13,759 [INFO] >>>> using CPU
2025-02-28 13:36:13,800 [INFO] >>>> loading model /mnt/sata4/cellpose_training/output-XETG00195__0041388__TMA00150__20241213__232337/models/dhruv_testing
2025-02-28 13:36:13,884 [INFO] >>>> model diam_mean =  30.000 (ROIs rescaled to this size during training)
2025-02-28 13:36:13,884 [INFO] >>>> model diam_labels =  22.483 (mean diameter of training ROIs)
2025-02-28 13:36:36,977 [INFO] No cell pixels found.
2025-02-28 13:36:37,309 [INFO] WRITING LOG OUTPUT TO /home/dpatravali/.cellpose/run.log
2025-02-28 13:36:37,309 [INFO] 
cellpose version: 	3.1.1.1 
platform:       	linux 
python version: 	3.10.16 
torch version:  	2.6.0+cu124
2025-02-28 13:36:37,309 [INFO] >>>> using CPU
2025-02-28 13:36:37,309 [INFO] >>>> using CPU
2025-02-28 13:36:37,351 [INFO] >>>> loading model /mnt/sata4/cellpose_training/output-XETG00195__0041388__TMA00150__20241213__232337/models/dhruv_testing
2025-02-28 13:36:37,430 [INFO] >>>> model diam_mean =  30.000 (ROIs rescaled to this size during training)
2025-02-28 13:36:37,430 [INFO] >>>> model diam_labels =  22.483 (mean diameter of training ROIs)
2025-02-28 13:37:00,661 [INFO] No cell pixels found.
2025-02-28 13:37:00,992 [INFO] WRITING LOG OUTPUT TO /home/dpatravali/.cellpose/run.log
2025-02-28 13:37:00,992 [INFO] 
cellpose version: 	3.1.1.1 
platform:       	linux 
python version: 	3.10.16 
torch version:  	2.6.0+cu124
2025-02-28 13:37:00,992 [INFO] >>>> using CPU
2025-02-28 13:37:00,992 [INFO] >>>> using CPU
2025-02-28 13:37:01,032 [INFO] >>>> loading model /mnt/sata4/cellpose_training/output-XETG00195__0041388__TMA00150__20241213__232337/models/dhruv_testing
2025-02-28 13:37:01,114 [INFO] >>>> model diam_mean =  30.000 (ROIs rescaled to this size during training)
2025-02-28 13:37:01,114 [INFO] >>>> model diam_labels =  22.483 (mean diameter of training ROIs)
2025-02-28 13:37:24,409 [INFO] No cell pixels found.
2025-02-28 13:37:24,775 [INFO] WRITING LOG OUTPUT TO /home/dpatravali/.cellpose/run.log
2025-02-28 13:37:24,775 [INFO] 
cellpose version: 	3.1.1.1 
platform:       	linux 
python version: 	3.10.16 
torch version:  	2.6.0+cu124
2025-02-28 13:37:24,775 [INFO] >>>> using CPU
2025-02-28 13:37:24,775 [INFO] >>>> using CPU
2025-02-28 13:37:24,819 [INFO] >>>> loading model /mnt/sata4/cellpose_training/output-XETG00195__0041388__TMA00150__20241213__232337/models/dhruv_testing
2025-02-28 13:37:24,909 [INFO] >>>> model diam_mean =  30.000 (ROIs rescaled to this size during training)
2025-02-28 13:37:24,909 [INFO] >>>> model diam_labels =  22.483 (mean diameter of training ROIs)
2025-02-28 13:37:48,180 [INFO] No cell pixels found.
2025-02-28 13:37:48,515 [INFO] WRITING LOG OUTPUT TO /home/dpatravali/.cellpose/run.log
2025-02-28 13:37:48,515 [INFO] 
cellpose version: 	3.1.1.1 
platform:       	linux 
python version: 	3.10.16 
torch version:  	2.6.0+cu124
2025-02-28 13:37:48,515 [INFO] >>>> using CPU
2025-02-28 13:37:48,515 [INFO] >>>> using CPU
2025-02-28 13:37:48,554 [INFO] >>>> loading model /mnt/sata4/cellpose_training/output-XETG00195__0041388__TMA00150__20241213__232337/models/dhruv_testing
2025-02-28 13:37:48,635 [INFO] >>>> model diam_mean =  30.000 (ROIs rescaled to this size during training)
2025-02-28 13:37:48,635 [INFO] >>>> model diam_labels =  22.483 (mean diameter of training ROIs)
2025-02-28 13:38:11,847 [INFO] No cell pixels found.
2025-02-28 13:38:12,180 [INFO] WRITING LOG OUTPUT TO /home/dpatravali/.cellpose/run.log
2025-02-28 13:38:12,180 [INFO] 
cellpose version: 	3.1.1.1 
platform:       	linux 
python version: 	3.10.16 
torch version:  	2.6.0+cu124
2025-02-28 13:38:12,180 [INFO] >>>> using CPU
2025-02-28 13:38:12,180 [INFO] >>>> using CPU
2025-02-28 13:38:12,219 [INFO] >>>> loading model /mnt/sata4/cellpose_training/output-XETG00195__0041388__TMA00150__20241213__232337/models/dhruv_testing
2025-02-28 13:38:12,299 [INFO] >>>> model diam_mean =  30.000 (ROIs rescaled to this size during training)
2025-02-28 13:38:12,299 [INFO] >>>> model diam_labels =  22.483 (mean diameter of training ROIs)
2025-02-28 13:38:35,558 [INFO] No cell pixels found.
2025-02-28 13:38:35,886 [INFO] WRITING LOG OUTPUT TO /home/dpatravali/.cellpose/run.log
2025-02-28 13:38:35,886 [INFO] 
cellpose version: 	3.1.1.1 
platform:       	linux 
python version: 	3.10.16 
torch version:  	2.6.0+cu124
2025-02-28 13:38:35,886 [INFO] >>>> using CPU
2025-02-28 13:38:35,886 [INFO] >>>> using CPU
2025-02-28 13:38:35,926 [INFO] >>>> loading model /mnt/sata4/cellpose_training/output-XETG00195__0041388__TMA00150__20241213__232337/models/dhruv_testing
2025-02-28 13:38:36,007 [INFO] >>>> model diam_mean =  30.000 (ROIs rescaled to this size during training)
2025-02-28 13:38:36,007 [INFO] >>>> model diam_labels =  22.483 (mean diameter of training ROIs)
2025-02-28 13:38:59,677 [INFO] No cell pixels found.
2025-02-28 13:39:00,006 [INFO] WRITING LOG OUTPUT TO /home/dpatravali/.cellpose/run.log
2025-02-28 13:39:00,006 [INFO] 
cellpose version: 	3.1.1.1 
platform:       	linux 
python version: 	3.10.16 
torch version:  	2.6.0+cu124
2025-02-28 13:39:00,007 [INFO] >>>> using CPU
2025-02-28 13:39:00,007 [INFO] >>>> using CPU
2025-02-28 13:39:00,047 [INFO] >>>> loading model /mnt/sata4/cellpose_training/output-XETG00195__0041388__TMA00150__20241213__232337/models/dhruv_testing
2025-02-28 13:39:00,128 [INFO] >>>> model diam_mean =  30.000 (ROIs rescaled to this size during training)
2025-02-28 13:39:00,128 [INFO] >>>> model diam_labels =  22.483 (mean diameter of training ROIs)
2025-02-28 13:39:23,393 [INFO] No cell pixels found.
2025-02-28 13:39:23,722 [INFO] WRITING LOG OUTPUT TO /home/dpatravali/.cellpose/run.log
2025-02-28 13:39:23,722 [INFO] 
cellpose version: 	3.1.1.1 
platform:       	linux 
python version: 	3.10.16 
torch version:  	2.6.0+cu124
2025-02-28 13:39:23,722 [INFO] >>>> using CPU
2025-02-28 13:39:23,722 [INFO] >>>> using CPU
2025-02-28 13:39:23,761 [INFO] >>>> loading model /mnt/sata4/cellpose_training/output-XETG00195__0041388__TMA00150__20241213__232337/models/dhruv_testing
2025-02-28 13:39:23,843 [INFO] >>>> model diam_mean =  30.000 (ROIs rescaled to this size during training)
2025-02-28 13:39:23,843 [INFO] >>>> model diam_labels =  22.483 (mean diameter of training ROIs)
2025-02-28 13:39:47,333 [INFO] No cell pixels found.
2025-02-28 13:39:47,661 [INFO] WRITING LOG OUTPUT TO /home/dpatravali/.cellpose/run.log
2025-02-28 13:39:47,661 [INFO] 
cellpose version: 	3.1.1.1 
platform:       	linux 
python version: 	3.10.16 
torch version:  	2.6.0+cu124
2025-02-28 13:39:47,661 [INFO] >>>> using CPU
2025-02-28 13:39:47,661 [INFO] >>>> using CPU
2025-02-28 13:39:47,700 [INFO] >>>> loading model /mnt/sata4/cellpose_training/output-XETG00195__0041388__TMA00150__20241213__232337/models/dhruv_testing
2025-02-28 13:39:47,918 [INFO] >>>> model diam_mean =  30.000 (ROIs rescaled to this size during training)
2025-02-28 13:39:47,918 [INFO] >>>> model diam_labels =  22.483 (mean diameter of training ROIs)
2025-02-28 13:40:11,119 [INFO] No cell pixels found.
2025-02-28 13:40:11,448 [INFO] WRITING LOG OUTPUT TO /home/dpatravali/.cellpose/run.log
2025-02-28 13:40:11,448 [INFO] 
cellpose version: 	3.1.1.1 
platform:       	linux 
python version: 	3.10.16 
torch version:  	2.6.0+cu124
2025-02-28 13:40:11,448 [INFO] >>>> using CPU
2025-02-28 13:40:11,448 [INFO] >>>> using CPU
2025-02-28 13:40:11,487 [INFO] >>>> loading model /mnt/sata4/cellpose_training/output-XETG00195__0041388__TMA00150__20241213__232337/models/dhruv_testing
2025-02-28 13:40:11,568 [INFO] >>>> model diam_mean =  30.000 (ROIs rescaled to this size during training)
2025-02-28 13:40:11,568 [INFO] >>>> model diam_labels =  22.483 (mean diameter of training ROIs)
2025-02-28 13:40:35,092 [INFO] No cell pixels found.
2025-02-28 13:40:35,420 [INFO] WRITING LOG OUTPUT TO /home/dpatravali/.cellpose/run.log
2025-02-28 13:40:35,420 [INFO] 
cellpose version: 	3.1.1.1 
platform:       	linux 
python version: 	3.10.16 
torch version:  	2.6.0+cu124
2025-02-28 13:40:35,421 [INFO] >>>> using CPU
2025-02-28 13:40:35,421 [INFO] >>>> using CPU
2025-02-28 13:40:35,460 [INFO] >>>> loading model /mnt/sata4/cellpose_training/output-XETG00195__0041388__TMA00150__20241213__232337/models/dhruv_testing
2025-02-28 13:40:35,540 [INFO] >>>> model diam_mean =  30.000 (ROIs rescaled to this size during training)
2025-02-28 13:40:35,540 [INFO] >>>> model diam_labels =  22.483 (mean diameter of training ROIs)
2025-02-28 13:40:59,125 [INFO] No cell pixels found.
2025-02-28 13:40:59,454 [INFO] WRITING LOG OUTPUT TO /home/dpatravali/.cellpose/run.log
2025-02-28 13:40:59,454 [INFO] 
cellpose version: 	3.1.1.1 
platform:       	linux 
python version: 	3.10.16 
torch version:  	2.6.0+cu124
2025-02-28 13:40:59,454 [INFO] >>>> using CPU
2025-02-28 13:40:59,454 [INFO] >>>> using CPU
2025-02-28 13:40:59,494 [INFO] >>>> loading model /mnt/sata4/cellpose_training/output-XETG00195__0041388__TMA00150__20241213__232337/models/dhruv_testing
2025-02-28 13:40:59,574 [INFO] >>>> model diam_mean =  30.000 (ROIs rescaled to this size during training)
2025-02-28 13:40:59,574 [INFO] >>>> model diam_labels =  22.483 (mean diameter of training ROIs)
2025-02-28 13:41:23,742 [INFO] No cell pixels found.
2025-02-28 13:41:24,078 [INFO] WRITING LOG OUTPUT TO /home/dpatravali/.cellpose/run.log
2025-02-28 13:41:24,078 [INFO] 
cellpose version: 	3.1.1.1 
platform:       	linux 
python version: 	3.10.16 
torch version:  	2.6.0+cu124
2025-02-28 13:41:24,078 [INFO] >>>> using CPU
2025-02-28 13:41:24,078 [INFO] >>>> using CPU
2025-02-28 13:41:24,116 [INFO] >>>> loading model /mnt/sata4/cellpose_training/output-XETG00195__0041388__TMA00150__20241213__232337/models/dhruv_testing
2025-02-28 13:41:24,198 [INFO] >>>> model diam_mean =  30.000 (ROIs rescaled to this size during training)
2025-02-28 13:41:24,199 [INFO] >>>> model diam_labels =  22.483 (mean diameter of training ROIs)
2025-02-28 13:41:48,327 [INFO] WRITING LOG OUTPUT TO /home/dpatravali/.cellpose/run.log
2025-02-28 13:41:48,328 [INFO] 
cellpose version: 	3.1.1.1 
platform:       	linux 
python version: 	3.10.16 
torch version:  	2.6.0+cu124
2025-02-28 13:41:48,328 [INFO] >>>> using CPU
2025-02-28 13:41:48,328 [INFO] >>>> using CPU
2025-02-28 13:41:48,368 [INFO] >>>> loading model /mnt/sata4/cellpose_training/output-XETG00195__0041388__TMA00150__20241213__232337/models/dhruv_testing
2025-02-28 13:41:48,449 [INFO] >>>> model diam_mean =  30.000 (ROIs rescaled to this size during training)
2025-02-28 13:41:48,449 [INFO] >>>> model diam_labels =  22.483 (mean diameter of training ROIs)
2025-02-28 13:42:12,223 [WARNING] no seeds found in get_masks_torch - no masks found.
2025-02-28 13:42:12,635 [INFO] WRITING LOG OUTPUT TO /home/dpatravali/.cellpose/run.log
2025-02-28 13:42:12,635 [INFO] 
cellpose version: 	3.1.1.1 
platform:       	linux 
python version: 	3.10.16 
torch version:  	2.6.0+cu124
2025-02-28 13:42:12,636 [INFO] >>>> using CPU
2025-02-28 13:42:12,636 [INFO] >>>> using CPU
2025-02-28 13:42:12,674 [INFO] >>>> loading model /mnt/sata4/cellpose_training/output-XETG00195__0041388__TMA00150__20241213__232337/models/dhruv_testing
2025-02-28 13:42:12,756 [INFO] >>>> model diam_mean =  30.000 (ROIs rescaled to this size during training)
2025-02-28 13:42:12,756 [INFO] >>>> model diam_labels =  22.483 (mean diameter of training ROIs)
2025-02-28 13:42:36,707 [INFO] WRITING LOG OUTPUT TO /home/dpatravali/.cellpose/run.log
2025-02-28 13:42:36,707 [INFO] 
cellpose version: 	3.1.1.1 
platform:       	linux 
python version: 	3.10.16 
torch version:  	2.6.0+cu124
2025-02-28 13:42:36,707 [INFO] >>>> using CPU
2025-02-28 13:42:36,707 [INFO] >>>> using CPU
2025-02-28 13:42:36,746 [INFO] >>>> loading model /mnt/sata4/cellpose_training/output-XETG00195__0041388__TMA00150__20241213__232337/models/dhruv_testing
2025-02-28 13:42:36,828 [INFO] >>>> model diam_mean =  30.000 (ROIs rescaled to this size during training)
2025-02-28 13:42:36,828 [INFO] >>>> model diam_labels =  22.483 (mean diameter of training ROIs)
2025-02-28 13:43:00,785 [INFO] WRITING LOG OUTPUT TO /home/dpatravali/.cellpose/run.log
2025-02-28 13:43:00,785 [INFO] 
cellpose version: 	3.1.1.1 
platform:       	linux 
python version: 	3.10.16 
torch version:  	2.6.0+cu124
2025-02-28 13:43:00,785 [INFO] >>>> using CPU
2025-02-28 13:43:00,785 [INFO] >>>> using CPU
2025-02-28 13:43:00,824 [INFO] >>>> loading model /mnt/sata4/cellpose_training/output-XETG00195__0041388__TMA00150__20241213__232337/models/dhruv_testing
2025-02-28 13:43:00,906 [INFO] >>>> model diam_mean =  30.000 (ROIs rescaled to this size during training)
2025-02-28 13:43:00,906 [INFO] >>>> model diam_labels =  22.483 (mean diameter of training ROIs)
2025-02-28 13:43:24,917 [INFO] WRITING LOG OUTPUT TO /home/dpatravali/.cellpose/run.log
2025-02-28 13:43:24,917 [INFO] 
cellpose version: 	3.1.1.1 
platform:       	linux 
python version: 	3.10.16 
torch version:  	2.6.0+cu124
2025-02-28 13:43:24,917 [INFO] >>>> using CPU
2025-02-28 13:43:24,917 [INFO] >>>> using CPU
2025-02-28 13:43:24,956 [INFO] >>>> loading model /mnt/sata4/cellpose_training/output-XETG00195__0041388__TMA00150__20241213__232337/models/dhruv_testing
2025-02-28 13:43:25,035 [INFO] >>>> model diam_mean =  30.000 (ROIs rescaled to this size during training)
2025-02-28 13:43:25,035 [INFO] >>>> model diam_labels =  22.483 (mean diameter of training ROIs)
2025-02-28 13:43:49,146 [INFO] WRITING LOG OUTPUT TO /home/dpatravali/.cellpose/run.log
2025-02-28 13:43:49,146 [INFO] 
cellpose version: 	3.1.1.1 
platform:       	linux 
python version: 	3.10.16 
torch version:  	2.6.0+cu124
2025-02-28 13:43:49,146 [INFO] >>>> using CPU
2025-02-28 13:43:49,146 [INFO] >>>> using CPU
2025-02-28 13:43:49,185 [INFO] >>>> loading model /mnt/sata4/cellpose_training/output-XETG00195__0041388__TMA00150__20241213__232337/models/dhruv_testing
2025-02-28 13:43:49,265 [INFO] >>>> model diam_mean =  30.000 (ROIs rescaled to this size during training)
2025-02-28 13:43:49,265 [INFO] >>>> model diam_labels =  22.483 (mean diameter of training ROIs)
2025-02-28 13:44:12,206 [INFO] No cell pixels found.
2025-02-28 13:44:12,534 [INFO] WRITING LOG OUTPUT TO /home/dpatravali/.cellpose/run.log
2025-02-28 13:44:12,535 [INFO] 
cellpose version: 	3.1.1.1 
platform:       	linux 
python version: 	3.10.16 
torch version:  	2.6.0+cu124
2025-02-28 13:44:12,535 [INFO] >>>> using CPU
2025-02-28 13:44:12,535 [INFO] >>>> using CPU
2025-02-28 13:44:12,574 [INFO] >>>> loading model /mnt/sata4/cellpose_training/output-XETG00195__0041388__TMA00150__20241213__232337/models/dhruv_testing
2025-02-28 13:44:12,654 [INFO] >>>> model diam_mean =  30.000 (ROIs rescaled to this size during training)
2025-02-28 13:44:12,654 [INFO] >>>> model diam_labels =  22.483 (mean diameter of training ROIs)
2025-02-28 13:44:34,553 [INFO] No cell pixels found.
2025-02-28 13:44:34,883 [INFO] WRITING LOG OUTPUT TO /home/dpatravali/.cellpose/run.log
2025-02-28 13:44:34,883 [INFO] 
cellpose version: 	3.1.1.1 
platform:       	linux 
python version: 	3.10.16 
torch version:  	2.6.0+cu124
2025-02-28 13:44:34,883 [INFO] >>>> using CPU
2025-02-28 13:44:34,883 [INFO] >>>> using CPU
2025-02-28 13:44:34,920 [INFO] >>>> loading model /mnt/sata4/cellpose_training/output-XETG00195__0041388__TMA00150__20241213__232337/models/dhruv_testing
2025-02-28 13:44:35,000 [INFO] >>>> model diam_mean =  30.000 (ROIs rescaled to this size during training)
2025-02-28 13:44:35,000 [INFO] >>>> model diam_labels =  22.483 (mean diameter of training ROIs)
2025-02-28 13:44:58,816 [INFO] WRITING LOG OUTPUT TO /home/dpatravali/.cellpose/run.log
2025-02-28 13:44:58,816 [INFO] 
cellpose version: 	3.1.1.1 
platform:       	linux 
python version: 	3.10.16 
torch version:  	2.6.0+cu124
2025-02-28 13:44:58,816 [INFO] >>>> using CPU
2025-02-28 13:44:58,816 [INFO] >>>> using CPU
2025-02-28 13:44:58,854 [INFO] >>>> loading model /mnt/sata4/cellpose_training/output-XETG00195__0041388__TMA00150__20241213__232337/models/dhruv_testing
2025-02-28 13:44:58,933 [INFO] >>>> model diam_mean =  30.000 (ROIs rescaled to this size during training)
2025-02-28 13:44:58,933 [INFO] >>>> model diam_labels =  22.483 (mean diameter of training ROIs)
2025-02-28 13:45:22,615 [INFO] WRITING LOG OUTPUT TO /home/dpatravali/.cellpose/run.log
2025-02-28 13:45:22,615 [INFO] 
cellpose version: 	3.1.1.1 
platform:       	linux 
python version: 	3.10.16 
torch version:  	2.6.0+cu124
2025-02-28 13:45:22,615 [INFO] >>>> using CPU
2025-02-28 13:45:22,615 [INFO] >>>> using CPU
2025-02-28 13:45:22,653 [INFO] >>>> loading model /mnt/sata4/cellpose_training/output-XETG00195__0041388__TMA00150__20241213__232337/models/dhruv_testing
2025-02-28 13:45:22,732 [INFO] >>>> model diam_mean =  30.000 (ROIs rescaled to this size during training)
2025-02-28 13:45:22,733 [INFO] >>>> model diam_labels =  22.483 (mean diameter of training ROIs)
2025-02-28 13:45:46,313 [INFO] WRITING LOG OUTPUT TO /home/dpatravali/.cellpose/run.log
2025-02-28 13:45:46,313 [INFO] 
cellpose version: 	3.1.1.1 
platform:       	linux 
python version: 	3.10.16 
torch version:  	2.6.0+cu124
2025-02-28 13:45:46,313 [INFO] >>>> using CPU
2025-02-28 13:45:46,313 [INFO] >>>> using CPU
2025-02-28 13:45:46,354 [INFO] >>>> loading model /mnt/sata4/cellpose_training/output-XETG00195__0041388__TMA00150__20241213__232337/models/dhruv_testing
2025-02-28 13:45:46,435 [INFO] >>>> model diam_mean =  30.000 (ROIs rescaled to this size during training)
2025-02-28 13:45:46,435 [INFO] >>>> model diam_labels =  22.483 (mean diameter of training ROIs)
2025-02-28 13:46:10,470 [INFO] WRITING LOG OUTPUT TO /home/dpatravali/.cellpose/run.log
2025-02-28 13:46:10,470 [INFO] 
cellpose version: 	3.1.1.1 
platform:       	linux 
python version: 	3.10.16 
torch version:  	2.6.0+cu124
2025-02-28 13:46:10,470 [INFO] >>>> using CPU
2025-02-28 13:46:10,470 [INFO] >>>> using CPU
2025-02-28 13:46:10,509 [INFO] >>>> loading model /mnt/sata4/cellpose_training/output-XETG00195__0041388__TMA00150__20241213__232337/models/dhruv_testing
2025-02-28 13:46:10,589 [INFO] >>>> model diam_mean =  30.000 (ROIs rescaled to this size during training)
2025-02-28 13:46:10,589 [INFO] >>>> model diam_labels =  22.483 (mean diameter of training ROIs)
2025-02-28 13:46:34,645 [INFO] WRITING LOG OUTPUT TO /home/dpatravali/.cellpose/run.log
2025-02-28 13:46:34,645 [INFO] 
cellpose version: 	3.1.1.1 
platform:       	linux 
python version: 	3.10.16 
torch version:  	2.6.0+cu124
2025-02-28 13:46:34,645 [INFO] >>>> using CPU
2025-02-28 13:46:34,645 [INFO] >>>> using CPU
2025-02-28 13:46:34,685 [INFO] >>>> loading model /mnt/sata4/cellpose_training/output-XETG00195__0041388__TMA00150__20241213__232337/models/dhruv_testing
2025-02-28 13:46:34,765 [INFO] >>>> model diam_mean =  30.000 (ROIs rescaled to this size during training)
2025-02-28 13:46:34,765 [INFO] >>>> model diam_labels =  22.483 (mean diameter of training ROIs)
2025-02-28 13:46:58,642 [INFO] WRITING LOG OUTPUT TO /home/dpatravali/.cellpose/run.log
2025-02-28 13:46:58,642 [INFO] 
cellpose version: 	3.1.1.1 
platform:       	linux 
python version: 	3.10.16 
torch version:  	2.6.0+cu124
2025-02-28 13:46:58,642 [INFO] >>>> using CPU
2025-02-28 13:46:58,642 [INFO] >>>> using CPU
2025-02-28 13:46:58,681 [INFO] >>>> loading model /mnt/sata4/cellpose_training/output-XETG00195__0041388__TMA00150__20241213__232337/models/dhruv_testing
2025-02-28 13:46:58,761 [INFO] >>>> model diam_mean =  30.000 (ROIs rescaled to this size during training)
2025-02-28 13:46:58,761 [INFO] >>>> model diam_labels =  22.483 (mean diameter of training ROIs)
2025-02-28 13:47:21,979 [WARNING] no seeds found in get_masks_torch - no masks found.
2025-02-28 13:47:22,341 [INFO] WRITING LOG OUTPUT TO /home/dpatravali/.cellpose/run.log
2025-02-28 13:47:22,341 [INFO] 
cellpose version: 	3.1.1.1 
platform:       	linux 
python version: 	3.10.16 
torch version:  	2.6.0+cu124
2025-02-28 13:47:22,341 [INFO] >>>> using CPU
2025-02-28 13:47:22,341 [INFO] >>>> using CPU
2025-02-28 13:47:22,379 [INFO] >>>> loading model /mnt/sata4/cellpose_training/output-XETG00195__0041388__TMA00150__20241213__232337/models/dhruv_testing
2025-02-28 13:47:22,458 [INFO] >>>> model diam_mean =  30.000 (ROIs rescaled to this size during training)
2025-02-28 13:47:22,459 [INFO] >>>> model diam_labels =  22.483 (mean diameter of training ROIs)
2025-02-28 13:47:46,584 [INFO] WRITING LOG OUTPUT TO /home/dpatravali/.cellpose/run.log
2025-02-28 13:47:46,584 [INFO] 
cellpose version: 	3.1.1.1 
platform:       	linux 
python version: 	3.10.16 
torch version:  	2.6.0+cu124
2025-02-28 13:47:46,584 [INFO] >>>> using CPU
2025-02-28 13:47:46,584 [INFO] >>>> using CPU
2025-02-28 13:47:46,623 [INFO] >>>> loading model /mnt/sata4/cellpose_training/output-XETG00195__0041388__TMA00150__20241213__232337/models/dhruv_testing
2025-02-28 13:47:46,704 [INFO] >>>> model diam_mean =  30.000 (ROIs rescaled to this size during training)
2025-02-28 13:47:46,704 [INFO] >>>> model diam_labels =  22.483 (mean diameter of training ROIs)
2025-02-28 13:48:10,275 [INFO] No cell pixels found.
2025-02-28 13:48:10,628 [INFO] WRITING LOG OUTPUT TO /home/dpatravali/.cellpose/run.log
2025-02-28 13:48:10,628 [INFO] 
cellpose version: 	3.1.1.1 
platform:       	linux 
python version: 	3.10.16 
torch version:  	2.6.0+cu124
2025-02-28 13:48:10,629 [INFO] >>>> using CPU
2025-02-28 13:48:10,629 [INFO] >>>> using CPU
2025-02-28 13:48:10,668 [INFO] >>>> loading model /mnt/sata4/cellpose_training/output-XETG00195__0041388__TMA00150__20241213__232337/models/dhruv_testing
2025-02-28 13:48:10,747 [INFO] >>>> model diam_mean =  30.000 (ROIs rescaled to this size during training)
2025-02-28 13:48:10,747 [INFO] >>>> model diam_labels =  22.483 (mean diameter of training ROIs)
2025-02-28 13:48:34,399 [INFO] No cell pixels found.
2025-02-28 13:48:34,763 [INFO] WRITING LOG OUTPUT TO /home/dpatravali/.cellpose/run.log
2025-02-28 13:48:34,763 [INFO] 
cellpose version: 	3.1.1.1 
platform:       	linux 
python version: 	3.10.16 
torch version:  	2.6.0+cu124
2025-02-28 13:48:34,763 [INFO] >>>> using CPU
2025-02-28 13:48:34,763 [INFO] >>>> using CPU
2025-02-28 13:48:34,805 [INFO] >>>> loading model /mnt/sata4/cellpose_training/output-XETG00195__0041388__TMA00150__20241213__232337/models/dhruv_testing
2025-02-28 13:48:34,887 [INFO] >>>> model diam_mean =  30.000 (ROIs rescaled to this size during training)
2025-02-28 13:48:34,887 [INFO] >>>> model diam_labels =  22.483 (mean diameter of training ROIs)
2025-02-28 13:48:58,658 [INFO] No cell pixels found.
2025-02-28 13:48:58,993 [INFO] WRITING LOG OUTPUT TO /home/dpatravali/.cellpose/run.log
2025-02-28 13:48:58,993 [INFO] 
cellpose version: 	3.1.1.1 
platform:       	linux 
python version: 	3.10.16 
torch version:  	2.6.0+cu124
2025-02-28 13:48:58,994 [INFO] >>>> using CPU
2025-02-28 13:48:58,994 [INFO] >>>> using CPU
2025-02-28 13:48:59,033 [INFO] >>>> loading model /mnt/sata4/cellpose_training/output-XETG00195__0041388__TMA00150__20241213__232337/models/dhruv_testing
2025-02-28 13:48:59,113 [INFO] >>>> model diam_mean =  30.000 (ROIs rescaled to this size during training)
2025-02-28 13:48:59,113 [INFO] >>>> model diam_labels =  22.483 (mean diameter of training ROIs)
2025-02-28 13:49:22,292 [INFO] No cell pixels found.
2025-02-28 13:49:22,626 [INFO] WRITING LOG OUTPUT TO /home/dpatravali/.cellpose/run.log
2025-02-28 13:49:22,626 [INFO] 
cellpose version: 	3.1.1.1 
platform:       	linux 
python version: 	3.10.16 
torch version:  	2.6.0+cu124
2025-02-28 13:49:22,626 [INFO] >>>> using CPU
2025-02-28 13:49:22,626 [INFO] >>>> using CPU
2025-02-28 13:49:22,665 [INFO] >>>> loading model /mnt/sata4/cellpose_training/output-XETG00195__0041388__TMA00150__20241213__232337/models/dhruv_testing
2025-02-28 13:49:22,744 [INFO] >>>> model diam_mean =  30.000 (ROIs rescaled to this size during training)
2025-02-28 13:49:22,744 [INFO] >>>> model diam_labels =  22.483 (mean diameter of training ROIs)
2025-02-28 13:49:46,198 [INFO] No cell pixels found.
2025-02-28 13:49:46,532 [INFO] WRITING LOG OUTPUT TO /home/dpatravali/.cellpose/run.log
2025-02-28 13:49:46,533 [INFO] 
cellpose version: 	3.1.1.1 
platform:       	linux 
python version: 	3.10.16 
torch version:  	2.6.0+cu124
2025-02-28 13:49:46,533 [INFO] >>>> using CPU
2025-02-28 13:49:46,533 [INFO] >>>> using CPU
2025-02-28 13:49:46,571 [INFO] >>>> loading model /mnt/sata4/cellpose_training/output-XETG00195__0041388__TMA00150__20241213__232337/models/dhruv_testing
2025-02-28 13:49:46,651 [INFO] >>>> model diam_mean =  30.000 (ROIs rescaled to this size during training)
2025-02-28 13:49:46,651 [INFO] >>>> model diam_labels =  22.483 (mean diameter of training ROIs)
2025-02-28 13:50:09,967 [INFO] No cell pixels found.
2025-02-28 13:50:10,300 [INFO] WRITING LOG OUTPUT TO /home/dpatravali/.cellpose/run.log
2025-02-28 13:50:10,300 [INFO] 
cellpose version: 	3.1.1.1 
platform:       	linux 
python version: 	3.10.16 
torch version:  	2.6.0+cu124
2025-02-28 13:50:10,300 [INFO] >>>> using CPU
2025-02-28 13:50:10,300 [INFO] >>>> using CPU
2025-02-28 13:50:10,339 [INFO] >>>> loading model /mnt/sata4/cellpose_training/output-XETG00195__0041388__TMA00150__20241213__232337/models/dhruv_testing
2025-02-28 13:50:10,418 [INFO] >>>> model diam_mean =  30.000 (ROIs rescaled to this size during training)
2025-02-28 13:50:10,418 [INFO] >>>> model diam_labels =  22.483 (mean diameter of training ROIs)
2025-02-28 13:50:33,606 [INFO] No cell pixels found.
2025-02-28 13:50:33,939 [INFO] WRITING LOG OUTPUT TO /home/dpatravali/.cellpose/run.log
2025-02-28 13:50:33,939 [INFO] 
cellpose version: 	3.1.1.1 
platform:       	linux 
python version: 	3.10.16 
torch version:  	2.6.0+cu124
2025-02-28 13:50:33,940 [INFO] >>>> using CPU
2025-02-28 13:50:33,940 [INFO] >>>> using CPU
2025-02-28 13:50:33,979 [INFO] >>>> loading model /mnt/sata4/cellpose_training/output-XETG00195__0041388__TMA00150__20241213__232337/models/dhruv_testing
2025-02-28 13:50:34,059 [INFO] >>>> model diam_mean =  30.000 (ROIs rescaled to this size during training)
2025-02-28 13:50:34,060 [INFO] >>>> model diam_labels =  22.483 (mean diameter of training ROIs)
2025-02-28 13:50:58,149 [INFO] WRITING LOG OUTPUT TO /home/dpatravali/.cellpose/run.log
2025-02-28 13:50:58,149 [INFO] 
cellpose version: 	3.1.1.1 
platform:       	linux 
python version: 	3.10.16 
torch version:  	2.6.0+cu124
2025-02-28 13:50:58,149 [INFO] >>>> using CPU
2025-02-28 13:50:58,149 [INFO] >>>> using CPU
2025-02-28 13:50:58,189 [INFO] >>>> loading model /mnt/sata4/cellpose_training/output-XETG00195__0041388__TMA00150__20241213__232337/models/dhruv_testing
2025-02-28 13:50:58,270 [INFO] >>>> model diam_mean =  30.000 (ROIs rescaled to this size during training)
2025-02-28 13:50:58,270 [INFO] >>>> model diam_labels =  22.483 (mean diameter of training ROIs)
2025-02-28 13:51:22,403 [INFO] WRITING LOG OUTPUT TO /home/dpatravali/.cellpose/run.log
2025-02-28 13:51:22,403 [INFO] 
cellpose version: 	3.1.1.1 
platform:       	linux 
python version: 	3.10.16 
torch version:  	2.6.0+cu124
2025-02-28 13:51:22,403 [INFO] >>>> using CPU
2025-02-28 13:51:22,403 [INFO] >>>> using CPU
2025-02-28 13:51:22,443 [INFO] >>>> loading model /mnt/sata4/cellpose_training/output-XETG00195__0041388__TMA00150__20241213__232337/models/dhruv_testing
2025-02-28 13:51:22,524 [INFO] >>>> model diam_mean =  30.000 (ROIs rescaled to this size during training)
2025-02-28 13:51:22,524 [INFO] >>>> model diam_labels =  22.483 (mean diameter of training ROIs)
2025-02-28 13:51:46,364 [INFO] WRITING LOG OUTPUT TO /home/dpatravali/.cellpose/run.log
2025-02-28 13:51:46,364 [INFO] 
cellpose version: 	3.1.1.1 
platform:       	linux 
python version: 	3.10.16 
torch version:  	2.6.0+cu124
2025-02-28 13:51:46,364 [INFO] >>>> using CPU
2025-02-28 13:51:46,364 [INFO] >>>> using CPU
2025-02-28 13:51:46,405 [INFO] >>>> loading model /mnt/sata4/cellpose_training/output-XETG00195__0041388__TMA00150__20241213__232337/models/dhruv_testing
2025-02-28 13:51:46,488 [INFO] >>>> model diam_mean =  30.000 (ROIs rescaled to this size during training)
2025-02-28 13:51:46,488 [INFO] >>>> model diam_labels =  22.483 (mean diameter of training ROIs)
2025-02-28 13:52:10,315 [INFO] WRITING LOG OUTPUT TO /home/dpatravali/.cellpose/run.log
2025-02-28 13:52:10,315 [INFO] 
cellpose version: 	3.1.1.1 
platform:       	linux 
python version: 	3.10.16 
torch version:  	2.6.0+cu124
2025-02-28 13:52:10,316 [INFO] >>>> using CPU
2025-02-28 13:52:10,316 [INFO] >>>> using CPU
2025-02-28 13:52:10,355 [INFO] >>>> loading model /mnt/sata4/cellpose_training/output-XETG00195__0041388__TMA00150__20241213__232337/models/dhruv_testing
2025-02-28 13:52:10,621 [INFO] >>>> model diam_mean =  30.000 (ROIs rescaled to this size during training)
2025-02-28 13:52:10,621 [INFO] >>>> model diam_labels =  22.483 (mean diameter of training ROIs)
2025-02-28 13:52:34,960 [INFO] WRITING LOG OUTPUT TO /home/dpatravali/.cellpose/run.log
2025-02-28 13:52:34,960 [INFO] 
cellpose version: 	3.1.1.1 
platform:       	linux 
python version: 	3.10.16 
torch version:  	2.6.0+cu124
2025-02-28 13:52:34,960 [INFO] >>>> using CPU
2025-02-28 13:52:34,960 [INFO] >>>> using CPU
2025-02-28 13:52:34,999 [INFO] >>>> loading model /mnt/sata4/cellpose_training/output-XETG00195__0041388__TMA00150__20241213__232337/models/dhruv_testing
2025-02-28 13:52:35,079 [INFO] >>>> model diam_mean =  30.000 (ROIs rescaled to this size during training)
2025-02-28 13:52:35,079 [INFO] >>>> model diam_labels =  22.483 (mean diameter of training ROIs)
2025-02-28 13:52:59,561 [INFO] WRITING LOG OUTPUT TO /home/dpatravali/.cellpose/run.log
2025-02-28 13:52:59,561 [INFO] 
cellpose version: 	3.1.1.1 
platform:       	linux 
python version: 	3.10.16 
torch version:  	2.6.0+cu124
2025-02-28 13:52:59,562 [INFO] >>>> using CPU
2025-02-28 13:52:59,562 [INFO] >>>> using CPU
2025-02-28 13:52:59,602 [INFO] >>>> loading model /mnt/sata4/cellpose_training/output-XETG00195__0041388__TMA00150__20241213__232337/models/dhruv_testing
2025-02-28 13:52:59,680 [INFO] >>>> model diam_mean =  30.000 (ROIs rescaled to this size during training)
2025-02-28 13:52:59,680 [INFO] >>>> model diam_labels =  22.483 (mean diameter of training ROIs)
2025-02-28 13:53:25,365 [INFO] WRITING LOG OUTPUT TO /home/dpatravali/.cellpose/run.log
2025-02-28 13:53:25,366 [INFO] 
cellpose version: 	3.1.1.1 
platform:       	linux 
python version: 	3.10.16 
torch version:  	2.6.0+cu124
2025-02-28 13:53:25,366 [INFO] >>>> using CPU
2025-02-28 13:53:25,366 [INFO] >>>> using CPU
2025-02-28 13:53:25,405 [INFO] >>>> loading model /mnt/sata4/cellpose_training/output-XETG00195__0041388__TMA00150__20241213__232337/models/dhruv_testing
2025-02-28 13:53:25,485 [INFO] >>>> model diam_mean =  30.000 (ROIs rescaled to this size during training)
2025-02-28 13:53:25,485 [INFO] >>>> model diam_labels =  22.483 (mean diameter of training ROIs)
2025-02-28 13:53:50,501 [INFO] WRITING LOG OUTPUT TO /home/dpatravali/.cellpose/run.log
2025-02-28 13:53:50,501 [INFO] 
cellpose version: 	3.1.1.1 
platform:       	linux 
python version: 	3.10.16 
torch version:  	2.6.0+cu124
2025-02-28 13:53:50,501 [INFO] >>>> using CPU
2025-02-28 13:53:50,501 [INFO] >>>> using CPU
2025-02-28 13:53:50,539 [INFO] >>>> loading model /mnt/sata4/cellpose_training/output-XETG00195__0041388__TMA00150__20241213__232337/models/dhruv_testing
2025-02-28 13:53:50,619 [INFO] >>>> model diam_mean =  30.000 (ROIs rescaled to this size during training)
2025-02-28 13:53:50,619 [INFO] >>>> model diam_labels =  22.483 (mean diameter of training ROIs)
2025-02-28 13:54:15,006 [INFO] WRITING LOG OUTPUT TO /home/dpatravali/.cellpose/run.log
2025-02-28 13:54:15,006 [INFO] 
cellpose version: 	3.1.1.1 
platform:       	linux 
python version: 	3.10.16 
torch version:  	2.6.0+cu124
2025-02-28 13:54:15,006 [INFO] >>>> using CPU
2025-02-28 13:54:15,006 [INFO] >>>> using CPU
2025-02-28 13:54:15,045 [INFO] >>>> loading model /mnt/sata4/cellpose_training/output-XETG00195__0041388__TMA00150__20241213__232337/models/dhruv_testing
2025-02-28 13:54:15,126 [INFO] >>>> model diam_mean =  30.000 (ROIs rescaled to this size during training)
2025-02-28 13:54:15,126 [INFO] >>>> model diam_labels =  22.483 (mean diameter of training ROIs)
2025-02-28 13:54:39,385 [INFO] WRITING LOG OUTPUT TO /home/dpatravali/.cellpose/run.log
2025-02-28 13:54:39,385 [INFO] 
cellpose version: 	3.1.1.1 
platform:       	linux 
python version: 	3.10.16 
torch version:  	2.6.0+cu124
2025-02-28 13:54:39,385 [INFO] >>>> using CPU
2025-02-28 13:54:39,385 [INFO] >>>> using CPU
2025-02-28 13:54:39,424 [INFO] >>>> loading model /mnt/sata4/cellpose_training/output-XETG00195__0041388__TMA00150__20241213__232337/models/dhruv_testing
2025-02-28 13:54:39,505 [INFO] >>>> model diam_mean =  30.000 (ROIs rescaled to this size during training)
2025-02-28 13:54:39,505 [INFO] >>>> model diam_labels =  22.483 (mean diameter of training ROIs)
2025-02-28 13:55:03,546 [INFO] WRITING LOG OUTPUT TO /home/dpatravali/.cellpose/run.log
2025-02-28 13:55:03,546 [INFO] 
cellpose version: 	3.1.1.1 
platform:       	linux 
python version: 	3.10.16 
torch version:  	2.6.0+cu124
2025-02-28 13:55:03,546 [INFO] >>>> using CPU
2025-02-28 13:55:03,546 [INFO] >>>> using CPU
2025-02-28 13:55:03,585 [INFO] >>>> loading model /mnt/sata4/cellpose_training/output-XETG00195__0041388__TMA00150__20241213__232337/models/dhruv_testing
2025-02-28 13:55:03,665 [INFO] >>>> model diam_mean =  30.000 (ROIs rescaled to this size during training)
2025-02-28 13:55:03,665 [INFO] >>>> model diam_labels =  22.483 (mean diameter of training ROIs)
2025-02-28 13:55:25,255 [INFO] No cell pixels found.
2025-02-28 13:55:25,603 [INFO] WRITING LOG OUTPUT TO /home/dpatravali/.cellpose/run.log
2025-02-28 13:55:25,603 [INFO] 
cellpose version: 	3.1.1.1 
platform:       	linux 
python version: 	3.10.16 
torch version:  	2.6.0+cu124
2025-02-28 13:55:25,603 [INFO] >>>> using CPU
2025-02-28 13:55:25,603 [INFO] >>>> using CPU
2025-02-28 13:55:25,643 [INFO] >>>> loading model /mnt/sata4/cellpose_training/output-XETG00195__0041388__TMA00150__20241213__232337/models/dhruv_testing
2025-02-28 13:55:25,723 [INFO] >>>> model diam_mean =  30.000 (ROIs rescaled to this size during training)
2025-02-28 13:55:25,723 [INFO] >>>> model diam_labels =  22.483 (mean diameter of training ROIs)
2025-02-28 13:55:49,838 [INFO] WRITING LOG OUTPUT TO /home/dpatravali/.cellpose/run.log
2025-02-28 13:55:49,838 [INFO] 
cellpose version: 	3.1.1.1 
platform:       	linux 
python version: 	3.10.16 
torch version:  	2.6.0+cu124
2025-02-28 13:55:49,839 [INFO] >>>> using CPU
2025-02-28 13:55:49,839 [INFO] >>>> using CPU
2025-02-28 13:55:49,878 [INFO] >>>> loading model /mnt/sata4/cellpose_training/output-XETG00195__0041388__TMA00150__20241213__232337/models/dhruv_testing
2025-02-28 13:55:49,958 [INFO] >>>> model diam_mean =  30.000 (ROIs rescaled to this size during training)
2025-02-28 13:55:49,958 [INFO] >>>> model diam_labels =  22.483 (mean diameter of training ROIs)
2025-02-28 13:56:15,635 [INFO] WRITING LOG OUTPUT TO /home/dpatravali/.cellpose/run.log
2025-02-28 13:56:15,635 [INFO] 
cellpose version: 	3.1.1.1 
platform:       	linux 
python version: 	3.10.16 
torch version:  	2.6.0+cu124
2025-02-28 13:56:15,635 [INFO] >>>> using CPU
2025-02-28 13:56:15,635 [INFO] >>>> using CPU
2025-02-28 13:56:15,673 [INFO] >>>> loading model /mnt/sata4/cellpose_training/output-XETG00195__0041388__TMA00150__20241213__232337/models/dhruv_testing
2025-02-28 13:56:15,753 [INFO] >>>> model diam_mean =  30.000 (ROIs rescaled to this size during training)
2025-02-28 13:56:15,753 [INFO] >>>> model diam_labels =  22.483 (mean diameter of training ROIs)
2025-02-28 13:56:40,581 [INFO] WRITING LOG OUTPUT TO /home/dpatravali/.cellpose/run.log
2025-02-28 13:56:40,581 [INFO] 
cellpose version: 	3.1.1.1 
platform:       	linux 
python version: 	3.10.16 
torch version:  	2.6.0+cu124
2025-02-28 13:56:40,581 [INFO] >>>> using CPU
2025-02-28 13:56:40,581 [INFO] >>>> using CPU
2025-02-28 13:56:40,619 [INFO] >>>> loading model /mnt/sata4/cellpose_training/output-XETG00195__0041388__TMA00150__20241213__232337/models/dhruv_testing
2025-02-28 13:56:40,699 [INFO] >>>> model diam_mean =  30.000 (ROIs rescaled to this size during training)
2025-02-28 13:56:40,699 [INFO] >>>> model diam_labels =  22.483 (mean diameter of training ROIs)
2025-02-28 13:57:04,789 [INFO] WRITING LOG OUTPUT TO /home/dpatravali/.cellpose/run.log
2025-02-28 13:57:04,789 [INFO] 
cellpose version: 	3.1.1.1 
platform:       	linux 
python version: 	3.10.16 
torch version:  	2.6.0+cu124
2025-02-28 13:57:04,789 [INFO] >>>> using CPU
2025-02-28 13:57:04,789 [INFO] >>>> using CPU
2025-02-28 13:57:04,829 [INFO] >>>> loading model /mnt/sata4/cellpose_training/output-XETG00195__0041388__TMA00150__20241213__232337/models/dhruv_testing
2025-02-28 13:57:04,909 [INFO] >>>> model diam_mean =  30.000 (ROIs rescaled to this size during training)
2025-02-28 13:57:04,909 [INFO] >>>> model diam_labels =  22.483 (mean diameter of training ROIs)
2025-02-28 13:57:29,320 [INFO] WRITING LOG OUTPUT TO /home/dpatravali/.cellpose/run.log
2025-02-28 13:57:29,320 [INFO] 
cellpose version: 	3.1.1.1 
platform:       	linux 
python version: 	3.10.16 
torch version:  	2.6.0+cu124
2025-02-28 13:57:29,320 [INFO] >>>> using CPU
2025-02-28 13:57:29,320 [INFO] >>>> using CPU
2025-02-28 13:57:29,359 [INFO] >>>> loading model /mnt/sata4/cellpose_training/output-XETG00195__0041388__TMA00150__20241213__232337/models/dhruv_testing
2025-02-28 13:57:29,438 [INFO] >>>> model diam_mean =  30.000 (ROIs rescaled to this size during training)
2025-02-28 13:57:29,439 [INFO] >>>> model diam_labels =  22.483 (mean diameter of training ROIs)
2025-02-28 13:57:53,392 [INFO] WRITING LOG OUTPUT TO /home/dpatravali/.cellpose/run.log
2025-02-28 13:57:53,392 [INFO] 
cellpose version: 	3.1.1.1 
platform:       	linux 
python version: 	3.10.16 
torch version:  	2.6.0+cu124
2025-02-28 13:57:53,392 [INFO] >>>> using CPU
2025-02-28 13:57:53,392 [INFO] >>>> using CPU
2025-02-28 13:57:53,430 [INFO] >>>> loading model /mnt/sata4/cellpose_training/output-XETG00195__0041388__TMA00150__20241213__232337/models/dhruv_testing
2025-02-28 13:57:53,509 [INFO] >>>> model diam_mean =  30.000 (ROIs rescaled to this size during training)
2025-02-28 13:57:53,509 [INFO] >>>> model diam_labels =  22.483 (mean diameter of training ROIs)
2025-02-28 13:58:17,672 [INFO] WRITING LOG OUTPUT TO /home/dpatravali/.cellpose/run.log
2025-02-28 13:58:17,672 [INFO] 
cellpose version: 	3.1.1.1 
platform:       	linux 
python version: 	3.10.16 
torch version:  	2.6.0+cu124
2025-02-28 13:58:17,673 [INFO] >>>> using CPU
2025-02-28 13:58:17,673 [INFO] >>>> using CPU
2025-02-28 13:58:17,713 [INFO] >>>> loading model /mnt/sata4/cellpose_training/output-XETG00195__0041388__TMA00150__20241213__232337/models/dhruv_testing
2025-02-28 13:58:17,794 [INFO] >>>> model diam_mean =  30.000 (ROIs rescaled to this size during training)
2025-02-28 13:58:17,794 [INFO] >>>> model diam_labels =  22.483 (mean diameter of training ROIs)
2025-02-28 13:58:41,630 [INFO] WRITING LOG OUTPUT TO /home/dpatravali/.cellpose/run.log
2025-02-28 13:58:41,630 [INFO] 
cellpose version: 	3.1.1.1 
platform:       	linux 
python version: 	3.10.16 
torch version:  	2.6.0+cu124
2025-02-28 13:58:41,630 [INFO] >>>> using CPU
2025-02-28 13:58:41,630 [INFO] >>>> using CPU
2025-02-28 13:58:41,670 [INFO] >>>> loading model /mnt/sata4/cellpose_training/output-XETG00195__0041388__TMA00150__20241213__232337/models/dhruv_testing
2025-02-28 13:58:41,749 [INFO] >>>> model diam_mean =  30.000 (ROIs rescaled to this size during training)
2025-02-28 13:58:41,749 [INFO] >>>> model diam_labels =  22.483 (mean diameter of training ROIs)
2025-02-28 13:59:05,855 [INFO] WRITING LOG OUTPUT TO /home/dpatravali/.cellpose/run.log
2025-02-28 13:59:05,855 [INFO] 
cellpose version: 	3.1.1.1 
platform:       	linux 
python version: 	3.10.16 
torch version:  	2.6.0+cu124
2025-02-28 13:59:05,855 [INFO] >>>> using CPU
2025-02-28 13:59:05,855 [INFO] >>>> using CPU
2025-02-28 13:59:05,895 [INFO] >>>> loading model /mnt/sata4/cellpose_training/output-XETG00195__0041388__TMA00150__20241213__232337/models/dhruv_testing
2025-02-28 13:59:05,975 [INFO] >>>> model diam_mean =  30.000 (ROIs rescaled to this size during training)
2025-02-28 13:59:05,975 [INFO] >>>> model diam_labels =  22.483 (mean diameter of training ROIs)
2025-02-28 13:59:29,837 [INFO] WRITING LOG OUTPUT TO /home/dpatravali/.cellpose/run.log
2025-02-28 13:59:29,837 [INFO] 
cellpose version: 	3.1.1.1 
platform:       	linux 
python version: 	3.10.16 
torch version:  	2.6.0+cu124
2025-02-28 13:59:29,837 [INFO] >>>> using CPU
2025-02-28 13:59:29,838 [INFO] >>>> using CPU
2025-02-28 13:59:29,879 [INFO] >>>> loading model /mnt/sata4/cellpose_training/output-XETG00195__0041388__TMA00150__20241213__232337/models/dhruv_testing
2025-02-28 13:59:29,960 [INFO] >>>> model diam_mean =  30.000 (ROIs rescaled to this size during training)
2025-02-28 13:59:29,960 [INFO] >>>> model diam_labels =  22.483 (mean diameter of training ROIs)
2025-02-28 13:59:53,800 [INFO] WRITING LOG OUTPUT TO /home/dpatravali/.cellpose/run.log
2025-02-28 13:59:53,800 [INFO] 
cellpose version: 	3.1.1.1 
platform:       	linux 
python version: 	3.10.16 
torch version:  	2.6.0+cu124
2025-02-28 13:59:53,800 [INFO] >>>> using CPU
2025-02-28 13:59:53,800 [INFO] >>>> using CPU
2025-02-28 13:59:53,840 [INFO] >>>> loading model /mnt/sata4/cellpose_training/output-XETG00195__0041388__TMA00150__20241213__232337/models/dhruv_testing
2025-02-28 13:59:53,918 [INFO] >>>> model diam_mean =  30.000 (ROIs rescaled to this size during training)
2025-02-28 13:59:53,918 [INFO] >>>> model diam_labels =  22.483 (mean diameter of training ROIs)
2025-02-28 14:00:17,000 [INFO] No cell pixels found.
2025-02-28 14:00:17,336 [INFO] WRITING LOG OUTPUT TO /home/dpatravali/.cellpose/run.log
2025-02-28 14:00:17,336 [INFO] 
cellpose version: 	3.1.1.1 
platform:       	linux 
python version: 	3.10.16 
torch version:  	2.6.0+cu124
2025-02-28 14:00:17,336 [INFO] >>>> using CPU
2025-02-28 14:00:17,336 [INFO] >>>> using CPU
2025-02-28 14:00:17,375 [INFO] >>>> loading model /mnt/sata4/cellpose_training/output-XETG00195__0041388__TMA00150__20241213__232337/models/dhruv_testing
2025-02-28 14:00:17,455 [INFO] >>>> model diam_mean =  30.000 (ROIs rescaled to this size during training)
2025-02-28 14:00:17,455 [INFO] >>>> model diam_labels =  22.483 (mean diameter of training ROIs)
2025-02-28 14:00:40,517 [INFO] No cell pixels found.
2025-02-28 14:00:40,850 [INFO] WRITING LOG OUTPUT TO /home/dpatravali/.cellpose/run.log
2025-02-28 14:00:40,850 [INFO] 
cellpose version: 	3.1.1.1 
platform:       	linux 
python version: 	3.10.16 
torch version:  	2.6.0+cu124
2025-02-28 14:00:40,850 [INFO] >>>> using CPU
2025-02-28 14:00:40,850 [INFO] >>>> using CPU
2025-02-28 14:00:40,889 [INFO] >>>> loading model /mnt/sata4/cellpose_training/output-XETG00195__0041388__TMA00150__20241213__232337/models/dhruv_testing
2025-02-28 14:00:40,968 [INFO] >>>> model diam_mean =  30.000 (ROIs rescaled to this size during training)
2025-02-28 14:00:40,968 [INFO] >>>> model diam_labels =  22.483 (mean diameter of training ROIs)
2025-02-28 14:01:04,246 [INFO] No cell pixels found.
2025-02-28 14:01:04,581 [INFO] WRITING LOG OUTPUT TO /home/dpatravali/.cellpose/run.log
2025-02-28 14:01:04,581 [INFO] 
cellpose version: 	3.1.1.1 
platform:       	linux 
python version: 	3.10.16 
torch version:  	2.6.0+cu124
2025-02-28 14:01:04,581 [INFO] >>>> using CPU
2025-02-28 14:01:04,581 [INFO] >>>> using CPU
2025-02-28 14:01:04,621 [INFO] >>>> loading model /mnt/sata4/cellpose_training/output-XETG00195__0041388__TMA00150__20241213__232337/models/dhruv_testing
2025-02-28 14:01:04,700 [INFO] >>>> model diam_mean =  30.000 (ROIs rescaled to this size during training)
2025-02-28 14:01:04,700 [INFO] >>>> model diam_labels =  22.483 (mean diameter of training ROIs)
2025-02-28 14:01:27,919 [INFO] No cell pixels found.
2025-02-28 14:01:28,253 [INFO] WRITING LOG OUTPUT TO /home/dpatravali/.cellpose/run.log
2025-02-28 14:01:28,253 [INFO] 
cellpose version: 	3.1.1.1 
platform:       	linux 
python version: 	3.10.16 
torch version:  	2.6.0+cu124
2025-02-28 14:01:28,253 [INFO] >>>> using CPU
2025-02-28 14:01:28,253 [INFO] >>>> using CPU
2025-02-28 14:01:28,293 [INFO] >>>> loading model /mnt/sata4/cellpose_training/output-XETG00195__0041388__TMA00150__20241213__232337/models/dhruv_testing
2025-02-28 14:01:28,373 [INFO] >>>> model diam_mean =  30.000 (ROIs rescaled to this size during training)
2025-02-28 14:01:28,373 [INFO] >>>> model diam_labels =  22.483 (mean diameter of training ROIs)
2025-02-28 14:01:52,472 [INFO] WRITING LOG OUTPUT TO /home/dpatravali/.cellpose/run.log
2025-02-28 14:01:52,472 [INFO] 
cellpose version: 	3.1.1.1 
platform:       	linux 
python version: 	3.10.16 
torch version:  	2.6.0+cu124
2025-02-28 14:01:52,472 [INFO] >>>> using CPU
2025-02-28 14:01:52,472 [INFO] >>>> using CPU
2025-02-28 14:01:52,511 [INFO] >>>> loading model /mnt/sata4/cellpose_training/output-XETG00195__0041388__TMA00150__20241213__232337/models/dhruv_testing
2025-02-28 14:01:52,591 [INFO] >>>> model diam_mean =  30.000 (ROIs rescaled to this size during training)
2025-02-28 14:01:52,592 [INFO] >>>> model diam_labels =  22.483 (mean diameter of training ROIs)
2025-02-28 14:02:16,706 [INFO] WRITING LOG OUTPUT TO /home/dpatravali/.cellpose/run.log
2025-02-28 14:02:16,706 [INFO] 
cellpose version: 	3.1.1.1 
platform:       	linux 
python version: 	3.10.16 
torch version:  	2.6.0+cu124
2025-02-28 14:02:16,706 [INFO] >>>> using CPU
2025-02-28 14:02:16,706 [INFO] >>>> using CPU
2025-02-28 14:02:16,745 [INFO] >>>> loading model /mnt/sata4/cellpose_training/output-XETG00195__0041388__TMA00150__20241213__232337/models/dhruv_testing
2025-02-28 14:02:17,062 [INFO] >>>> model diam_mean =  30.000 (ROIs rescaled to this size during training)
2025-02-28 14:02:17,062 [INFO] >>>> model diam_labels =  22.483 (mean diameter of training ROIs)
2025-02-28 14:02:41,206 [INFO] WRITING LOG OUTPUT TO /home/dpatravali/.cellpose/run.log
2025-02-28 14:02:41,206 [INFO] 
cellpose version: 	3.1.1.1 
platform:       	linux 
python version: 	3.10.16 
torch version:  	2.6.0+cu124
2025-02-28 14:02:41,207 [INFO] >>>> using CPU
2025-02-28 14:02:41,207 [INFO] >>>> using CPU
2025-02-28 14:02:41,247 [INFO] >>>> loading model /mnt/sata4/cellpose_training/output-XETG00195__0041388__TMA00150__20241213__232337/models/dhruv_testing
2025-02-28 14:02:41,326 [INFO] >>>> model diam_mean =  30.000 (ROIs rescaled to this size during training)
2025-02-28 14:02:41,326 [INFO] >>>> model diam_labels =  22.483 (mean diameter of training ROIs)
2025-02-28 14:03:06,354 [INFO] WRITING LOG OUTPUT TO /home/dpatravali/.cellpose/run.log
2025-02-28 14:03:06,354 [INFO] 
cellpose version: 	3.1.1.1 
platform:       	linux 
python version: 	3.10.16 
torch version:  	2.6.0+cu124
2025-02-28 14:03:06,354 [INFO] >>>> using CPU
2025-02-28 14:03:06,354 [INFO] >>>> using CPU
2025-02-28 14:03:06,394 [INFO] >>>> loading model /mnt/sata4/cellpose_training/output-XETG00195__0041388__TMA00150__20241213__232337/models/dhruv_testing
2025-02-28 14:03:06,473 [INFO] >>>> model diam_mean =  30.000 (ROIs rescaled to this size during training)
2025-02-28 14:03:06,473 [INFO] >>>> model diam_labels =  22.483 (mean diameter of training ROIs)
2025-02-28 14:03:34,075 [INFO] WRITING LOG OUTPUT TO /home/dpatravali/.cellpose/run.log
2025-02-28 14:03:34,075 [INFO] 
cellpose version: 	3.1.1.1 
platform:       	linux 
python version: 	3.10.16 
torch version:  	2.6.0+cu124
2025-02-28 14:03:34,075 [INFO] >>>> using CPU
2025-02-28 14:03:34,075 [INFO] >>>> using CPU
2025-02-28 14:03:34,112 [INFO] >>>> loading model /mnt/sata4/cellpose_training/output-XETG00195__0041388__TMA00150__20241213__232337/models/dhruv_testing
2025-02-28 14:03:34,190 [INFO] >>>> model diam_mean =  30.000 (ROIs rescaled to this size during training)
2025-02-28 14:03:34,190 [INFO] >>>> model diam_labels =  22.483 (mean diameter of training ROIs)
2025-02-28 14:04:03,145 [INFO] WRITING LOG OUTPUT TO /home/dpatravali/.cellpose/run.log
2025-02-28 14:04:03,145 [INFO] 
cellpose version: 	3.1.1.1 
platform:       	linux 
python version: 	3.10.16 
torch version:  	2.6.0+cu124
2025-02-28 14:04:03,145 [INFO] >>>> using CPU
2025-02-28 14:04:03,145 [INFO] >>>> using CPU
2025-02-28 14:04:03,182 [INFO] >>>> loading model /mnt/sata4/cellpose_training/output-XETG00195__0041388__TMA00150__20241213__232337/models/dhruv_testing
2025-02-28 14:04:03,261 [INFO] >>>> model diam_mean =  30.000 (ROIs rescaled to this size during training)
2025-02-28 14:04:03,261 [INFO] >>>> model diam_labels =  22.483 (mean diameter of training ROIs)
2025-02-28 14:04:32,120 [INFO] WRITING LOG OUTPUT TO /home/dpatravali/.cellpose/run.log
2025-02-28 14:04:32,120 [INFO] 
cellpose version: 	3.1.1.1 
platform:       	linux 
python version: 	3.10.16 
torch version:  	2.6.0+cu124
2025-02-28 14:04:32,120 [INFO] >>>> using CPU
2025-02-28 14:04:32,120 [INFO] >>>> using CPU
2025-02-28 14:04:32,156 [INFO] >>>> loading model /mnt/sata4/cellpose_training/output-XETG00195__0041388__TMA00150__20241213__232337/models/dhruv_testing
2025-02-28 14:04:32,235 [INFO] >>>> model diam_mean =  30.000 (ROIs rescaled to this size during training)
2025-02-28 14:04:32,235 [INFO] >>>> model diam_labels =  22.483 (mean diameter of training ROIs)
2025-02-28 14:05:00,288 [INFO] WRITING LOG OUTPUT TO /home/dpatravali/.cellpose/run.log
2025-02-28 14:05:00,288 [INFO] 
cellpose version: 	3.1.1.1 
platform:       	linux 
python version: 	3.10.16 
torch version:  	2.6.0+cu124
2025-02-28 14:05:00,288 [INFO] >>>> using CPU
2025-02-28 14:05:00,288 [INFO] >>>> using CPU
2025-02-28 14:05:00,323 [INFO] >>>> loading model /mnt/sata4/cellpose_training/output-XETG00195__0041388__TMA00150__20241213__232337/models/dhruv_testing
2025-02-28 14:05:00,595 [INFO] >>>> model diam_mean =  30.000 (ROIs rescaled to this size during training)
2025-02-28 14:05:00,595 [INFO] >>>> model diam_labels =  22.483 (mean diameter of training ROIs)
