2025-03-05 16:36:41,008 [INFO] WRITING LOG OUTPUT TO /home/dpatravali/.cellpose/run.log
2025-03-05 16:36:41,009 [INFO] 
cellpose version: 	3.1.1.1 
platform:       	linux 
python version: 	3.10.16 
torch version:  	2.6.0+cu124
2025-03-05 16:36:41,161 [INFO] ** TORCH CUDA version installed and working. **
2025-03-05 16:36:41,162 [INFO] >>>> using GPU (CUDA)
2025-03-05 16:36:41,214 [INFO] >>>> loading model /mnt/sata4/cellpose_training/output-XETG00195__0041388__TMA00150__20241213__232337/models/dhruv_testing
2025-03-05 16:36:41,274 [INFO] >>>> model diam_mean =  30.000 (ROIs rescaled to this size during training)
2025-03-05 16:36:41,275 [INFO] >>>> model diam_labels =  22.483 (mean diameter of training ROIs)
2025-03-05 16:36:44,260 [INFO] WRITING LOG OUTPUT TO /home/dpatravali/.cellpose/run.log
2025-03-05 16:36:44,260 [INFO] 
cellpose version: 	3.1.1.1 
platform:       	linux 
python version: 	3.10.16 
torch version:  	2.6.0+cu124
2025-03-05 16:36:44,260 [INFO] ** TORCH CUDA version installed and working. **
2025-03-05 16:36:44,260 [INFO] >>>> using GPU (CUDA)
2025-03-05 16:36:44,308 [INFO] >>>> loading model /mnt/sata4/cellpose_training/output-XETG00195__0041388__TMA00150__20241213__232337/models/dhruv_testing
2025-03-05 16:36:44,368 [INFO] >>>> model diam_mean =  30.000 (ROIs rescaled to this size during training)
2025-03-05 16:36:44,368 [INFO] >>>> model diam_labels =  22.483 (mean diameter of training ROIs)
2025-03-05 16:36:46,068 [INFO] WRITING LOG OUTPUT TO /home/dpatravali/.cellpose/run.log
2025-03-05 16:36:46,068 [INFO] 
cellpose version: 	3.1.1.1 
platform:       	linux 
python version: 	3.10.16 
torch version:  	2.6.0+cu124
2025-03-05 16:36:46,068 [INFO] ** TORCH CUDA version installed and working. **
2025-03-05 16:36:46,069 [INFO] >>>> using GPU (CUDA)
2025-03-05 16:36:46,115 [INFO] >>>> loading model /mnt/sata4/cellpose_training/output-XETG00195__0041388__TMA00150__20241213__232337/models/dhruv_testing
2025-03-05 16:36:46,175 [INFO] >>>> model diam_mean =  30.000 (ROIs rescaled to this size during training)
2025-03-05 16:36:46,175 [INFO] >>>> model diam_labels =  22.483 (mean diameter of training ROIs)
2025-03-05 16:36:47,765 [INFO] WRITING LOG OUTPUT TO /home/dpatravali/.cellpose/run.log
2025-03-05 16:36:47,765 [INFO] 
cellpose version: 	3.1.1.1 
platform:       	linux 
python version: 	3.10.16 
torch version:  	2.6.0+cu124
2025-03-05 16:36:47,766 [INFO] ** TORCH CUDA version installed and working. **
2025-03-05 16:36:47,766 [INFO] >>>> using GPU (CUDA)
2025-03-05 16:36:47,812 [INFO] >>>> loading model /mnt/sata4/cellpose_training/output-XETG00195__0041388__TMA00150__20241213__232337/models/dhruv_testing
2025-03-05 16:36:47,870 [INFO] >>>> model diam_mean =  30.000 (ROIs rescaled to this size during training)
2025-03-05 16:36:47,870 [INFO] >>>> model diam_labels =  22.483 (mean diameter of training ROIs)
2025-03-05 16:36:50,061 [INFO] WRITING LOG OUTPUT TO /home/dpatravali/.cellpose/run.log
2025-03-05 16:36:50,061 [INFO] 
cellpose version: 	3.1.1.1 
platform:       	linux 
python version: 	3.10.16 
torch version:  	2.6.0+cu124
2025-03-05 16:36:50,061 [INFO] ** TORCH CUDA version installed and working. **
2025-03-05 16:36:50,061 [INFO] >>>> using GPU (CUDA)
2025-03-05 16:36:50,108 [INFO] >>>> loading model /mnt/sata4/cellpose_training/output-XETG00195__0041388__TMA00150__20241213__232337/models/dhruv_testing
2025-03-05 16:36:50,168 [INFO] >>>> model diam_mean =  30.000 (ROIs rescaled to this size during training)
2025-03-05 16:36:50,168 [INFO] >>>> model diam_labels =  22.483 (mean diameter of training ROIs)
2025-03-05 16:36:52,233 [INFO] WRITING LOG OUTPUT TO /home/dpatravali/.cellpose/run.log
2025-03-05 16:36:52,233 [INFO] 
cellpose version: 	3.1.1.1 
platform:       	linux 
python version: 	3.10.16 
torch version:  	2.6.0+cu124
2025-03-05 16:36:52,233 [INFO] ** TORCH CUDA version installed and working. **
2025-03-05 16:36:52,233 [INFO] >>>> using GPU (CUDA)
2025-03-05 16:36:52,279 [INFO] >>>> loading model /mnt/sata4/cellpose_training/output-XETG00195__0041388__TMA00150__20241213__232337/models/dhruv_testing
2025-03-05 16:36:52,338 [INFO] >>>> model diam_mean =  30.000 (ROIs rescaled to this size during training)
2025-03-05 16:36:52,338 [INFO] >>>> model diam_labels =  22.483 (mean diameter of training ROIs)
2025-03-05 16:36:52,686 [INFO] WRITING LOG OUTPUT TO /home/dpatravali/.cellpose/run.log
2025-03-05 16:36:52,686 [INFO] 
cellpose version: 	3.1.1.1 
platform:       	linux 
python version: 	3.10.16 
torch version:  	2.6.0+cu124
2025-03-05 16:36:52,686 [INFO] ** TORCH CUDA version installed and working. **
2025-03-05 16:36:52,686 [INFO] >>>> using GPU (CUDA)
2025-03-05 16:36:52,735 [INFO] >>>> loading model /mnt/sata4/cellpose_training/output-XETG00195__0041388__TMA00150__20241213__232337/models/dhruv_testing
2025-03-05 16:36:52,797 [INFO] >>>> model diam_mean =  30.000 (ROIs rescaled to this size during training)
2025-03-05 16:36:52,797 [INFO] >>>> model diam_labels =  22.483 (mean diameter of training ROIs)
2025-03-05 16:36:54,183 [INFO] WRITING LOG OUTPUT TO /home/dpatravali/.cellpose/run.log
2025-03-05 16:36:54,183 [INFO] 
cellpose version: 	3.1.1.1 
platform:       	linux 
python version: 	3.10.16 
torch version:  	2.6.0+cu124
2025-03-05 16:36:54,183 [INFO] ** TORCH CUDA version installed and working. **
2025-03-05 16:36:54,184 [INFO] >>>> using GPU (CUDA)
2025-03-05 16:36:54,231 [INFO] >>>> loading model /mnt/sata4/cellpose_training/output-XETG00195__0041388__TMA00150__20241213__232337/models/dhruv_testing
2025-03-05 16:36:54,289 [INFO] >>>> model diam_mean =  30.000 (ROIs rescaled to this size during training)
2025-03-05 16:36:54,289 [INFO] >>>> model diam_labels =  22.483 (mean diameter of training ROIs)
2025-03-05 16:36:55,490 [INFO] WRITING LOG OUTPUT TO /home/dpatravali/.cellpose/run.log
2025-03-05 16:36:55,490 [INFO] 
cellpose version: 	3.1.1.1 
platform:       	linux 
python version: 	3.10.16 
torch version:  	2.6.0+cu124
2025-03-05 16:36:55,490 [INFO] ** TORCH CUDA version installed and working. **
2025-03-05 16:36:55,490 [INFO] >>>> using GPU (CUDA)
2025-03-05 16:36:55,537 [INFO] >>>> loading model /mnt/sata4/cellpose_training/output-XETG00195__0041388__TMA00150__20241213__232337/models/dhruv_testing
2025-03-05 16:36:55,596 [INFO] >>>> model diam_mean =  30.000 (ROIs rescaled to this size during training)
2025-03-05 16:36:55,596 [INFO] >>>> model diam_labels =  22.483 (mean diameter of training ROIs)
2025-03-05 16:36:55,982 [INFO] WRITING LOG OUTPUT TO /home/dpatravali/.cellpose/run.log
2025-03-05 16:36:55,982 [INFO] 
cellpose version: 	3.1.1.1 
platform:       	linux 
python version: 	3.10.16 
torch version:  	2.6.0+cu124
2025-03-05 16:36:55,982 [INFO] ** TORCH CUDA version installed and working. **
2025-03-05 16:36:55,982 [INFO] >>>> using GPU (CUDA)
2025-03-05 16:36:56,167 [INFO] >>>> loading model /mnt/sata4/cellpose_training/output-XETG00195__0041388__TMA00150__20241213__232337/models/dhruv_testing
2025-03-05 16:36:56,225 [INFO] >>>> model diam_mean =  30.000 (ROIs rescaled to this size during training)
2025-03-05 16:36:56,226 [INFO] >>>> model diam_labels =  22.483 (mean diameter of training ROIs)
2025-03-05 16:36:58,390 [INFO] WRITING LOG OUTPUT TO /home/dpatravali/.cellpose/run.log
2025-03-05 16:36:58,390 [INFO] 
cellpose version: 	3.1.1.1 
platform:       	linux 
python version: 	3.10.16 
torch version:  	2.6.0+cu124
2025-03-05 16:36:58,391 [INFO] ** TORCH CUDA version installed and working. **
2025-03-05 16:36:58,391 [INFO] >>>> using GPU (CUDA)
2025-03-05 16:36:58,438 [INFO] >>>> loading model /mnt/sata4/cellpose_training/output-XETG00195__0041388__TMA00150__20241213__232337/models/dhruv_testing
2025-03-05 16:36:58,497 [INFO] >>>> model diam_mean =  30.000 (ROIs rescaled to this size during training)
2025-03-05 16:36:58,497 [INFO] >>>> model diam_labels =  22.483 (mean diameter of training ROIs)
2025-03-05 16:37:00,960 [INFO] WRITING LOG OUTPUT TO /home/dpatravali/.cellpose/run.log
2025-03-05 16:37:00,961 [INFO] 
cellpose version: 	3.1.1.1 
platform:       	linux 
python version: 	3.10.16 
torch version:  	2.6.0+cu124
2025-03-05 16:37:00,961 [INFO] ** TORCH CUDA version installed and working. **
2025-03-05 16:37:00,961 [INFO] >>>> using GPU (CUDA)
2025-03-05 16:37:01,010 [INFO] >>>> loading model /mnt/sata4/cellpose_training/output-XETG00195__0041388__TMA00150__20241213__232337/models/dhruv_testing
2025-03-05 16:37:01,068 [INFO] >>>> model diam_mean =  30.000 (ROIs rescaled to this size during training)
2025-03-05 16:37:01,069 [INFO] >>>> model diam_labels =  22.483 (mean diameter of training ROIs)
2025-03-05 16:37:03,325 [INFO] WRITING LOG OUTPUT TO /home/dpatravali/.cellpose/run.log
2025-03-05 16:37:03,325 [INFO] 
cellpose version: 	3.1.1.1 
platform:       	linux 
python version: 	3.10.16 
torch version:  	2.6.0+cu124
2025-03-05 16:37:03,325 [INFO] ** TORCH CUDA version installed and working. **
2025-03-05 16:37:03,325 [INFO] >>>> using GPU (CUDA)
2025-03-05 16:37:03,372 [INFO] >>>> loading model /mnt/sata4/cellpose_training/output-XETG00195__0041388__TMA00150__20241213__232337/models/dhruv_testing
2025-03-05 16:37:03,434 [INFO] >>>> model diam_mean =  30.000 (ROIs rescaled to this size during training)
2025-03-05 16:37:03,434 [INFO] >>>> model diam_labels =  22.483 (mean diameter of training ROIs)
2025-03-05 16:37:05,787 [INFO] WRITING LOG OUTPUT TO /home/dpatravali/.cellpose/run.log
2025-03-05 16:37:05,787 [INFO] 
cellpose version: 	3.1.1.1 
platform:       	linux 
python version: 	3.10.16 
torch version:  	2.6.0+cu124
2025-03-05 16:37:05,788 [INFO] ** TORCH CUDA version installed and working. **
2025-03-05 16:37:05,788 [INFO] >>>> using GPU (CUDA)
2025-03-05 16:37:05,835 [INFO] >>>> loading model /mnt/sata4/cellpose_training/output-XETG00195__0041388__TMA00150__20241213__232337/models/dhruv_testing
2025-03-05 16:37:05,894 [INFO] >>>> model diam_mean =  30.000 (ROIs rescaled to this size during training)
2025-03-05 16:37:05,894 [INFO] >>>> model diam_labels =  22.483 (mean diameter of training ROIs)
2025-03-05 16:37:06,161 [INFO] WRITING LOG OUTPUT TO /home/dpatravali/.cellpose/run.log
2025-03-05 16:37:06,161 [INFO] 
cellpose version: 	3.1.1.1 
platform:       	linux 
python version: 	3.10.16 
torch version:  	2.6.0+cu124
2025-03-05 16:37:06,162 [INFO] Neither TORCH CUDA nor MPS version not installed/working.
2025-03-05 16:37:06,162 [INFO] >>>> using CPU
2025-03-05 16:37:06,162 [INFO] >>>> using CPU
2025-03-05 16:37:06,207 [INFO] >>>> loading model /mnt/sata4/cellpose_training/output-XETG00195__0041388__TMA00150__20241213__232337/models/dhruv_testing
2025-03-05 16:37:06,289 [INFO] >>>> model diam_mean =  30.000 (ROIs rescaled to this size during training)
2025-03-05 16:37:06,289 [INFO] >>>> model diam_labels =  22.483 (mean diameter of training ROIs)
