2025-03-05 16:30:13,599 [INFO] WRITING LOG OUTPUT TO /home/dpatravali/.cellpose/run.log
2025-03-05 16:30:13,600 [INFO] 
cellpose version: 	3.1.1.1 
platform:       	linux 
python version: 	3.10.16 
torch version:  	2.6.0+cu124
2025-03-05 16:30:13,764 [INFO] ** TORCH CUDA version installed and working. **
2025-03-05 16:30:13,764 [INFO] >>>> using GPU (CUDA)
2025-03-05 16:30:13,818 [INFO] >>>> loading model /mnt/sata4/cellpose_training/output-XETG00195__0041388__TMA00150__20241213__232337/models/dhruv_testing
2025-03-05 16:30:13,878 [INFO] >>>> model diam_mean =  30.000 (ROIs rescaled to this size during training)
2025-03-05 16:30:13,878 [INFO] >>>> model diam_labels =  22.483 (mean diameter of training ROIs)
2025-03-05 16:30:15,408 [INFO] WRITING LOG OUTPUT TO /home/dpatravali/.cellpose/run.log
2025-03-05 16:30:15,408 [INFO] 
cellpose version: 	3.1.1.1 
platform:       	linux 
python version: 	3.10.16 
torch version:  	2.6.0+cu124
2025-03-05 16:30:15,408 [INFO] ** TORCH CUDA version installed and working. **
2025-03-05 16:30:15,408 [INFO] >>>> using GPU (CUDA)
2025-03-05 16:30:15,457 [INFO] >>>> loading model /mnt/sata4/cellpose_training/output-XETG00195__0041388__TMA00150__20241213__232337/models/dhruv_testing
2025-03-05 16:30:15,517 [INFO] >>>> model diam_mean =  30.000 (ROIs rescaled to this size during training)
2025-03-05 16:30:15,517 [INFO] >>>> model diam_labels =  22.483 (mean diameter of training ROIs)
2025-03-05 16:30:15,759 [INFO] WRITING LOG OUTPUT TO /home/dpatravali/.cellpose/run.log
2025-03-05 16:30:15,759 [INFO] 
cellpose version: 	3.1.1.1 
platform:       	linux 
python version: 	3.10.16 
torch version:  	2.6.0+cu124
2025-03-05 16:30:15,759 [INFO] ** TORCH CUDA version installed and working. **
2025-03-05 16:30:15,759 [INFO] >>>> using GPU (CUDA)
2025-03-05 16:30:15,806 [INFO] >>>> loading model /mnt/sata4/cellpose_training/output-XETG00195__0041388__TMA00150__20241213__232337/models/dhruv_testing
2025-03-05 16:30:15,863 [INFO] >>>> model diam_mean =  30.000 (ROIs rescaled to this size during training)
2025-03-05 16:30:15,863 [INFO] >>>> model diam_labels =  22.483 (mean diameter of training ROIs)
2025-03-05 16:30:16,124 [INFO] WRITING LOG OUTPUT TO /home/dpatravali/.cellpose/run.log
2025-03-05 16:30:16,124 [INFO] 
cellpose version: 	3.1.1.1 
platform:       	linux 
python version: 	3.10.16 
torch version:  	2.6.0+cu124
2025-03-05 16:30:16,124 [INFO] ** TORCH CUDA version installed and working. **
2025-03-05 16:30:16,124 [INFO] >>>> using GPU (CUDA)
2025-03-05 16:30:16,170 [INFO] >>>> loading model /mnt/sata4/cellpose_training/output-XETG00195__0041388__TMA00150__20241213__232337/models/dhruv_testing
2025-03-05 16:30:16,228 [INFO] >>>> model diam_mean =  30.000 (ROIs rescaled to this size during training)
2025-03-05 16:30:16,228 [INFO] >>>> model diam_labels =  22.483 (mean diameter of training ROIs)
2025-03-05 16:30:16,504 [INFO] WRITING LOG OUTPUT TO /home/dpatravali/.cellpose/run.log
2025-03-05 16:30:16,504 [INFO] 
cellpose version: 	3.1.1.1 
platform:       	linux 
python version: 	3.10.16 
torch version:  	2.6.0+cu124
2025-03-05 16:30:16,504 [INFO] ** TORCH CUDA version installed and working. **
2025-03-05 16:30:16,504 [INFO] >>>> using GPU (CUDA)
2025-03-05 16:30:16,550 [INFO] >>>> loading model /mnt/sata4/cellpose_training/output-XETG00195__0041388__TMA00150__20241213__232337/models/dhruv_testing
2025-03-05 16:30:16,608 [INFO] >>>> model diam_mean =  30.000 (ROIs rescaled to this size during training)
2025-03-05 16:30:16,608 [INFO] >>>> model diam_labels =  22.483 (mean diameter of training ROIs)
2025-03-05 16:30:16,852 [INFO] WRITING LOG OUTPUT TO /home/dpatravali/.cellpose/run.log
2025-03-05 16:30:16,853 [INFO] 
cellpose version: 	3.1.1.1 
platform:       	linux 
python version: 	3.10.16 
torch version:  	2.6.0+cu124
2025-03-05 16:30:16,853 [INFO] ** TORCH CUDA version installed and working. **
2025-03-05 16:30:16,853 [INFO] >>>> using GPU (CUDA)
2025-03-05 16:30:16,899 [INFO] >>>> loading model /mnt/sata4/cellpose_training/output-XETG00195__0041388__TMA00150__20241213__232337/models/dhruv_testing
2025-03-05 16:30:16,956 [INFO] >>>> model diam_mean =  30.000 (ROIs rescaled to this size during training)
2025-03-05 16:30:16,956 [INFO] >>>> model diam_labels =  22.483 (mean diameter of training ROIs)
2025-03-05 16:30:17,089 [INFO] WRITING LOG OUTPUT TO /home/dpatravali/.cellpose/run.log
2025-03-05 16:30:17,089 [INFO] 
cellpose version: 	3.1.1.1 
platform:       	linux 
python version: 	3.10.16 
torch version:  	2.6.0+cu124
2025-03-05 16:30:17,089 [INFO] ** TORCH CUDA version installed and working. **
2025-03-05 16:30:17,090 [INFO] >>>> using GPU (CUDA)
2025-03-05 16:30:17,136 [INFO] >>>> loading model /mnt/sata4/cellpose_training/output-XETG00195__0041388__TMA00150__20241213__232337/models/dhruv_testing
2025-03-05 16:30:17,194 [INFO] >>>> model diam_mean =  30.000 (ROIs rescaled to this size during training)
2025-03-05 16:30:17,194 [INFO] >>>> model diam_labels =  22.483 (mean diameter of training ROIs)
2025-03-05 16:30:17,410 [INFO] WRITING LOG OUTPUT TO /home/dpatravali/.cellpose/run.log
2025-03-05 16:30:17,410 [INFO] 
cellpose version: 	3.1.1.1 
platform:       	linux 
python version: 	3.10.16 
torch version:  	2.6.0+cu124
2025-03-05 16:30:17,410 [INFO] ** TORCH CUDA version installed and working. **
2025-03-05 16:30:17,410 [INFO] >>>> using GPU (CUDA)
2025-03-05 16:30:17,456 [INFO] >>>> loading model /mnt/sata4/cellpose_training/output-XETG00195__0041388__TMA00150__20241213__232337/models/dhruv_testing
2025-03-05 16:30:17,514 [INFO] >>>> model diam_mean =  30.000 (ROIs rescaled to this size during training)
2025-03-05 16:30:17,514 [INFO] >>>> model diam_labels =  22.483 (mean diameter of training ROIs)
2025-03-05 16:30:17,696 [INFO] WRITING LOG OUTPUT TO /home/dpatravali/.cellpose/run.log
2025-03-05 16:30:17,696 [INFO] 
cellpose version: 	3.1.1.1 
platform:       	linux 
python version: 	3.10.16 
torch version:  	2.6.0+cu124
2025-03-05 16:30:17,697 [INFO] ** TORCH CUDA version installed and working. **
2025-03-05 16:30:17,697 [INFO] >>>> using GPU (CUDA)
2025-03-05 16:30:17,744 [INFO] >>>> loading model /mnt/sata4/cellpose_training/output-XETG00195__0041388__TMA00150__20241213__232337/models/dhruv_testing
2025-03-05 16:30:17,801 [INFO] >>>> model diam_mean =  30.000 (ROIs rescaled to this size during training)
2025-03-05 16:30:17,801 [INFO] >>>> model diam_labels =  22.483 (mean diameter of training ROIs)
2025-03-05 16:30:17,937 [INFO] WRITING LOG OUTPUT TO /home/dpatravali/.cellpose/run.log
2025-03-05 16:30:17,937 [INFO] 
cellpose version: 	3.1.1.1 
platform:       	linux 
python version: 	3.10.16 
torch version:  	2.6.0+cu124
2025-03-05 16:30:17,937 [INFO] ** TORCH CUDA version installed and working. **
2025-03-05 16:30:17,937 [INFO] >>>> using GPU (CUDA)
2025-03-05 16:30:17,982 [INFO] >>>> loading model /mnt/sata4/cellpose_training/output-XETG00195__0041388__TMA00150__20241213__232337/models/dhruv_testing
2025-03-05 16:30:18,040 [INFO] >>>> model diam_mean =  30.000 (ROIs rescaled to this size during training)
2025-03-05 16:30:18,040 [INFO] >>>> model diam_labels =  22.483 (mean diameter of training ROIs)
2025-03-05 16:30:18,285 [INFO] WRITING LOG OUTPUT TO /home/dpatravali/.cellpose/run.log
2025-03-05 16:30:18,285 [INFO] 
cellpose version: 	3.1.1.1 
platform:       	linux 
python version: 	3.10.16 
torch version:  	2.6.0+cu124
2025-03-05 16:30:18,285 [INFO] ** TORCH CUDA version installed and working. **
2025-03-05 16:30:18,285 [INFO] >>>> using GPU (CUDA)
2025-03-05 16:30:18,331 [INFO] >>>> loading model /mnt/sata4/cellpose_training/output-XETG00195__0041388__TMA00150__20241213__232337/models/dhruv_testing
2025-03-05 16:30:18,388 [INFO] >>>> model diam_mean =  30.000 (ROIs rescaled to this size during training)
2025-03-05 16:30:18,388 [INFO] >>>> model diam_labels =  22.483 (mean diameter of training ROIs)
2025-03-05 16:30:18,678 [INFO] WRITING LOG OUTPUT TO /home/dpatravali/.cellpose/run.log
2025-03-05 16:30:18,678 [INFO] 
cellpose version: 	3.1.1.1 
platform:       	linux 
python version: 	3.10.16 
torch version:  	2.6.0+cu124
2025-03-05 16:30:18,678 [INFO] ** TORCH CUDA version installed and working. **
2025-03-05 16:30:18,678 [INFO] >>>> using GPU (CUDA)
2025-03-05 16:30:18,866 [INFO] >>>> loading model /mnt/sata4/cellpose_training/output-XETG00195__0041388__TMA00150__20241213__232337/models/dhruv_testing
2025-03-05 16:30:18,922 [INFO] >>>> model diam_mean =  30.000 (ROIs rescaled to this size during training)
2025-03-05 16:30:18,922 [INFO] >>>> model diam_labels =  22.483 (mean diameter of training ROIs)
2025-03-05 16:30:19,149 [INFO] WRITING LOG OUTPUT TO /home/dpatravali/.cellpose/run.log
2025-03-05 16:30:19,149 [INFO] 
cellpose version: 	3.1.1.1 
platform:       	linux 
python version: 	3.10.16 
torch version:  	2.6.0+cu124
2025-03-05 16:30:19,149 [INFO] ** TORCH CUDA version installed and working. **
2025-03-05 16:30:19,149 [INFO] >>>> using GPU (CUDA)
2025-03-05 16:30:19,195 [INFO] >>>> loading model /mnt/sata4/cellpose_training/output-XETG00195__0041388__TMA00150__20241213__232337/models/dhruv_testing
2025-03-05 16:30:19,251 [INFO] >>>> model diam_mean =  30.000 (ROIs rescaled to this size during training)
2025-03-05 16:30:19,251 [INFO] >>>> model diam_labels =  22.483 (mean diameter of training ROIs)
2025-03-05 16:30:19,517 [INFO] WRITING LOG OUTPUT TO /home/dpatravali/.cellpose/run.log
2025-03-05 16:30:19,518 [INFO] 
cellpose version: 	3.1.1.1 
platform:       	linux 
python version: 	3.10.16 
torch version:  	2.6.0+cu124
2025-03-05 16:30:19,518 [INFO] ** TORCH CUDA version installed and working. **
2025-03-05 16:30:19,518 [INFO] >>>> using GPU (CUDA)
2025-03-05 16:30:19,563 [INFO] >>>> loading model /mnt/sata4/cellpose_training/output-XETG00195__0041388__TMA00150__20241213__232337/models/dhruv_testing
2025-03-05 16:30:19,618 [INFO] >>>> model diam_mean =  30.000 (ROIs rescaled to this size during training)
2025-03-05 16:30:19,618 [INFO] >>>> model diam_labels =  22.483 (mean diameter of training ROIs)
2025-03-05 16:30:19,814 [INFO] WRITING LOG OUTPUT TO /home/dpatravali/.cellpose/run.log
2025-03-05 16:30:19,814 [INFO] 
cellpose version: 	3.1.1.1 
platform:       	linux 
python version: 	3.10.16 
torch version:  	2.6.0+cu124
2025-03-05 16:30:19,815 [INFO] Neither TORCH CUDA nor MPS version not installed/working.
2025-03-05 16:30:19,815 [INFO] >>>> using CPU
2025-03-05 16:30:19,815 [INFO] >>>> using CPU
2025-03-05 16:30:19,862 [INFO] >>>> loading model /mnt/sata4/cellpose_training/output-XETG00195__0041388__TMA00150__20241213__232337/models/dhruv_testing
2025-03-05 16:30:19,945 [INFO] >>>> model diam_mean =  30.000 (ROIs rescaled to this size during training)
2025-03-05 16:30:19,945 [INFO] >>>> model diam_labels =  22.483 (mean diameter of training ROIs)
