2025-02-28 14:30:12,692 [INFO] WRITING LOG OUTPUT TO /home/dpatravali/.cellpose/run.log
2025-02-28 14:30:12,692 [INFO] 
cellpose version: 	3.1.1.1 
platform:       	linux 
python version: 	3.10.16 
torch version:  	2.6.0+cu124
2025-02-28 14:30:12,692 [INFO] >>>> using CPU
2025-02-28 14:30:12,692 [INFO] >>>> using CPU
2025-02-28 14:30:12,771 [INFO] >>>> loading model /mnt/sata4/cellpose_training/output-XETG00195__0041388__TMA00150__20241213__232337/models/dhruv_testing
2025-02-28 14:30:12,856 [INFO] >>>> model diam_mean =  30.000 (ROIs rescaled to this size during training)
2025-02-28 14:30:12,856 [INFO] >>>> model diam_labels =  22.483 (mean diameter of training ROIs)
2025-02-28 14:30:14,158 [INFO] WRITING LOG OUTPUT TO /home/dpatravali/.cellpose/run.log
2025-02-28 14:30:14,158 [INFO] 
cellpose version: 	3.1.1.1 
platform:       	linux 
python version: 	3.10.16 
torch version:  	2.6.0+cu124
2025-02-28 14:30:14,159 [INFO] >>>> using CPU
2025-02-28 14:30:14,159 [INFO] >>>> using CPU
2025-02-28 14:30:14,203 [INFO] >>>> loading model /mnt/sata4/cellpose_training/output-XETG00195__0041388__TMA00150__20241213__232337/models/dhruv_testing
2025-02-28 14:30:14,291 [INFO] >>>> model diam_mean =  30.000 (ROIs rescaled to this size during training)
2025-02-28 14:30:14,291 [INFO] >>>> model diam_labels =  22.483 (mean diameter of training ROIs)
2025-02-28 14:30:15,526 [INFO] WRITING LOG OUTPUT TO /home/dpatravali/.cellpose/run.log
2025-02-28 14:30:15,526 [INFO] 
cellpose version: 	3.1.1.1 
platform:       	linux 
python version: 	3.10.16 
torch version:  	2.6.0+cu124
2025-02-28 14:30:15,526 [INFO] >>>> using CPU
2025-02-28 14:30:15,526 [INFO] >>>> using CPU
2025-02-28 14:30:15,569 [INFO] >>>> loading model /mnt/sata4/cellpose_training/output-XETG00195__0041388__TMA00150__20241213__232337/models/dhruv_testing
2025-02-28 14:30:15,655 [INFO] >>>> model diam_mean =  30.000 (ROIs rescaled to this size during training)
2025-02-28 14:30:15,656 [INFO] >>>> model diam_labels =  22.483 (mean diameter of training ROIs)
2025-02-28 14:30:16,838 [INFO] WRITING LOG OUTPUT TO /home/dpatravali/.cellpose/run.log
2025-02-28 14:30:16,838 [INFO] 
cellpose version: 	3.1.1.1 
platform:       	linux 
python version: 	3.10.16 
torch version:  	2.6.0+cu124
2025-02-28 14:30:16,839 [INFO] >>>> using CPU
2025-02-28 14:30:16,839 [INFO] >>>> using CPU
2025-02-28 14:30:16,882 [INFO] >>>> loading model /mnt/sata4/cellpose_training/output-XETG00195__0041388__TMA00150__20241213__232337/models/dhruv_testing
2025-02-28 14:30:16,966 [INFO] >>>> model diam_mean =  30.000 (ROIs rescaled to this size during training)
2025-02-28 14:30:16,966 [INFO] >>>> model diam_labels =  22.483 (mean diameter of training ROIs)
2025-02-28 14:30:18,142 [INFO] WRITING LOG OUTPUT TO /home/dpatravali/.cellpose/run.log
2025-02-28 14:30:18,142 [INFO] 
cellpose version: 	3.1.1.1 
platform:       	linux 
python version: 	3.10.16 
torch version:  	2.6.0+cu124
2025-02-28 14:30:18,143 [INFO] >>>> using CPU
2025-02-28 14:30:18,143 [INFO] >>>> using CPU
2025-02-28 14:30:18,187 [INFO] >>>> loading model /mnt/sata4/cellpose_training/output-XETG00195__0041388__TMA00150__20241213__232337/models/dhruv_testing
2025-02-28 14:30:18,271 [INFO] >>>> model diam_mean =  30.000 (ROIs rescaled to this size during training)
2025-02-28 14:30:18,271 [INFO] >>>> model diam_labels =  22.483 (mean diameter of training ROIs)
2025-02-28 14:30:19,452 [INFO] WRITING LOG OUTPUT TO /home/dpatravali/.cellpose/run.log
2025-02-28 14:30:19,452 [INFO] 
cellpose version: 	3.1.1.1 
platform:       	linux 
python version: 	3.10.16 
torch version:  	2.6.0+cu124
2025-02-28 14:30:19,452 [INFO] >>>> using CPU
2025-02-28 14:30:19,453 [INFO] >>>> using CPU
2025-02-28 14:30:19,496 [INFO] >>>> loading model /mnt/sata4/cellpose_training/output-XETG00195__0041388__TMA00150__20241213__232337/models/dhruv_testing
2025-02-28 14:30:19,581 [INFO] >>>> model diam_mean =  30.000 (ROIs rescaled to this size during training)
2025-02-28 14:30:19,581 [INFO] >>>> model diam_labels =  22.483 (mean diameter of training ROIs)
2025-02-28 14:30:20,743 [INFO] WRITING LOG OUTPUT TO /home/dpatravali/.cellpose/run.log
2025-02-28 14:30:20,743 [INFO] 
cellpose version: 	3.1.1.1 
platform:       	linux 
python version: 	3.10.16 
torch version:  	2.6.0+cu124
2025-02-28 14:30:20,744 [INFO] >>>> using CPU
2025-02-28 14:30:20,744 [INFO] >>>> using CPU
2025-02-28 14:30:20,787 [INFO] >>>> loading model /mnt/sata4/cellpose_training/output-XETG00195__0041388__TMA00150__20241213__232337/models/dhruv_testing
2025-02-28 14:30:20,873 [INFO] >>>> model diam_mean =  30.000 (ROIs rescaled to this size during training)
2025-02-28 14:30:20,874 [INFO] >>>> model diam_labels =  22.483 (mean diameter of training ROIs)
2025-02-28 14:30:22,047 [INFO] WRITING LOG OUTPUT TO /home/dpatravali/.cellpose/run.log
2025-02-28 14:30:22,047 [INFO] 
cellpose version: 	3.1.1.1 
platform:       	linux 
python version: 	3.10.16 
torch version:  	2.6.0+cu124
2025-02-28 14:30:22,047 [INFO] >>>> using CPU
2025-02-28 14:30:22,047 [INFO] >>>> using CPU
2025-02-28 14:30:22,092 [INFO] >>>> loading model /mnt/sata4/cellpose_training/output-XETG00195__0041388__TMA00150__20241213__232337/models/dhruv_testing
2025-02-28 14:30:22,178 [INFO] >>>> model diam_mean =  30.000 (ROIs rescaled to this size during training)
2025-02-28 14:30:22,178 [INFO] >>>> model diam_labels =  22.483 (mean diameter of training ROIs)
2025-02-28 14:30:23,016 [INFO] WRITING LOG OUTPUT TO /home/dpatravali/.cellpose/run.log
2025-02-28 14:30:23,017 [INFO] 
cellpose version: 	3.1.1.1 
platform:       	linux 
python version: 	3.10.16 
torch version:  	2.6.0+cu124
2025-02-28 14:30:23,017 [INFO] >>>> using CPU
2025-02-28 14:30:23,017 [INFO] >>>> using CPU
2025-02-28 14:30:23,060 [INFO] >>>> loading model /mnt/sata4/cellpose_training/output-XETG00195__0041388__TMA00150__20241213__232337/models/dhruv_testing
2025-02-28 14:30:23,146 [INFO] >>>> model diam_mean =  30.000 (ROIs rescaled to this size during training)
2025-02-28 14:30:23,146 [INFO] >>>> model diam_labels =  22.483 (mean diameter of training ROIs)
2025-02-28 14:30:24,288 [INFO] WRITING LOG OUTPUT TO /home/dpatravali/.cellpose/run.log
2025-02-28 14:30:24,288 [INFO] 
cellpose version: 	3.1.1.1 
platform:       	linux 
python version: 	3.10.16 
torch version:  	2.6.0+cu124
2025-02-28 14:30:24,288 [INFO] >>>> using CPU
2025-02-28 14:30:24,288 [INFO] >>>> using CPU
2025-02-28 14:30:24,332 [INFO] >>>> loading model /mnt/sata4/cellpose_training/output-XETG00195__0041388__TMA00150__20241213__232337/models/dhruv_testing
2025-02-28 14:30:24,419 [INFO] >>>> model diam_mean =  30.000 (ROIs rescaled to this size during training)
2025-02-28 14:30:24,419 [INFO] >>>> model diam_labels =  22.483 (mean diameter of training ROIs)
2025-02-28 14:30:25,626 [INFO] WRITING LOG OUTPUT TO /home/dpatravali/.cellpose/run.log
2025-02-28 14:30:25,626 [INFO] 
cellpose version: 	3.1.1.1 
platform:       	linux 
python version: 	3.10.16 
torch version:  	2.6.0+cu124
2025-02-28 14:30:25,626 [INFO] >>>> using CPU
2025-02-28 14:30:25,626 [INFO] >>>> using CPU
2025-02-28 14:30:25,670 [INFO] >>>> loading model /mnt/sata4/cellpose_training/output-XETG00195__0041388__TMA00150__20241213__232337/models/dhruv_testing
2025-02-28 14:30:25,758 [INFO] >>>> model diam_mean =  30.000 (ROIs rescaled to this size during training)
2025-02-28 14:30:25,758 [INFO] >>>> model diam_labels =  22.483 (mean diameter of training ROIs)
2025-02-28 14:30:27,099 [INFO] WRITING LOG OUTPUT TO /home/dpatravali/.cellpose/run.log
2025-02-28 14:30:27,099 [INFO] 
cellpose version: 	3.1.1.1 
platform:       	linux 
python version: 	3.10.16 
torch version:  	2.6.0+cu124
2025-02-28 14:30:27,099 [INFO] >>>> using CPU
2025-02-28 14:30:27,099 [INFO] >>>> using CPU
2025-02-28 14:30:27,143 [INFO] >>>> loading model /mnt/sata4/cellpose_training/output-XETG00195__0041388__TMA00150__20241213__232337/models/dhruv_testing
2025-02-28 14:30:27,224 [INFO] >>>> model diam_mean =  30.000 (ROIs rescaled to this size during training)
2025-02-28 14:30:27,224 [INFO] >>>> model diam_labels =  22.483 (mean diameter of training ROIs)
2025-02-28 14:30:28,380 [INFO] WRITING LOG OUTPUT TO /home/dpatravali/.cellpose/run.log
2025-02-28 14:30:28,380 [INFO] 
cellpose version: 	3.1.1.1 
platform:       	linux 
python version: 	3.10.16 
torch version:  	2.6.0+cu124
2025-02-28 14:30:28,381 [INFO] >>>> using CPU
2025-02-28 14:30:28,381 [INFO] >>>> using CPU
2025-02-28 14:30:28,424 [INFO] >>>> loading model /mnt/sata4/cellpose_training/output-XETG00195__0041388__TMA00150__20241213__232337/models/dhruv_testing
2025-02-28 14:30:28,511 [INFO] >>>> model diam_mean =  30.000 (ROIs rescaled to this size during training)
2025-02-28 14:30:28,511 [INFO] >>>> model diam_labels =  22.483 (mean diameter of training ROIs)
2025-02-28 14:30:29,646 [INFO] WRITING LOG OUTPUT TO /home/dpatravali/.cellpose/run.log
2025-02-28 14:30:29,646 [INFO] 
cellpose version: 	3.1.1.1 
platform:       	linux 
python version: 	3.10.16 
torch version:  	2.6.0+cu124
2025-02-28 14:30:29,647 [INFO] >>>> using CPU
2025-02-28 14:30:29,647 [INFO] >>>> using CPU
2025-02-28 14:30:29,691 [INFO] >>>> loading model /mnt/sata4/cellpose_training/output-XETG00195__0041388__TMA00150__20241213__232337/models/dhruv_testing
2025-02-28 14:30:29,779 [INFO] >>>> model diam_mean =  30.000 (ROIs rescaled to this size during training)
2025-02-28 14:30:29,780 [INFO] >>>> model diam_labels =  22.483 (mean diameter of training ROIs)
2025-02-28 14:30:30,928 [INFO] WRITING LOG OUTPUT TO /home/dpatravali/.cellpose/run.log
2025-02-28 14:30:30,928 [INFO] 
cellpose version: 	3.1.1.1 
platform:       	linux 
python version: 	3.10.16 
torch version:  	2.6.0+cu124
2025-02-28 14:30:30,928 [INFO] >>>> using CPU
2025-02-28 14:30:30,928 [INFO] >>>> using CPU
2025-02-28 14:30:30,972 [INFO] >>>> loading model /mnt/sata4/cellpose_training/output-XETG00195__0041388__TMA00150__20241213__232337/models/dhruv_testing
2025-02-28 14:30:31,058 [INFO] >>>> model diam_mean =  30.000 (ROIs rescaled to this size during training)
2025-02-28 14:30:31,059 [INFO] >>>> model diam_labels =  22.483 (mean diameter of training ROIs)
2025-02-28 14:30:32,268 [INFO] WRITING LOG OUTPUT TO /home/dpatravali/.cellpose/run.log
2025-02-28 14:30:32,269 [INFO] 
cellpose version: 	3.1.1.1 
platform:       	linux 
python version: 	3.10.16 
torch version:  	2.6.0+cu124
2025-02-28 14:30:32,269 [INFO] >>>> using CPU
2025-02-28 14:30:32,269 [INFO] >>>> using CPU
2025-02-28 14:30:32,313 [INFO] >>>> loading model /mnt/sata4/cellpose_training/output-XETG00195__0041388__TMA00150__20241213__232337/models/dhruv_testing
2025-02-28 14:30:32,393 [INFO] >>>> model diam_mean =  30.000 (ROIs rescaled to this size during training)
2025-02-28 14:30:32,393 [INFO] >>>> model diam_labels =  22.483 (mean diameter of training ROIs)
2025-02-28 14:30:33,215 [INFO] WRITING LOG OUTPUT TO /home/dpatravali/.cellpose/run.log
2025-02-28 14:30:33,215 [INFO] 
cellpose version: 	3.1.1.1 
platform:       	linux 
python version: 	3.10.16 
torch version:  	2.6.0+cu124
2025-02-28 14:30:33,215 [INFO] >>>> using CPU
2025-02-28 14:30:33,216 [INFO] >>>> using CPU
2025-02-28 14:30:33,258 [INFO] >>>> loading model /mnt/sata4/cellpose_training/output-XETG00195__0041388__TMA00150__20241213__232337/models/dhruv_testing
2025-02-28 14:30:33,345 [INFO] >>>> model diam_mean =  30.000 (ROIs rescaled to this size during training)
2025-02-28 14:30:33,345 [INFO] >>>> model diam_labels =  22.483 (mean diameter of training ROIs)
2025-02-28 14:30:34,510 [INFO] WRITING LOG OUTPUT TO /home/dpatravali/.cellpose/run.log
2025-02-28 14:30:34,511 [INFO] 
cellpose version: 	3.1.1.1 
platform:       	linux 
python version: 	3.10.16 
torch version:  	2.6.0+cu124
2025-02-28 14:30:34,511 [INFO] >>>> using CPU
2025-02-28 14:30:34,511 [INFO] >>>> using CPU
2025-02-28 14:30:34,554 [INFO] >>>> loading model /mnt/sata4/cellpose_training/output-XETG00195__0041388__TMA00150__20241213__232337/models/dhruv_testing
2025-02-28 14:30:34,641 [INFO] >>>> model diam_mean =  30.000 (ROIs rescaled to this size during training)
2025-02-28 14:30:34,641 [INFO] >>>> model diam_labels =  22.483 (mean diameter of training ROIs)
2025-02-28 14:30:35,824 [INFO] WRITING LOG OUTPUT TO /home/dpatravali/.cellpose/run.log
2025-02-28 14:30:35,824 [INFO] 
cellpose version: 	3.1.1.1 
platform:       	linux 
python version: 	3.10.16 
torch version:  	2.6.0+cu124
2025-02-28 14:30:35,825 [INFO] >>>> using CPU
2025-02-28 14:30:35,825 [INFO] >>>> using CPU
2025-02-28 14:30:35,868 [INFO] >>>> loading model /mnt/sata4/cellpose_training/output-XETG00195__0041388__TMA00150__20241213__232337/models/dhruv_testing
2025-02-28 14:30:35,952 [INFO] >>>> model diam_mean =  30.000 (ROIs rescaled to this size during training)
2025-02-28 14:30:35,952 [INFO] >>>> model diam_labels =  22.483 (mean diameter of training ROIs)
2025-02-28 14:30:37,123 [INFO] WRITING LOG OUTPUT TO /home/dpatravali/.cellpose/run.log
2025-02-28 14:30:37,123 [INFO] 
cellpose version: 	3.1.1.1 
platform:       	linux 
python version: 	3.10.16 
torch version:  	2.6.0+cu124
2025-02-28 14:30:37,124 [INFO] >>>> using CPU
2025-02-28 14:30:37,124 [INFO] >>>> using CPU
2025-02-28 14:30:37,167 [INFO] >>>> loading model /mnt/sata4/cellpose_training/output-XETG00195__0041388__TMA00150__20241213__232337/models/dhruv_testing
2025-02-28 14:30:37,252 [INFO] >>>> model diam_mean =  30.000 (ROIs rescaled to this size during training)
2025-02-28 14:30:37,253 [INFO] >>>> model diam_labels =  22.483 (mean diameter of training ROIs)
2025-02-28 14:30:38,400 [INFO] WRITING LOG OUTPUT TO /home/dpatravali/.cellpose/run.log
2025-02-28 14:30:38,400 [INFO] 
cellpose version: 	3.1.1.1 
platform:       	linux 
python version: 	3.10.16 
torch version:  	2.6.0+cu124
2025-02-28 14:30:38,400 [INFO] >>>> using CPU
2025-02-28 14:30:38,400 [INFO] >>>> using CPU
2025-02-28 14:30:38,443 [INFO] >>>> loading model /mnt/sata4/cellpose_training/output-XETG00195__0041388__TMA00150__20241213__232337/models/dhruv_testing
2025-02-28 14:30:38,531 [INFO] >>>> model diam_mean =  30.000 (ROIs rescaled to this size during training)
2025-02-28 14:30:38,531 [INFO] >>>> model diam_labels =  22.483 (mean diameter of training ROIs)
2025-02-28 14:30:39,661 [INFO] WRITING LOG OUTPUT TO /home/dpatravali/.cellpose/run.log
2025-02-28 14:30:39,661 [INFO] 
cellpose version: 	3.1.1.1 
platform:       	linux 
python version: 	3.10.16 
torch version:  	2.6.0+cu124
2025-02-28 14:30:39,661 [INFO] >>>> using CPU
2025-02-28 14:30:39,661 [INFO] >>>> using CPU
2025-02-28 14:30:39,704 [INFO] >>>> loading model /mnt/sata4/cellpose_training/output-XETG00195__0041388__TMA00150__20241213__232337/models/dhruv_testing
2025-02-28 14:30:39,791 [INFO] >>>> model diam_mean =  30.000 (ROIs rescaled to this size during training)
2025-02-28 14:30:39,791 [INFO] >>>> model diam_labels =  22.483 (mean diameter of training ROIs)
2025-02-28 14:30:40,936 [INFO] WRITING LOG OUTPUT TO /home/dpatravali/.cellpose/run.log
2025-02-28 14:30:40,936 [INFO] 
cellpose version: 	3.1.1.1 
platform:       	linux 
python version: 	3.10.16 
torch version:  	2.6.0+cu124
2025-02-28 14:30:40,937 [INFO] >>>> using CPU
2025-02-28 14:30:40,937 [INFO] >>>> using CPU
2025-02-28 14:30:40,980 [INFO] >>>> loading model /mnt/sata4/cellpose_training/output-XETG00195__0041388__TMA00150__20241213__232337/models/dhruv_testing
2025-02-28 14:30:41,065 [INFO] >>>> model diam_mean =  30.000 (ROIs rescaled to this size during training)
2025-02-28 14:30:41,065 [INFO] >>>> model diam_labels =  22.483 (mean diameter of training ROIs)
2025-02-28 14:30:42,263 [INFO] WRITING LOG OUTPUT TO /home/dpatravali/.cellpose/run.log
2025-02-28 14:30:42,263 [INFO] 
cellpose version: 	3.1.1.1 
platform:       	linux 
python version: 	3.10.16 
torch version:  	2.6.0+cu124
2025-02-28 14:30:42,263 [INFO] >>>> using CPU
2025-02-28 14:30:42,263 [INFO] >>>> using CPU
2025-02-28 14:30:42,307 [INFO] >>>> loading model /mnt/sata4/cellpose_training/output-XETG00195__0041388__TMA00150__20241213__232337/models/dhruv_testing
2025-02-28 14:30:42,392 [INFO] >>>> model diam_mean =  30.000 (ROIs rescaled to this size during training)
2025-02-28 14:30:42,393 [INFO] >>>> model diam_labels =  22.483 (mean diameter of training ROIs)
2025-02-28 14:30:43,220 [INFO] WRITING LOG OUTPUT TO /home/dpatravali/.cellpose/run.log
2025-02-28 14:30:43,220 [INFO] 
cellpose version: 	3.1.1.1 
platform:       	linux 
python version: 	3.10.16 
torch version:  	2.6.0+cu124
2025-02-28 14:30:43,221 [INFO] >>>> using CPU
2025-02-28 14:30:43,221 [INFO] >>>> using CPU
2025-02-28 14:30:43,263 [INFO] >>>> loading model /mnt/sata4/cellpose_training/output-XETG00195__0041388__TMA00150__20241213__232337/models/dhruv_testing
2025-02-28 14:30:43,348 [INFO] >>>> model diam_mean =  30.000 (ROIs rescaled to this size during training)
2025-02-28 14:30:43,349 [INFO] >>>> model diam_labels =  22.483 (mean diameter of training ROIs)
2025-02-28 14:30:44,507 [INFO] WRITING LOG OUTPUT TO /home/dpatravali/.cellpose/run.log
2025-02-28 14:30:44,507 [INFO] 
cellpose version: 	3.1.1.1 
platform:       	linux 
python version: 	3.10.16 
torch version:  	2.6.0+cu124
2025-02-28 14:30:44,507 [INFO] >>>> using CPU
2025-02-28 14:30:44,507 [INFO] >>>> using CPU
2025-02-28 14:30:44,551 [INFO] >>>> loading model /mnt/sata4/cellpose_training/output-XETG00195__0041388__TMA00150__20241213__232337/models/dhruv_testing
2025-02-28 14:30:44,751 [INFO] >>>> model diam_mean =  30.000 (ROIs rescaled to this size during training)
2025-02-28 14:30:44,752 [INFO] >>>> model diam_labels =  22.483 (mean diameter of training ROIs)
2025-02-28 14:30:45,944 [INFO] WRITING LOG OUTPUT TO /home/dpatravali/.cellpose/run.log
2025-02-28 14:30:45,944 [INFO] 
cellpose version: 	3.1.1.1 
platform:       	linux 
python version: 	3.10.16 
torch version:  	2.6.0+cu124
2025-02-28 14:30:45,944 [INFO] >>>> using CPU
2025-02-28 14:30:45,944 [INFO] >>>> using CPU
2025-02-28 14:30:45,987 [INFO] >>>> loading model /mnt/sata4/cellpose_training/output-XETG00195__0041388__TMA00150__20241213__232337/models/dhruv_testing
2025-02-28 14:30:46,071 [INFO] >>>> model diam_mean =  30.000 (ROIs rescaled to this size during training)
2025-02-28 14:30:46,071 [INFO] >>>> model diam_labels =  22.483 (mean diameter of training ROIs)
2025-02-28 14:30:47,263 [INFO] WRITING LOG OUTPUT TO /home/dpatravali/.cellpose/run.log
2025-02-28 14:30:47,263 [INFO] 
cellpose version: 	3.1.1.1 
platform:       	linux 
python version: 	3.10.16 
torch version:  	2.6.0+cu124
2025-02-28 14:30:47,263 [INFO] >>>> using CPU
2025-02-28 14:30:47,263 [INFO] >>>> using CPU
2025-02-28 14:30:47,305 [INFO] >>>> loading model /mnt/sata4/cellpose_training/output-XETG00195__0041388__TMA00150__20241213__232337/models/dhruv_testing
2025-02-28 14:30:47,389 [INFO] >>>> model diam_mean =  30.000 (ROIs rescaled to this size during training)
2025-02-28 14:30:47,389 [INFO] >>>> model diam_labels =  22.483 (mean diameter of training ROIs)
2025-02-28 14:30:48,552 [INFO] WRITING LOG OUTPUT TO /home/dpatravali/.cellpose/run.log
2025-02-28 14:30:48,552 [INFO] 
cellpose version: 	3.1.1.1 
platform:       	linux 
python version: 	3.10.16 
torch version:  	2.6.0+cu124
2025-02-28 14:30:48,552 [INFO] >>>> using CPU
2025-02-28 14:30:48,552 [INFO] >>>> using CPU
2025-02-28 14:30:48,595 [INFO] >>>> loading model /mnt/sata4/cellpose_training/output-XETG00195__0041388__TMA00150__20241213__232337/models/dhruv_testing
2025-02-28 14:30:48,682 [INFO] >>>> model diam_mean =  30.000 (ROIs rescaled to this size during training)
2025-02-28 14:30:48,683 [INFO] >>>> model diam_labels =  22.483 (mean diameter of training ROIs)
2025-02-28 14:30:49,846 [INFO] WRITING LOG OUTPUT TO /home/dpatravali/.cellpose/run.log
2025-02-28 14:30:49,846 [INFO] 
cellpose version: 	3.1.1.1 
platform:       	linux 
python version: 	3.10.16 
torch version:  	2.6.0+cu124
2025-02-28 14:30:49,846 [INFO] >>>> using CPU
2025-02-28 14:30:49,846 [INFO] >>>> using CPU
2025-02-28 14:30:49,890 [INFO] >>>> loading model /mnt/sata4/cellpose_training/output-XETG00195__0041388__TMA00150__20241213__232337/models/dhruv_testing
2025-02-28 14:30:49,976 [INFO] >>>> model diam_mean =  30.000 (ROIs rescaled to this size during training)
2025-02-28 14:30:49,977 [INFO] >>>> model diam_labels =  22.483 (mean diameter of training ROIs)
2025-02-28 14:30:51,185 [INFO] WRITING LOG OUTPUT TO /home/dpatravali/.cellpose/run.log
2025-02-28 14:30:51,185 [INFO] 
cellpose version: 	3.1.1.1 
platform:       	linux 
python version: 	3.10.16 
torch version:  	2.6.0+cu124
2025-02-28 14:30:51,185 [INFO] >>>> using CPU
2025-02-28 14:30:51,186 [INFO] >>>> using CPU
2025-02-28 14:30:51,230 [INFO] >>>> loading model /mnt/sata4/cellpose_training/output-XETG00195__0041388__TMA00150__20241213__232337/models/dhruv_testing
2025-02-28 14:30:51,315 [INFO] >>>> model diam_mean =  30.000 (ROIs rescaled to this size during training)
2025-02-28 14:30:51,315 [INFO] >>>> model diam_labels =  22.483 (mean diameter of training ROIs)
2025-02-28 14:30:52,496 [INFO] WRITING LOG OUTPUT TO /home/dpatravali/.cellpose/run.log
2025-02-28 14:30:52,496 [INFO] 
cellpose version: 	3.1.1.1 
platform:       	linux 
python version: 	3.10.16 
torch version:  	2.6.0+cu124
2025-02-28 14:30:52,496 [INFO] >>>> using CPU
2025-02-28 14:30:52,496 [INFO] >>>> using CPU
2025-02-28 14:30:52,539 [INFO] >>>> loading model /mnt/sata4/cellpose_training/output-XETG00195__0041388__TMA00150__20241213__232337/models/dhruv_testing
2025-02-28 14:30:52,625 [INFO] >>>> model diam_mean =  30.000 (ROIs rescaled to this size during training)
2025-02-28 14:30:52,625 [INFO] >>>> model diam_labels =  22.483 (mean diameter of training ROIs)
2025-02-28 14:30:53,447 [INFO] WRITING LOG OUTPUT TO /home/dpatravali/.cellpose/run.log
2025-02-28 14:30:53,448 [INFO] 
cellpose version: 	3.1.1.1 
platform:       	linux 
python version: 	3.10.16 
torch version:  	2.6.0+cu124
2025-02-28 14:30:53,448 [INFO] >>>> using CPU
2025-02-28 14:30:53,448 [INFO] >>>> using CPU
2025-02-28 14:30:53,491 [INFO] >>>> loading model /mnt/sata4/cellpose_training/output-XETG00195__0041388__TMA00150__20241213__232337/models/dhruv_testing
2025-02-28 14:30:53,577 [INFO] >>>> model diam_mean =  30.000 (ROIs rescaled to this size during training)
2025-02-28 14:30:53,577 [INFO] >>>> model diam_labels =  22.483 (mean diameter of training ROIs)
2025-02-28 14:30:54,754 [INFO] WRITING LOG OUTPUT TO /home/dpatravali/.cellpose/run.log
2025-02-28 14:30:54,754 [INFO] 
cellpose version: 	3.1.1.1 
platform:       	linux 
python version: 	3.10.16 
torch version:  	2.6.0+cu124
2025-02-28 14:30:54,754 [INFO] >>>> using CPU
2025-02-28 14:30:54,754 [INFO] >>>> using CPU
2025-02-28 14:30:54,797 [INFO] >>>> loading model /mnt/sata4/cellpose_training/output-XETG00195__0041388__TMA00150__20241213__232337/models/dhruv_testing
2025-02-28 14:30:54,882 [INFO] >>>> model diam_mean =  30.000 (ROIs rescaled to this size during training)
2025-02-28 14:30:54,882 [INFO] >>>> model diam_labels =  22.483 (mean diameter of training ROIs)
2025-02-28 14:30:56,062 [INFO] WRITING LOG OUTPUT TO /home/dpatravali/.cellpose/run.log
2025-02-28 14:30:56,062 [INFO] 
cellpose version: 	3.1.1.1 
platform:       	linux 
python version: 	3.10.16 
torch version:  	2.6.0+cu124
2025-02-28 14:30:56,063 [INFO] >>>> using CPU
2025-02-28 14:30:56,063 [INFO] >>>> using CPU
2025-02-28 14:30:56,106 [INFO] >>>> loading model /mnt/sata4/cellpose_training/output-XETG00195__0041388__TMA00150__20241213__232337/models/dhruv_testing
2025-02-28 14:30:56,192 [INFO] >>>> model diam_mean =  30.000 (ROIs rescaled to this size during training)
2025-02-28 14:30:56,192 [INFO] >>>> model diam_labels =  22.483 (mean diameter of training ROIs)
2025-02-28 14:30:57,383 [INFO] WRITING LOG OUTPUT TO /home/dpatravali/.cellpose/run.log
2025-02-28 14:30:57,383 [INFO] 
cellpose version: 	3.1.1.1 
platform:       	linux 
python version: 	3.10.16 
torch version:  	2.6.0+cu124
2025-02-28 14:30:57,383 [INFO] >>>> using CPU
2025-02-28 14:30:57,383 [INFO] >>>> using CPU
2025-02-28 14:30:57,426 [INFO] >>>> loading model /mnt/sata4/cellpose_training/output-XETG00195__0041388__TMA00150__20241213__232337/models/dhruv_testing
2025-02-28 14:30:57,511 [INFO] >>>> model diam_mean =  30.000 (ROIs rescaled to this size during training)
2025-02-28 14:30:57,511 [INFO] >>>> model diam_labels =  22.483 (mean diameter of training ROIs)
2025-02-28 14:30:58,704 [INFO] WRITING LOG OUTPUT TO /home/dpatravali/.cellpose/run.log
2025-02-28 14:30:58,704 [INFO] 
cellpose version: 	3.1.1.1 
platform:       	linux 
python version: 	3.10.16 
torch version:  	2.6.0+cu124
2025-02-28 14:30:58,704 [INFO] >>>> using CPU
2025-02-28 14:30:58,704 [INFO] >>>> using CPU
2025-02-28 14:30:58,747 [INFO] >>>> loading model /mnt/sata4/cellpose_training/output-XETG00195__0041388__TMA00150__20241213__232337/models/dhruv_testing
2025-02-28 14:30:58,831 [INFO] >>>> model diam_mean =  30.000 (ROIs rescaled to this size during training)
2025-02-28 14:30:58,831 [INFO] >>>> model diam_labels =  22.483 (mean diameter of training ROIs)
2025-02-28 14:30:59,995 [INFO] WRITING LOG OUTPUT TO /home/dpatravali/.cellpose/run.log
2025-02-28 14:30:59,995 [INFO] 
cellpose version: 	3.1.1.1 
platform:       	linux 
python version: 	3.10.16 
torch version:  	2.6.0+cu124
2025-02-28 14:30:59,995 [INFO] >>>> using CPU
2025-02-28 14:30:59,995 [INFO] >>>> using CPU
2025-02-28 14:31:00,038 [INFO] >>>> loading model /mnt/sata4/cellpose_training/output-XETG00195__0041388__TMA00150__20241213__232337/models/dhruv_testing
2025-02-28 14:31:00,125 [INFO] >>>> model diam_mean =  30.000 (ROIs rescaled to this size during training)
2025-02-28 14:31:00,125 [INFO] >>>> model diam_labels =  22.483 (mean diameter of training ROIs)
2025-02-28 14:31:01,318 [INFO] WRITING LOG OUTPUT TO /home/dpatravali/.cellpose/run.log
2025-02-28 14:31:01,318 [INFO] 
cellpose version: 	3.1.1.1 
platform:       	linux 
python version: 	3.10.16 
torch version:  	2.6.0+cu124
2025-02-28 14:31:01,318 [INFO] >>>> using CPU
2025-02-28 14:31:01,318 [INFO] >>>> using CPU
2025-02-28 14:31:01,362 [INFO] >>>> loading model /mnt/sata4/cellpose_training/output-XETG00195__0041388__TMA00150__20241213__232337/models/dhruv_testing
2025-02-28 14:31:01,444 [INFO] >>>> model diam_mean =  30.000 (ROIs rescaled to this size during training)
2025-02-28 14:31:01,444 [INFO] >>>> model diam_labels =  22.483 (mean diameter of training ROIs)
2025-02-28 14:31:02,629 [INFO] WRITING LOG OUTPUT TO /home/dpatravali/.cellpose/run.log
2025-02-28 14:31:02,629 [INFO] 
cellpose version: 	3.1.1.1 
platform:       	linux 
python version: 	3.10.16 
torch version:  	2.6.0+cu124
2025-02-28 14:31:02,629 [INFO] >>>> using CPU
2025-02-28 14:31:02,630 [INFO] >>>> using CPU
2025-02-28 14:31:02,673 [INFO] >>>> loading model /mnt/sata4/cellpose_training/output-XETG00195__0041388__TMA00150__20241213__232337/models/dhruv_testing
2025-02-28 14:31:02,758 [INFO] >>>> model diam_mean =  30.000 (ROIs rescaled to this size during training)
2025-02-28 14:31:02,758 [INFO] >>>> model diam_labels =  22.483 (mean diameter of training ROIs)
2025-02-28 14:31:03,601 [INFO] WRITING LOG OUTPUT TO /home/dpatravali/.cellpose/run.log
2025-02-28 14:31:03,601 [INFO] 
cellpose version: 	3.1.1.1 
platform:       	linux 
python version: 	3.10.16 
torch version:  	2.6.0+cu124
2025-02-28 14:31:03,601 [INFO] >>>> using CPU
2025-02-28 14:31:03,601 [INFO] >>>> using CPU
2025-02-28 14:31:03,644 [INFO] >>>> loading model /mnt/sata4/cellpose_training/output-XETG00195__0041388__TMA00150__20241213__232337/models/dhruv_testing
2025-02-28 14:31:03,854 [INFO] >>>> model diam_mean =  30.000 (ROIs rescaled to this size during training)
2025-02-28 14:31:03,855 [INFO] >>>> model diam_labels =  22.483 (mean diameter of training ROIs)
2025-02-28 14:31:04,999 [INFO] WRITING LOG OUTPUT TO /home/dpatravali/.cellpose/run.log
2025-02-28 14:31:04,999 [INFO] 
cellpose version: 	3.1.1.1 
platform:       	linux 
python version: 	3.10.16 
torch version:  	2.6.0+cu124
2025-02-28 14:31:05,000 [INFO] >>>> using CPU
2025-02-28 14:31:05,000 [INFO] >>>> using CPU
2025-02-28 14:31:05,043 [INFO] >>>> loading model /mnt/sata4/cellpose_training/output-XETG00195__0041388__TMA00150__20241213__232337/models/dhruv_testing
2025-02-28 14:31:05,132 [INFO] >>>> model diam_mean =  30.000 (ROIs rescaled to this size during training)
2025-02-28 14:31:05,132 [INFO] >>>> model diam_labels =  22.483 (mean diameter of training ROIs)
2025-02-28 14:31:06,329 [INFO] WRITING LOG OUTPUT TO /home/dpatravali/.cellpose/run.log
2025-02-28 14:31:06,329 [INFO] 
cellpose version: 	3.1.1.1 
platform:       	linux 
python version: 	3.10.16 
torch version:  	2.6.0+cu124
2025-02-28 14:31:06,329 [INFO] >>>> using CPU
2025-02-28 14:31:06,329 [INFO] >>>> using CPU
2025-02-28 14:31:06,373 [INFO] >>>> loading model /mnt/sata4/cellpose_training/output-XETG00195__0041388__TMA00150__20241213__232337/models/dhruv_testing
2025-02-28 14:31:06,455 [INFO] >>>> model diam_mean =  30.000 (ROIs rescaled to this size during training)
2025-02-28 14:31:06,455 [INFO] >>>> model diam_labels =  22.483 (mean diameter of training ROIs)
2025-02-28 14:31:07,647 [INFO] WRITING LOG OUTPUT TO /home/dpatravali/.cellpose/run.log
2025-02-28 14:31:07,647 [INFO] 
cellpose version: 	3.1.1.1 
platform:       	linux 
python version: 	3.10.16 
torch version:  	2.6.0+cu124
2025-02-28 14:31:07,647 [INFO] >>>> using CPU
2025-02-28 14:31:07,647 [INFO] >>>> using CPU
2025-02-28 14:31:07,691 [INFO] >>>> loading model /mnt/sata4/cellpose_training/output-XETG00195__0041388__TMA00150__20241213__232337/models/dhruv_testing
2025-02-28 14:31:07,774 [INFO] >>>> model diam_mean =  30.000 (ROIs rescaled to this size during training)
2025-02-28 14:31:07,774 [INFO] >>>> model diam_labels =  22.483 (mean diameter of training ROIs)
2025-02-28 14:31:08,946 [INFO] WRITING LOG OUTPUT TO /home/dpatravali/.cellpose/run.log
2025-02-28 14:31:08,946 [INFO] 
cellpose version: 	3.1.1.1 
platform:       	linux 
python version: 	3.10.16 
torch version:  	2.6.0+cu124
2025-02-28 14:31:08,946 [INFO] >>>> using CPU
2025-02-28 14:31:08,946 [INFO] >>>> using CPU
2025-02-28 14:31:08,989 [INFO] >>>> loading model /mnt/sata4/cellpose_training/output-XETG00195__0041388__TMA00150__20241213__232337/models/dhruv_testing
2025-02-28 14:31:09,076 [INFO] >>>> model diam_mean =  30.000 (ROIs rescaled to this size during training)
2025-02-28 14:31:09,076 [INFO] >>>> model diam_labels =  22.483 (mean diameter of training ROIs)
2025-02-28 14:31:10,281 [INFO] WRITING LOG OUTPUT TO /home/dpatravali/.cellpose/run.log
2025-02-28 14:31:10,281 [INFO] 
cellpose version: 	3.1.1.1 
platform:       	linux 
python version: 	3.10.16 
torch version:  	2.6.0+cu124
2025-02-28 14:31:10,281 [INFO] >>>> using CPU
2025-02-28 14:31:10,281 [INFO] >>>> using CPU
2025-02-28 14:31:10,325 [INFO] >>>> loading model /mnt/sata4/cellpose_training/output-XETG00195__0041388__TMA00150__20241213__232337/models/dhruv_testing
2025-02-28 14:31:10,408 [INFO] >>>> model diam_mean =  30.000 (ROIs rescaled to this size during training)
2025-02-28 14:31:10,408 [INFO] >>>> model diam_labels =  22.483 (mean diameter of training ROIs)
2025-02-28 14:31:11,554 [INFO] WRITING LOG OUTPUT TO /home/dpatravali/.cellpose/run.log
2025-02-28 14:31:11,555 [INFO] 
cellpose version: 	3.1.1.1 
platform:       	linux 
python version: 	3.10.16 
torch version:  	2.6.0+cu124
2025-02-28 14:31:11,555 [INFO] >>>> using CPU
2025-02-28 14:31:11,555 [INFO] >>>> using CPU
2025-02-28 14:31:11,598 [INFO] >>>> loading model /mnt/sata4/cellpose_training/output-XETG00195__0041388__TMA00150__20241213__232337/models/dhruv_testing
2025-02-28 14:31:11,690 [INFO] >>>> model diam_mean =  30.000 (ROIs rescaled to this size during training)
2025-02-28 14:31:11,690 [INFO] >>>> model diam_labels =  22.483 (mean diameter of training ROIs)
2025-02-28 14:31:12,871 [INFO] WRITING LOG OUTPUT TO /home/dpatravali/.cellpose/run.log
2025-02-28 14:31:12,871 [INFO] 
cellpose version: 	3.1.1.1 
platform:       	linux 
python version: 	3.10.16 
torch version:  	2.6.0+cu124
2025-02-28 14:31:12,871 [INFO] >>>> using CPU
2025-02-28 14:31:12,871 [INFO] >>>> using CPU
2025-02-28 14:31:12,916 [INFO] >>>> loading model /mnt/sata4/cellpose_training/output-XETG00195__0041388__TMA00150__20241213__232337/models/dhruv_testing
2025-02-28 14:31:13,001 [INFO] >>>> model diam_mean =  30.000 (ROIs rescaled to this size during training)
2025-02-28 14:31:13,001 [INFO] >>>> model diam_labels =  22.483 (mean diameter of training ROIs)
2025-02-28 14:31:13,846 [INFO] WRITING LOG OUTPUT TO /home/dpatravali/.cellpose/run.log
2025-02-28 14:31:13,846 [INFO] 
cellpose version: 	3.1.1.1 
platform:       	linux 
python version: 	3.10.16 
torch version:  	2.6.0+cu124
2025-02-28 14:31:13,846 [INFO] >>>> using CPU
2025-02-28 14:31:13,846 [INFO] >>>> using CPU
2025-02-28 14:31:13,889 [INFO] >>>> loading model /mnt/sata4/cellpose_training/output-XETG00195__0041388__TMA00150__20241213__232337/models/dhruv_testing
2025-02-28 14:31:13,973 [INFO] >>>> model diam_mean =  30.000 (ROIs rescaled to this size during training)
2025-02-28 14:31:13,973 [INFO] >>>> model diam_labels =  22.483 (mean diameter of training ROIs)
2025-02-28 14:31:15,121 [INFO] WRITING LOG OUTPUT TO /home/dpatravali/.cellpose/run.log
2025-02-28 14:31:15,121 [INFO] 
cellpose version: 	3.1.1.1 
platform:       	linux 
python version: 	3.10.16 
torch version:  	2.6.0+cu124
2025-02-28 14:31:15,121 [INFO] >>>> using CPU
2025-02-28 14:31:15,122 [INFO] >>>> using CPU
2025-02-28 14:31:15,164 [INFO] >>>> loading model /mnt/sata4/cellpose_training/output-XETG00195__0041388__TMA00150__20241213__232337/models/dhruv_testing
2025-02-28 14:31:15,251 [INFO] >>>> model diam_mean =  30.000 (ROIs rescaled to this size during training)
2025-02-28 14:31:15,251 [INFO] >>>> model diam_labels =  22.483 (mean diameter of training ROIs)
2025-02-28 14:31:16,437 [INFO] WRITING LOG OUTPUT TO /home/dpatravali/.cellpose/run.log
2025-02-28 14:31:16,437 [INFO] 
cellpose version: 	3.1.1.1 
platform:       	linux 
python version: 	3.10.16 
torch version:  	2.6.0+cu124
2025-02-28 14:31:16,437 [INFO] >>>> using CPU
2025-02-28 14:31:16,437 [INFO] >>>> using CPU
2025-02-28 14:31:16,480 [INFO] >>>> loading model /mnt/sata4/cellpose_training/output-XETG00195__0041388__TMA00150__20241213__232337/models/dhruv_testing
2025-02-28 14:31:16,562 [INFO] >>>> model diam_mean =  30.000 (ROIs rescaled to this size during training)
2025-02-28 14:31:16,562 [INFO] >>>> model diam_labels =  22.483 (mean diameter of training ROIs)
2025-02-28 14:31:17,713 [INFO] WRITING LOG OUTPUT TO /home/dpatravali/.cellpose/run.log
2025-02-28 14:31:17,713 [INFO] 
cellpose version: 	3.1.1.1 
platform:       	linux 
python version: 	3.10.16 
torch version:  	2.6.0+cu124
2025-02-28 14:31:17,713 [INFO] >>>> using CPU
2025-02-28 14:31:17,713 [INFO] >>>> using CPU
2025-02-28 14:31:17,757 [INFO] >>>> loading model /mnt/sata4/cellpose_training/output-XETG00195__0041388__TMA00150__20241213__232337/models/dhruv_testing
2025-02-28 14:31:17,844 [INFO] >>>> model diam_mean =  30.000 (ROIs rescaled to this size during training)
2025-02-28 14:31:17,844 [INFO] >>>> model diam_labels =  22.483 (mean diameter of training ROIs)
2025-02-28 14:31:18,993 [INFO] WRITING LOG OUTPUT TO /home/dpatravali/.cellpose/run.log
2025-02-28 14:31:18,993 [INFO] 
cellpose version: 	3.1.1.1 
platform:       	linux 
python version: 	3.10.16 
torch version:  	2.6.0+cu124
2025-02-28 14:31:18,993 [INFO] >>>> using CPU
2025-02-28 14:31:18,993 [INFO] >>>> using CPU
2025-02-28 14:31:19,036 [INFO] >>>> loading model /mnt/sata4/cellpose_training/output-XETG00195__0041388__TMA00150__20241213__232337/models/dhruv_testing
2025-02-28 14:31:19,123 [INFO] >>>> model diam_mean =  30.000 (ROIs rescaled to this size during training)
2025-02-28 14:31:19,124 [INFO] >>>> model diam_labels =  22.483 (mean diameter of training ROIs)
2025-02-28 14:31:20,298 [INFO] WRITING LOG OUTPUT TO /home/dpatravali/.cellpose/run.log
2025-02-28 14:31:20,298 [INFO] 
cellpose version: 	3.1.1.1 
platform:       	linux 
python version: 	3.10.16 
torch version:  	2.6.0+cu124
2025-02-28 14:31:20,298 [INFO] >>>> using CPU
2025-02-28 14:31:20,298 [INFO] >>>> using CPU
2025-02-28 14:31:20,342 [INFO] >>>> loading model /mnt/sata4/cellpose_training/output-XETG00195__0041388__TMA00150__20241213__232337/models/dhruv_testing
2025-02-28 14:31:20,425 [INFO] >>>> model diam_mean =  30.000 (ROIs rescaled to this size during training)
2025-02-28 14:31:20,425 [INFO] >>>> model diam_labels =  22.483 (mean diameter of training ROIs)
2025-02-28 14:31:21,562 [INFO] WRITING LOG OUTPUT TO /home/dpatravali/.cellpose/run.log
2025-02-28 14:31:21,562 [INFO] 
cellpose version: 	3.1.1.1 
platform:       	linux 
python version: 	3.10.16 
torch version:  	2.6.0+cu124
2025-02-28 14:31:21,562 [INFO] >>>> using CPU
2025-02-28 14:31:21,562 [INFO] >>>> using CPU
2025-02-28 14:31:21,605 [INFO] >>>> loading model /mnt/sata4/cellpose_training/output-XETG00195__0041388__TMA00150__20241213__232337/models/dhruv_testing
2025-02-28 14:31:21,694 [INFO] >>>> model diam_mean =  30.000 (ROIs rescaled to this size during training)
2025-02-28 14:31:21,694 [INFO] >>>> model diam_labels =  22.483 (mean diameter of training ROIs)
2025-02-28 14:31:22,858 [INFO] WRITING LOG OUTPUT TO /home/dpatravali/.cellpose/run.log
2025-02-28 14:31:22,858 [INFO] 
cellpose version: 	3.1.1.1 
platform:       	linux 
python version: 	3.10.16 
torch version:  	2.6.0+cu124
2025-02-28 14:31:22,858 [INFO] >>>> using CPU
2025-02-28 14:31:22,858 [INFO] >>>> using CPU
2025-02-28 14:31:22,903 [INFO] >>>> loading model /mnt/sata4/cellpose_training/output-XETG00195__0041388__TMA00150__20241213__232337/models/dhruv_testing
2025-02-28 14:31:22,988 [INFO] >>>> model diam_mean =  30.000 (ROIs rescaled to this size during training)
2025-02-28 14:31:22,988 [INFO] >>>> model diam_labels =  22.483 (mean diameter of training ROIs)
2025-02-28 14:31:23,959 [INFO] WRITING LOG OUTPUT TO /home/dpatravali/.cellpose/run.log
2025-02-28 14:31:23,959 [INFO] 
cellpose version: 	3.1.1.1 
platform:       	linux 
python version: 	3.10.16 
torch version:  	2.6.0+cu124
2025-02-28 14:31:23,959 [INFO] >>>> using CPU
2025-02-28 14:31:23,959 [INFO] >>>> using CPU
2025-02-28 14:31:24,003 [INFO] >>>> loading model /mnt/sata4/cellpose_training/output-XETG00195__0041388__TMA00150__20241213__232337/models/dhruv_testing
2025-02-28 14:31:24,087 [INFO] >>>> model diam_mean =  30.000 (ROIs rescaled to this size during training)
2025-02-28 14:31:24,087 [INFO] >>>> model diam_labels =  22.483 (mean diameter of training ROIs)
2025-02-28 14:31:24,917 [INFO] WRITING LOG OUTPUT TO /home/dpatravali/.cellpose/run.log
2025-02-28 14:31:24,917 [INFO] 
cellpose version: 	3.1.1.1 
platform:       	linux 
python version: 	3.10.16 
torch version:  	2.6.0+cu124
2025-02-28 14:31:24,918 [INFO] >>>> using CPU
2025-02-28 14:31:24,918 [INFO] >>>> using CPU
2025-02-28 14:31:24,961 [INFO] >>>> loading model /mnt/sata4/cellpose_training/output-XETG00195__0041388__TMA00150__20241213__232337/models/dhruv_testing
2025-02-28 14:31:25,046 [INFO] >>>> model diam_mean =  30.000 (ROIs rescaled to this size during training)
2025-02-28 14:31:25,046 [INFO] >>>> model diam_labels =  22.483 (mean diameter of training ROIs)
2025-02-28 14:31:25,883 [INFO] WRITING LOG OUTPUT TO /home/dpatravali/.cellpose/run.log
2025-02-28 14:31:25,883 [INFO] 
cellpose version: 	3.1.1.1 
platform:       	linux 
python version: 	3.10.16 
torch version:  	2.6.0+cu124
2025-02-28 14:31:25,883 [INFO] >>>> using CPU
2025-02-28 14:31:25,883 [INFO] >>>> using CPU
2025-02-28 14:31:25,926 [INFO] >>>> loading model /mnt/sata4/cellpose_training/output-XETG00195__0041388__TMA00150__20241213__232337/models/dhruv_testing
2025-02-28 14:31:26,010 [INFO] >>>> model diam_mean =  30.000 (ROIs rescaled to this size during training)
2025-02-28 14:31:26,010 [INFO] >>>> model diam_labels =  22.483 (mean diameter of training ROIs)
2025-02-28 14:31:26,842 [INFO] WRITING LOG OUTPUT TO /home/dpatravali/.cellpose/run.log
2025-02-28 14:31:26,842 [INFO] 
cellpose version: 	3.1.1.1 
platform:       	linux 
python version: 	3.10.16 
torch version:  	2.6.0+cu124
2025-02-28 14:31:26,842 [INFO] >>>> using CPU
2025-02-28 14:31:26,842 [INFO] >>>> using CPU
2025-02-28 14:31:26,885 [INFO] >>>> loading model /mnt/sata4/cellpose_training/output-XETG00195__0041388__TMA00150__20241213__232337/models/dhruv_testing
2025-02-28 14:31:26,969 [INFO] >>>> model diam_mean =  30.000 (ROIs rescaled to this size during training)
2025-02-28 14:31:26,969 [INFO] >>>> model diam_labels =  22.483 (mean diameter of training ROIs)
2025-02-28 14:31:27,767 [INFO] WRITING LOG OUTPUT TO /home/dpatravali/.cellpose/run.log
2025-02-28 14:31:27,767 [INFO] 
cellpose version: 	3.1.1.1 
platform:       	linux 
python version: 	3.10.16 
torch version:  	2.6.0+cu124
2025-02-28 14:31:27,767 [INFO] >>>> using CPU
2025-02-28 14:31:27,767 [INFO] >>>> using CPU
2025-02-28 14:31:27,810 [INFO] >>>> loading model /mnt/sata4/cellpose_training/output-XETG00195__0041388__TMA00150__20241213__232337/models/dhruv_testing
2025-02-28 14:31:27,898 [INFO] >>>> model diam_mean =  30.000 (ROIs rescaled to this size during training)
2025-02-28 14:31:27,898 [INFO] >>>> model diam_labels =  22.483 (mean diameter of training ROIs)
2025-02-28 14:31:28,703 [INFO] WRITING LOG OUTPUT TO /home/dpatravali/.cellpose/run.log
2025-02-28 14:31:28,704 [INFO] 
cellpose version: 	3.1.1.1 
platform:       	linux 
python version: 	3.10.16 
torch version:  	2.6.0+cu124
2025-02-28 14:31:28,704 [INFO] >>>> using CPU
2025-02-28 14:31:28,704 [INFO] >>>> using CPU
2025-02-28 14:31:28,747 [INFO] >>>> loading model /mnt/sata4/cellpose_training/output-XETG00195__0041388__TMA00150__20241213__232337/models/dhruv_testing
2025-02-28 14:31:28,834 [INFO] >>>> model diam_mean =  30.000 (ROIs rescaled to this size during training)
2025-02-28 14:31:28,834 [INFO] >>>> model diam_labels =  22.483 (mean diameter of training ROIs)
2025-02-28 14:31:29,639 [INFO] WRITING LOG OUTPUT TO /home/dpatravali/.cellpose/run.log
2025-02-28 14:31:29,639 [INFO] 
cellpose version: 	3.1.1.1 
platform:       	linux 
python version: 	3.10.16 
torch version:  	2.6.0+cu124
2025-02-28 14:31:29,639 [INFO] >>>> using CPU
2025-02-28 14:31:29,639 [INFO] >>>> using CPU
2025-02-28 14:31:29,682 [INFO] >>>> loading model /mnt/sata4/cellpose_training/output-XETG00195__0041388__TMA00150__20241213__232337/models/dhruv_testing
2025-02-28 14:31:29,770 [INFO] >>>> model diam_mean =  30.000 (ROIs rescaled to this size during training)
2025-02-28 14:31:29,770 [INFO] >>>> model diam_labels =  22.483 (mean diameter of training ROIs)
2025-02-28 14:31:30,583 [INFO] WRITING LOG OUTPUT TO /home/dpatravali/.cellpose/run.log
2025-02-28 14:31:30,583 [INFO] 
cellpose version: 	3.1.1.1 
platform:       	linux 
python version: 	3.10.16 
torch version:  	2.6.0+cu124
2025-02-28 14:31:30,584 [INFO] >>>> using CPU
2025-02-28 14:31:30,584 [INFO] >>>> using CPU
2025-02-28 14:31:30,628 [INFO] >>>> loading model /mnt/sata4/cellpose_training/output-XETG00195__0041388__TMA00150__20241213__232337/models/dhruv_testing
2025-02-28 14:31:30,713 [INFO] >>>> model diam_mean =  30.000 (ROIs rescaled to this size during training)
2025-02-28 14:31:30,713 [INFO] >>>> model diam_labels =  22.483 (mean diameter of training ROIs)
