2025-03-05 15:51:22,029 [INFO] WRITING LOG OUTPUT TO /home/dpatravali/.cellpose/run.log
2025-03-05 15:51:22,030 [INFO] 
cellpose version: 	3.1.1.1 
platform:       	linux 
python version: 	3.10.16 
torch version:  	2.6.0+cu124
2025-03-05 15:51:22,218 [INFO] ** TORCH CUDA version installed and working. **
2025-03-05 15:51:22,218 [INFO] >>>> using GPU (CUDA)
2025-03-05 15:51:22,269 [INFO] >>>> loading model /mnt/sata4/cellpose_training/output-XETG00195__0041388__TMA00150__20241213__232337/models/dhruv_testing
2025-03-05 15:51:22,331 [INFO] >>>> model diam_mean =  30.000 (ROIs rescaled to this size during training)
2025-03-05 15:51:22,332 [INFO] >>>> model diam_labels =  22.483 (mean diameter of training ROIs)
2025-03-05 15:51:23,963 [INFO] WRITING LOG OUTPUT TO /home/dpatravali/.cellpose/run.log
2025-03-05 15:51:23,963 [INFO] 
cellpose version: 	3.1.1.1 
platform:       	linux 
python version: 	3.10.16 
torch version:  	2.6.0+cu124
2025-03-05 15:51:23,963 [INFO] ** TORCH CUDA version installed and working. **
2025-03-05 15:51:23,963 [INFO] >>>> using GPU (CUDA)
2025-03-05 15:51:24,010 [INFO] >>>> loading model /mnt/sata4/cellpose_training/output-XETG00195__0041388__TMA00150__20241213__232337/models/dhruv_testing
2025-03-05 15:51:24,069 [INFO] >>>> model diam_mean =  30.000 (ROIs rescaled to this size during training)
2025-03-05 15:51:24,069 [INFO] >>>> model diam_labels =  22.483 (mean diameter of training ROIs)
2025-03-05 15:51:24,310 [INFO] WRITING LOG OUTPUT TO /home/dpatravali/.cellpose/run.log
2025-03-05 15:51:24,310 [INFO] 
cellpose version: 	3.1.1.1 
platform:       	linux 
python version: 	3.10.16 
torch version:  	2.6.0+cu124
2025-03-05 15:51:24,310 [INFO] ** TORCH CUDA version installed and working. **
2025-03-05 15:51:24,310 [INFO] >>>> using GPU (CUDA)
2025-03-05 15:51:24,357 [INFO] >>>> loading model /mnt/sata4/cellpose_training/output-XETG00195__0041388__TMA00150__20241213__232337/models/dhruv_testing
2025-03-05 15:51:24,414 [INFO] >>>> model diam_mean =  30.000 (ROIs rescaled to this size during training)
2025-03-05 15:51:24,414 [INFO] >>>> model diam_labels =  22.483 (mean diameter of training ROIs)
2025-03-05 15:51:24,669 [INFO] WRITING LOG OUTPUT TO /home/dpatravali/.cellpose/run.log
2025-03-05 15:51:24,669 [INFO] 
cellpose version: 	3.1.1.1 
platform:       	linux 
python version: 	3.10.16 
torch version:  	2.6.0+cu124
2025-03-05 15:51:24,669 [INFO] ** TORCH CUDA version installed and working. **
2025-03-05 15:51:24,669 [INFO] >>>> using GPU (CUDA)
2025-03-05 15:51:24,716 [INFO] >>>> loading model /mnt/sata4/cellpose_training/output-XETG00195__0041388__TMA00150__20241213__232337/models/dhruv_testing
2025-03-05 15:51:24,773 [INFO] >>>> model diam_mean =  30.000 (ROIs rescaled to this size during training)
2025-03-05 15:51:24,773 [INFO] >>>> model diam_labels =  22.483 (mean diameter of training ROIs)
2025-03-05 15:51:25,054 [INFO] WRITING LOG OUTPUT TO /home/dpatravali/.cellpose/run.log
2025-03-05 15:51:25,054 [INFO] 
cellpose version: 	3.1.1.1 
platform:       	linux 
python version: 	3.10.16 
torch version:  	2.6.0+cu124
2025-03-05 15:51:25,055 [INFO] ** TORCH CUDA version installed and working. **
2025-03-05 15:51:25,055 [INFO] >>>> using GPU (CUDA)
2025-03-05 15:51:25,101 [INFO] >>>> loading model /mnt/sata4/cellpose_training/output-XETG00195__0041388__TMA00150__20241213__232337/models/dhruv_testing
2025-03-05 15:51:25,158 [INFO] >>>> model diam_mean =  30.000 (ROIs rescaled to this size during training)
2025-03-05 15:51:25,158 [INFO] >>>> model diam_labels =  22.483 (mean diameter of training ROIs)
2025-03-05 15:51:25,423 [INFO] WRITING LOG OUTPUT TO /home/dpatravali/.cellpose/run.log
2025-03-05 15:51:25,423 [INFO] 
cellpose version: 	3.1.1.1 
platform:       	linux 
python version: 	3.10.16 
torch version:  	2.6.0+cu124
2025-03-05 15:51:25,423 [INFO] ** TORCH CUDA version installed and working. **
2025-03-05 15:51:25,423 [INFO] >>>> using GPU (CUDA)
2025-03-05 15:51:25,471 [INFO] >>>> loading model /mnt/sata4/cellpose_training/output-XETG00195__0041388__TMA00150__20241213__232337/models/dhruv_testing
2025-03-05 15:51:25,528 [INFO] >>>> model diam_mean =  30.000 (ROIs rescaled to this size during training)
2025-03-05 15:51:25,528 [INFO] >>>> model diam_labels =  22.483 (mean diameter of training ROIs)
2025-03-05 15:51:25,662 [INFO] WRITING LOG OUTPUT TO /home/dpatravali/.cellpose/run.log
2025-03-05 15:51:25,662 [INFO] 
cellpose version: 	3.1.1.1 
platform:       	linux 
python version: 	3.10.16 
torch version:  	2.6.0+cu124
2025-03-05 15:51:25,662 [INFO] ** TORCH CUDA version installed and working. **
2025-03-05 15:51:25,662 [INFO] >>>> using GPU (CUDA)
2025-03-05 15:51:25,712 [INFO] >>>> loading model /mnt/sata4/cellpose_training/output-XETG00195__0041388__TMA00150__20241213__232337/models/dhruv_testing
2025-03-05 15:51:25,770 [INFO] >>>> model diam_mean =  30.000 (ROIs rescaled to this size during training)
2025-03-05 15:51:25,770 [INFO] >>>> model diam_labels =  22.483 (mean diameter of training ROIs)
2025-03-05 15:51:25,987 [INFO] WRITING LOG OUTPUT TO /home/dpatravali/.cellpose/run.log
2025-03-05 15:51:25,988 [INFO] 
cellpose version: 	3.1.1.1 
platform:       	linux 
python version: 	3.10.16 
torch version:  	2.6.0+cu124
2025-03-05 15:51:25,988 [INFO] ** TORCH CUDA version installed and working. **
2025-03-05 15:51:25,988 [INFO] >>>> using GPU (CUDA)
2025-03-05 15:51:26,034 [INFO] >>>> loading model /mnt/sata4/cellpose_training/output-XETG00195__0041388__TMA00150__20241213__232337/models/dhruv_testing
2025-03-05 15:51:26,091 [INFO] >>>> model diam_mean =  30.000 (ROIs rescaled to this size during training)
2025-03-05 15:51:26,091 [INFO] >>>> model diam_labels =  22.483 (mean diameter of training ROIs)
2025-03-05 15:51:26,271 [INFO] WRITING LOG OUTPUT TO /home/dpatravali/.cellpose/run.log
2025-03-05 15:51:26,271 [INFO] 
cellpose version: 	3.1.1.1 
platform:       	linux 
python version: 	3.10.16 
torch version:  	2.6.0+cu124
2025-03-05 15:51:26,271 [INFO] ** TORCH CUDA version installed and working. **
2025-03-05 15:51:26,271 [INFO] >>>> using GPU (CUDA)
2025-03-05 15:51:26,318 [INFO] >>>> loading model /mnt/sata4/cellpose_training/output-XETG00195__0041388__TMA00150__20241213__232337/models/dhruv_testing
2025-03-05 15:51:26,375 [INFO] >>>> model diam_mean =  30.000 (ROIs rescaled to this size during training)
2025-03-05 15:51:26,375 [INFO] >>>> model diam_labels =  22.483 (mean diameter of training ROIs)
2025-03-05 15:51:26,512 [INFO] WRITING LOG OUTPUT TO /home/dpatravali/.cellpose/run.log
2025-03-05 15:51:26,512 [INFO] 
cellpose version: 	3.1.1.1 
platform:       	linux 
python version: 	3.10.16 
torch version:  	2.6.0+cu124
2025-03-05 15:51:26,512 [INFO] ** TORCH CUDA version installed and working. **
2025-03-05 15:51:26,512 [INFO] >>>> using GPU (CUDA)
2025-03-05 15:51:26,559 [INFO] >>>> loading model /mnt/sata4/cellpose_training/output-XETG00195__0041388__TMA00150__20241213__232337/models/dhruv_testing
2025-03-05 15:51:26,617 [INFO] >>>> model diam_mean =  30.000 (ROIs rescaled to this size during training)
2025-03-05 15:51:26,617 [INFO] >>>> model diam_labels =  22.483 (mean diameter of training ROIs)
2025-03-05 15:51:26,915 [INFO] WRITING LOG OUTPUT TO /home/dpatravali/.cellpose/run.log
2025-03-05 15:51:26,915 [INFO] 
cellpose version: 	3.1.1.1 
platform:       	linux 
python version: 	3.10.16 
torch version:  	2.6.0+cu124
2025-03-05 15:51:26,915 [INFO] ** TORCH CUDA version installed and working. **
2025-03-05 15:51:26,915 [INFO] >>>> using GPU (CUDA)
2025-03-05 15:51:26,962 [INFO] >>>> loading model /mnt/sata4/cellpose_training/output-XETG00195__0041388__TMA00150__20241213__232337/models/dhruv_testing
2025-03-05 15:51:27,018 [INFO] >>>> model diam_mean =  30.000 (ROIs rescaled to this size during training)
2025-03-05 15:51:27,019 [INFO] >>>> model diam_labels =  22.483 (mean diameter of training ROIs)
2025-03-05 15:51:27,237 [INFO] WRITING LOG OUTPUT TO /home/dpatravali/.cellpose/run.log
2025-03-05 15:51:27,237 [INFO] 
cellpose version: 	3.1.1.1 
platform:       	linux 
python version: 	3.10.16 
torch version:  	2.6.0+cu124
2025-03-05 15:51:27,237 [INFO] ** TORCH CUDA version installed and working. **
2025-03-05 15:51:27,237 [INFO] >>>> using GPU (CUDA)
2025-03-05 15:51:27,283 [INFO] >>>> loading model /mnt/sata4/cellpose_training/output-XETG00195__0041388__TMA00150__20241213__232337/models/dhruv_testing
2025-03-05 15:51:27,341 [INFO] >>>> model diam_mean =  30.000 (ROIs rescaled to this size during training)
2025-03-05 15:51:27,341 [INFO] >>>> model diam_labels =  22.483 (mean diameter of training ROIs)
2025-03-05 15:51:27,575 [INFO] WRITING LOG OUTPUT TO /home/dpatravali/.cellpose/run.log
2025-03-05 15:51:27,575 [INFO] 
cellpose version: 	3.1.1.1 
platform:       	linux 
python version: 	3.10.16 
torch version:  	2.6.0+cu124
2025-03-05 15:51:27,575 [INFO] ** TORCH CUDA version installed and working. **
2025-03-05 15:51:27,575 [INFO] >>>> using GPU (CUDA)
2025-03-05 15:51:27,622 [INFO] >>>> loading model /mnt/sata4/cellpose_training/output-XETG00195__0041388__TMA00150__20241213__232337/models/dhruv_testing
2025-03-05 15:51:27,679 [INFO] >>>> model diam_mean =  30.000 (ROIs rescaled to this size during training)
2025-03-05 15:51:27,679 [INFO] >>>> model diam_labels =  22.483 (mean diameter of training ROIs)
2025-03-05 15:51:27,852 [INFO] WRITING LOG OUTPUT TO /home/dpatravali/.cellpose/run.log
2025-03-05 15:51:27,852 [INFO] 
cellpose version: 	3.1.1.1 
platform:       	linux 
python version: 	3.10.16 
torch version:  	2.6.0+cu124
2025-03-05 15:51:27,852 [INFO] ** TORCH CUDA version installed and working. **
2025-03-05 15:51:27,852 [INFO] >>>> using GPU (CUDA)
2025-03-05 15:51:27,899 [INFO] >>>> loading model /mnt/sata4/cellpose_training/output-XETG00195__0041388__TMA00150__20241213__232337/models/dhruv_testing
2025-03-05 15:51:27,957 [INFO] >>>> model diam_mean =  30.000 (ROIs rescaled to this size during training)
2025-03-05 15:51:27,957 [INFO] >>>> model diam_labels =  22.483 (mean diameter of training ROIs)
2025-03-05 15:51:28,095 [INFO] WRITING LOG OUTPUT TO /home/dpatravali/.cellpose/run.log
2025-03-05 15:51:28,095 [INFO] 
cellpose version: 	3.1.1.1 
platform:       	linux 
python version: 	3.10.16 
torch version:  	2.6.0+cu124
2025-03-05 15:51:28,095 [INFO] ** TORCH CUDA version installed and working. **
2025-03-05 15:51:28,095 [INFO] >>>> using GPU (CUDA)
2025-03-05 15:51:28,141 [INFO] >>>> loading model /mnt/sata4/cellpose_training/output-XETG00195__0041388__TMA00150__20241213__232337/models/dhruv_testing
2025-03-05 15:51:28,198 [INFO] >>>> model diam_mean =  30.000 (ROIs rescaled to this size during training)
2025-03-05 15:51:28,199 [INFO] >>>> model diam_labels =  22.483 (mean diameter of training ROIs)
2025-03-05 15:51:28,452 [INFO] WRITING LOG OUTPUT TO /home/dpatravali/.cellpose/run.log
2025-03-05 15:51:28,452 [INFO] 
cellpose version: 	3.1.1.1 
platform:       	linux 
python version: 	3.10.16 
torch version:  	2.6.0+cu124
2025-03-05 15:51:28,452 [INFO] ** TORCH CUDA version installed and working. **
2025-03-05 15:51:28,452 [INFO] >>>> using GPU (CUDA)
2025-03-05 15:51:28,499 [INFO] >>>> loading model /mnt/sata4/cellpose_training/output-XETG00195__0041388__TMA00150__20241213__232337/models/dhruv_testing
2025-03-05 15:51:28,556 [INFO] >>>> model diam_mean =  30.000 (ROIs rescaled to this size during training)
2025-03-05 15:51:28,556 [INFO] >>>> model diam_labels =  22.483 (mean diameter of training ROIs)
2025-03-05 15:51:28,759 [INFO] WRITING LOG OUTPUT TO /home/dpatravali/.cellpose/run.log
2025-03-05 15:51:28,759 [INFO] 
cellpose version: 	3.1.1.1 
platform:       	linux 
python version: 	3.10.16 
torch version:  	2.6.0+cu124
2025-03-05 15:51:28,759 [INFO] ** TORCH CUDA version installed and working. **
2025-03-05 15:51:28,759 [INFO] >>>> using GPU (CUDA)
2025-03-05 15:51:28,806 [INFO] >>>> loading model /mnt/sata4/cellpose_training/output-XETG00195__0041388__TMA00150__20241213__232337/models/dhruv_testing
2025-03-05 15:51:28,863 [INFO] >>>> model diam_mean =  30.000 (ROIs rescaled to this size during training)
2025-03-05 15:51:28,863 [INFO] >>>> model diam_labels =  22.483 (mean diameter of training ROIs)
2025-03-05 15:51:29,094 [INFO] WRITING LOG OUTPUT TO /home/dpatravali/.cellpose/run.log
2025-03-05 15:51:29,094 [INFO] 
cellpose version: 	3.1.1.1 
platform:       	linux 
python version: 	3.10.16 
torch version:  	2.6.0+cu124
2025-03-05 15:51:29,094 [INFO] ** TORCH CUDA version installed and working. **
2025-03-05 15:51:29,094 [INFO] >>>> using GPU (CUDA)
2025-03-05 15:51:29,140 [INFO] >>>> loading model /mnt/sata4/cellpose_training/output-XETG00195__0041388__TMA00150__20241213__232337/models/dhruv_testing
2025-03-05 15:51:29,342 [INFO] >>>> model diam_mean =  30.000 (ROIs rescaled to this size during training)
2025-03-05 15:51:29,342 [INFO] >>>> model diam_labels =  22.483 (mean diameter of training ROIs)
2025-03-05 15:51:29,641 [INFO] WRITING LOG OUTPUT TO /home/dpatravali/.cellpose/run.log
2025-03-05 15:51:29,642 [INFO] 
cellpose version: 	3.1.1.1 
platform:       	linux 
python version: 	3.10.16 
torch version:  	2.6.0+cu124
2025-03-05 15:51:29,642 [INFO] ** TORCH CUDA version installed and working. **
2025-03-05 15:51:29,642 [INFO] >>>> using GPU (CUDA)
2025-03-05 15:51:29,688 [INFO] >>>> loading model /mnt/sata4/cellpose_training/output-XETG00195__0041388__TMA00150__20241213__232337/models/dhruv_testing
2025-03-05 15:51:29,746 [INFO] >>>> model diam_mean =  30.000 (ROIs rescaled to this size during training)
2025-03-05 15:51:29,746 [INFO] >>>> model diam_labels =  22.483 (mean diameter of training ROIs)
2025-03-05 15:51:30,009 [INFO] WRITING LOG OUTPUT TO /home/dpatravali/.cellpose/run.log
2025-03-05 15:51:30,009 [INFO] 
cellpose version: 	3.1.1.1 
platform:       	linux 
python version: 	3.10.16 
torch version:  	2.6.0+cu124
2025-03-05 15:51:30,009 [INFO] ** TORCH CUDA version installed and working. **
2025-03-05 15:51:30,009 [INFO] >>>> using GPU (CUDA)
2025-03-05 15:51:30,055 [INFO] >>>> loading model /mnt/sata4/cellpose_training/output-XETG00195__0041388__TMA00150__20241213__232337/models/dhruv_testing
2025-03-05 15:51:30,111 [INFO] >>>> model diam_mean =  30.000 (ROIs rescaled to this size during training)
2025-03-05 15:51:30,111 [INFO] >>>> model diam_labels =  22.483 (mean diameter of training ROIs)
2025-03-05 15:51:30,341 [INFO] WRITING LOG OUTPUT TO /home/dpatravali/.cellpose/run.log
2025-03-05 15:51:30,341 [INFO] 
cellpose version: 	3.1.1.1 
platform:       	linux 
python version: 	3.10.16 
torch version:  	2.6.0+cu124
2025-03-05 15:51:30,341 [INFO] ** TORCH CUDA version installed and working. **
2025-03-05 15:51:30,341 [INFO] >>>> using GPU (CUDA)
2025-03-05 15:51:30,387 [INFO] >>>> loading model /mnt/sata4/cellpose_training/output-XETG00195__0041388__TMA00150__20241213__232337/models/dhruv_testing
2025-03-05 15:51:30,447 [INFO] >>>> model diam_mean =  30.000 (ROIs rescaled to this size during training)
2025-03-05 15:51:30,447 [INFO] >>>> model diam_labels =  22.483 (mean diameter of training ROIs)
2025-03-05 15:51:30,723 [INFO] WRITING LOG OUTPUT TO /home/dpatravali/.cellpose/run.log
2025-03-05 15:51:30,723 [INFO] 
cellpose version: 	3.1.1.1 
platform:       	linux 
python version: 	3.10.16 
torch version:  	2.6.0+cu124
2025-03-05 15:51:30,723 [INFO] ** TORCH CUDA version installed and working. **
2025-03-05 15:51:30,723 [INFO] >>>> using GPU (CUDA)
2025-03-05 15:51:30,769 [INFO] >>>> loading model /mnt/sata4/cellpose_training/output-XETG00195__0041388__TMA00150__20241213__232337/models/dhruv_testing
2025-03-05 15:51:30,827 [INFO] >>>> model diam_mean =  30.000 (ROIs rescaled to this size during training)
2025-03-05 15:51:30,827 [INFO] >>>> model diam_labels =  22.483 (mean diameter of training ROIs)
2025-03-05 15:51:31,115 [INFO] WRITING LOG OUTPUT TO /home/dpatravali/.cellpose/run.log
2025-03-05 15:51:31,115 [INFO] 
cellpose version: 	3.1.1.1 
platform:       	linux 
python version: 	3.10.16 
torch version:  	2.6.0+cu124
2025-03-05 15:51:31,115 [INFO] ** TORCH CUDA version installed and working. **
2025-03-05 15:51:31,115 [INFO] >>>> using GPU (CUDA)
2025-03-05 15:51:31,160 [INFO] >>>> loading model /mnt/sata4/cellpose_training/output-XETG00195__0041388__TMA00150__20241213__232337/models/dhruv_testing
2025-03-05 15:51:31,218 [INFO] >>>> model diam_mean =  30.000 (ROIs rescaled to this size during training)
2025-03-05 15:51:31,218 [INFO] >>>> model diam_labels =  22.483 (mean diameter of training ROIs)
2025-03-05 15:51:31,522 [INFO] WRITING LOG OUTPUT TO /home/dpatravali/.cellpose/run.log
2025-03-05 15:51:31,522 [INFO] 
cellpose version: 	3.1.1.1 
platform:       	linux 
python version: 	3.10.16 
torch version:  	2.6.0+cu124
2025-03-05 15:51:31,522 [INFO] ** TORCH CUDA version installed and working. **
2025-03-05 15:51:31,522 [INFO] >>>> using GPU (CUDA)
2025-03-05 15:51:31,568 [INFO] >>>> loading model /mnt/sata4/cellpose_training/output-XETG00195__0041388__TMA00150__20241213__232337/models/dhruv_testing
2025-03-05 15:51:31,625 [INFO] >>>> model diam_mean =  30.000 (ROIs rescaled to this size during training)
2025-03-05 15:51:31,625 [INFO] >>>> model diam_labels =  22.483 (mean diameter of training ROIs)
2025-03-05 15:51:31,819 [INFO] WRITING LOG OUTPUT TO /home/dpatravali/.cellpose/run.log
2025-03-05 15:51:31,819 [INFO] 
cellpose version: 	3.1.1.1 
platform:       	linux 
python version: 	3.10.16 
torch version:  	2.6.0+cu124
2025-03-05 15:51:31,820 [INFO] ** TORCH CUDA version installed and working. **
2025-03-05 15:51:31,820 [INFO] >>>> using GPU (CUDA)
2025-03-05 15:51:31,866 [INFO] >>>> loading model /mnt/sata4/cellpose_training/output-XETG00195__0041388__TMA00150__20241213__232337/models/dhruv_testing
2025-03-05 15:51:31,923 [INFO] >>>> model diam_mean =  30.000 (ROIs rescaled to this size during training)
2025-03-05 15:51:31,923 [INFO] >>>> model diam_labels =  22.483 (mean diameter of training ROIs)
2025-03-05 15:51:32,207 [INFO] WRITING LOG OUTPUT TO /home/dpatravali/.cellpose/run.log
2025-03-05 15:51:32,207 [INFO] 
cellpose version: 	3.1.1.1 
platform:       	linux 
python version: 	3.10.16 
torch version:  	2.6.0+cu124
2025-03-05 15:51:32,207 [INFO] ** TORCH CUDA version installed and working. **
2025-03-05 15:51:32,207 [INFO] >>>> using GPU (CUDA)
2025-03-05 15:51:32,252 [INFO] >>>> loading model /mnt/sata4/cellpose_training/output-XETG00195__0041388__TMA00150__20241213__232337/models/dhruv_testing
2025-03-05 15:51:32,309 [INFO] >>>> model diam_mean =  30.000 (ROIs rescaled to this size during training)
2025-03-05 15:51:32,310 [INFO] >>>> model diam_labels =  22.483 (mean diameter of training ROIs)
2025-03-05 15:51:32,553 [INFO] WRITING LOG OUTPUT TO /home/dpatravali/.cellpose/run.log
2025-03-05 15:51:32,553 [INFO] 
cellpose version: 	3.1.1.1 
platform:       	linux 
python version: 	3.10.16 
torch version:  	2.6.0+cu124
2025-03-05 15:51:32,554 [INFO] ** TORCH CUDA version installed and working. **
2025-03-05 15:51:32,554 [INFO] >>>> using GPU (CUDA)
2025-03-05 15:51:32,601 [INFO] >>>> loading model /mnt/sata4/cellpose_training/output-XETG00195__0041388__TMA00150__20241213__232337/models/dhruv_testing
2025-03-05 15:51:32,658 [INFO] >>>> model diam_mean =  30.000 (ROIs rescaled to this size during training)
2025-03-05 15:51:32,658 [INFO] >>>> model diam_labels =  22.483 (mean diameter of training ROIs)
2025-03-05 15:51:32,952 [INFO] WRITING LOG OUTPUT TO /home/dpatravali/.cellpose/run.log
2025-03-05 15:51:32,952 [INFO] 
cellpose version: 	3.1.1.1 
platform:       	linux 
python version: 	3.10.16 
torch version:  	2.6.0+cu124
2025-03-05 15:51:32,952 [INFO] ** TORCH CUDA version installed and working. **
2025-03-05 15:51:32,952 [INFO] >>>> using GPU (CUDA)
2025-03-05 15:51:32,998 [INFO] >>>> loading model /mnt/sata4/cellpose_training/output-XETG00195__0041388__TMA00150__20241213__232337/models/dhruv_testing
2025-03-05 15:51:33,057 [INFO] >>>> model diam_mean =  30.000 (ROIs rescaled to this size during training)
2025-03-05 15:51:33,057 [INFO] >>>> model diam_labels =  22.483 (mean diameter of training ROIs)
2025-03-05 15:51:33,237 [INFO] WRITING LOG OUTPUT TO /home/dpatravali/.cellpose/run.log
2025-03-05 15:51:33,237 [INFO] 
cellpose version: 	3.1.1.1 
platform:       	linux 
python version: 	3.10.16 
torch version:  	2.6.0+cu124
2025-03-05 15:51:33,241 [INFO] Neither TORCH CUDA nor MPS version not installed/working.
2025-03-05 15:51:33,241 [INFO] >>>> using CPU
2025-03-05 15:51:33,241 [INFO] >>>> using CPU
2025-03-05 15:51:33,290 [INFO] >>>> loading model /mnt/sata4/cellpose_training/output-XETG00195__0041388__TMA00150__20241213__232337/models/dhruv_testing
2025-03-05 15:51:33,369 [INFO] >>>> model diam_mean =  30.000 (ROIs rescaled to this size during training)
2025-03-05 15:51:33,369 [INFO] >>>> model diam_labels =  22.483 (mean diameter of training ROIs)
