2025-03-05 15:54:53,371 [INFO] WRITING LOG OUTPUT TO /home/dpatravali/.cellpose/run.log
2025-03-05 15:54:53,372 [INFO] 
cellpose version: 	3.1.1.1 
platform:       	linux 
python version: 	3.10.16 
torch version:  	2.6.0+cu124
2025-03-05 15:54:53,533 [INFO] ** TORCH CUDA version installed and working. **
2025-03-05 15:54:53,533 [INFO] >>>> using GPU (CUDA)
2025-03-05 15:54:53,585 [INFO] >>>> loading model /mnt/sata4/cellpose_training/output-XETG00195__0041388__TMA00150__20241213__232337/models/dhruv_testing
2025-03-05 15:54:53,645 [INFO] >>>> model diam_mean =  30.000 (ROIs rescaled to this size during training)
2025-03-05 15:54:53,645 [INFO] >>>> model diam_labels =  22.483 (mean diameter of training ROIs)
2025-03-05 15:54:55,147 [INFO] WRITING LOG OUTPUT TO /home/dpatravali/.cellpose/run.log
2025-03-05 15:54:55,147 [INFO] 
cellpose version: 	3.1.1.1 
platform:       	linux 
python version: 	3.10.16 
torch version:  	2.6.0+cu124
2025-03-05 15:54:55,147 [INFO] ** TORCH CUDA version installed and working. **
2025-03-05 15:54:55,147 [INFO] >>>> using GPU (CUDA)
2025-03-05 15:54:55,193 [INFO] >>>> loading model /mnt/sata4/cellpose_training/output-XETG00195__0041388__TMA00150__20241213__232337/models/dhruv_testing
2025-03-05 15:54:55,252 [INFO] >>>> model diam_mean =  30.000 (ROIs rescaled to this size during training)
2025-03-05 15:54:55,252 [INFO] >>>> model diam_labels =  22.483 (mean diameter of training ROIs)
2025-03-05 15:54:55,482 [INFO] WRITING LOG OUTPUT TO /home/dpatravali/.cellpose/run.log
2025-03-05 15:54:55,482 [INFO] 
cellpose version: 	3.1.1.1 
platform:       	linux 
python version: 	3.10.16 
torch version:  	2.6.0+cu124
2025-03-05 15:54:55,482 [INFO] ** TORCH CUDA version installed and working. **
2025-03-05 15:54:55,482 [INFO] >>>> using GPU (CUDA)
2025-03-05 15:54:55,528 [INFO] >>>> loading model /mnt/sata4/cellpose_training/output-XETG00195__0041388__TMA00150__20241213__232337/models/dhruv_testing
2025-03-05 15:54:55,585 [INFO] >>>> model diam_mean =  30.000 (ROIs rescaled to this size during training)
2025-03-05 15:54:55,585 [INFO] >>>> model diam_labels =  22.483 (mean diameter of training ROIs)
2025-03-05 15:54:55,834 [INFO] WRITING LOG OUTPUT TO /home/dpatravali/.cellpose/run.log
2025-03-05 15:54:55,834 [INFO] 
cellpose version: 	3.1.1.1 
platform:       	linux 
python version: 	3.10.16 
torch version:  	2.6.0+cu124
2025-03-05 15:54:55,834 [INFO] ** TORCH CUDA version installed and working. **
2025-03-05 15:54:55,834 [INFO] >>>> using GPU (CUDA)
2025-03-05 15:54:55,881 [INFO] >>>> loading model /mnt/sata4/cellpose_training/output-XETG00195__0041388__TMA00150__20241213__232337/models/dhruv_testing
2025-03-05 15:54:55,939 [INFO] >>>> model diam_mean =  30.000 (ROIs rescaled to this size during training)
2025-03-05 15:54:55,939 [INFO] >>>> model diam_labels =  22.483 (mean diameter of training ROIs)
2025-03-05 15:54:56,210 [INFO] WRITING LOG OUTPUT TO /home/dpatravali/.cellpose/run.log
2025-03-05 15:54:56,210 [INFO] 
cellpose version: 	3.1.1.1 
platform:       	linux 
python version: 	3.10.16 
torch version:  	2.6.0+cu124
2025-03-05 15:54:56,211 [INFO] ** TORCH CUDA version installed and working. **
2025-03-05 15:54:56,211 [INFO] >>>> using GPU (CUDA)
2025-03-05 15:54:56,257 [INFO] >>>> loading model /mnt/sata4/cellpose_training/output-XETG00195__0041388__TMA00150__20241213__232337/models/dhruv_testing
2025-03-05 15:54:56,315 [INFO] >>>> model diam_mean =  30.000 (ROIs rescaled to this size during training)
2025-03-05 15:54:56,315 [INFO] >>>> model diam_labels =  22.483 (mean diameter of training ROIs)
2025-03-05 15:54:56,575 [INFO] WRITING LOG OUTPUT TO /home/dpatravali/.cellpose/run.log
2025-03-05 15:54:56,576 [INFO] 
cellpose version: 	3.1.1.1 
platform:       	linux 
python version: 	3.10.16 
torch version:  	2.6.0+cu124
2025-03-05 15:54:56,576 [INFO] ** TORCH CUDA version installed and working. **
2025-03-05 15:54:56,576 [INFO] >>>> using GPU (CUDA)
2025-03-05 15:54:56,622 [INFO] >>>> loading model /mnt/sata4/cellpose_training/output-XETG00195__0041388__TMA00150__20241213__232337/models/dhruv_testing
2025-03-05 15:54:56,678 [INFO] >>>> model diam_mean =  30.000 (ROIs rescaled to this size during training)
2025-03-05 15:54:56,678 [INFO] >>>> model diam_labels =  22.483 (mean diameter of training ROIs)
2025-03-05 15:54:56,811 [INFO] WRITING LOG OUTPUT TO /home/dpatravali/.cellpose/run.log
2025-03-05 15:54:56,811 [INFO] 
cellpose version: 	3.1.1.1 
platform:       	linux 
python version: 	3.10.16 
torch version:  	2.6.0+cu124
2025-03-05 15:54:56,811 [INFO] ** TORCH CUDA version installed and working. **
2025-03-05 15:54:56,811 [INFO] >>>> using GPU (CUDA)
2025-03-05 15:54:56,857 [INFO] >>>> loading model /mnt/sata4/cellpose_training/output-XETG00195__0041388__TMA00150__20241213__232337/models/dhruv_testing
2025-03-05 15:54:56,913 [INFO] >>>> model diam_mean =  30.000 (ROIs rescaled to this size during training)
2025-03-05 15:54:56,913 [INFO] >>>> model diam_labels =  22.483 (mean diameter of training ROIs)
2025-03-05 15:54:57,126 [INFO] WRITING LOG OUTPUT TO /home/dpatravali/.cellpose/run.log
2025-03-05 15:54:57,126 [INFO] 
cellpose version: 	3.1.1.1 
platform:       	linux 
python version: 	3.10.16 
torch version:  	2.6.0+cu124
2025-03-05 15:54:57,126 [INFO] ** TORCH CUDA version installed and working. **
2025-03-05 15:54:57,126 [INFO] >>>> using GPU (CUDA)
2025-03-05 15:54:57,173 [INFO] >>>> loading model /mnt/sata4/cellpose_training/output-XETG00195__0041388__TMA00150__20241213__232337/models/dhruv_testing
2025-03-05 15:54:57,230 [INFO] >>>> model diam_mean =  30.000 (ROIs rescaled to this size during training)
2025-03-05 15:54:57,231 [INFO] >>>> model diam_labels =  22.483 (mean diameter of training ROIs)
2025-03-05 15:54:57,409 [INFO] WRITING LOG OUTPUT TO /home/dpatravali/.cellpose/run.log
2025-03-05 15:54:57,409 [INFO] 
cellpose version: 	3.1.1.1 
platform:       	linux 
python version: 	3.10.16 
torch version:  	2.6.0+cu124
2025-03-05 15:54:57,409 [INFO] ** TORCH CUDA version installed and working. **
2025-03-05 15:54:57,409 [INFO] >>>> using GPU (CUDA)
2025-03-05 15:54:57,456 [INFO] >>>> loading model /mnt/sata4/cellpose_training/output-XETG00195__0041388__TMA00150__20241213__232337/models/dhruv_testing
2025-03-05 15:54:57,514 [INFO] >>>> model diam_mean =  30.000 (ROIs rescaled to this size during training)
2025-03-05 15:54:57,514 [INFO] >>>> model diam_labels =  22.483 (mean diameter of training ROIs)
2025-03-05 15:54:57,649 [INFO] WRITING LOG OUTPUT TO /home/dpatravali/.cellpose/run.log
2025-03-05 15:54:57,649 [INFO] 
cellpose version: 	3.1.1.1 
platform:       	linux 
python version: 	3.10.16 
torch version:  	2.6.0+cu124
2025-03-05 15:54:57,649 [INFO] ** TORCH CUDA version installed and working. **
2025-03-05 15:54:57,649 [INFO] >>>> using GPU (CUDA)
2025-03-05 15:54:57,694 [INFO] >>>> loading model /mnt/sata4/cellpose_training/output-XETG00195__0041388__TMA00150__20241213__232337/models/dhruv_testing
2025-03-05 15:54:57,751 [INFO] >>>> model diam_mean =  30.000 (ROIs rescaled to this size during training)
2025-03-05 15:54:57,751 [INFO] >>>> model diam_labels =  22.483 (mean diameter of training ROIs)
2025-03-05 15:54:57,998 [INFO] WRITING LOG OUTPUT TO /home/dpatravali/.cellpose/run.log
2025-03-05 15:54:57,998 [INFO] 
cellpose version: 	3.1.1.1 
platform:       	linux 
python version: 	3.10.16 
torch version:  	2.6.0+cu124
2025-03-05 15:54:57,998 [INFO] ** TORCH CUDA version installed and working. **
2025-03-05 15:54:57,998 [INFO] >>>> using GPU (CUDA)
2025-03-05 15:54:58,044 [INFO] >>>> loading model /mnt/sata4/cellpose_training/output-XETG00195__0041388__TMA00150__20241213__232337/models/dhruv_testing
2025-03-05 15:54:58,101 [INFO] >>>> model diam_mean =  30.000 (ROIs rescaled to this size during training)
2025-03-05 15:54:58,101 [INFO] >>>> model diam_labels =  22.483 (mean diameter of training ROIs)
2025-03-05 15:54:58,387 [INFO] WRITING LOG OUTPUT TO /home/dpatravali/.cellpose/run.log
2025-03-05 15:54:58,387 [INFO] 
cellpose version: 	3.1.1.1 
platform:       	linux 
python version: 	3.10.16 
torch version:  	2.6.0+cu124
2025-03-05 15:54:58,387 [INFO] ** TORCH CUDA version installed and working. **
2025-03-05 15:54:58,387 [INFO] >>>> using GPU (CUDA)
2025-03-05 15:54:58,571 [INFO] >>>> loading model /mnt/sata4/cellpose_training/output-XETG00195__0041388__TMA00150__20241213__232337/models/dhruv_testing
2025-03-05 15:54:58,628 [INFO] >>>> model diam_mean =  30.000 (ROIs rescaled to this size during training)
2025-03-05 15:54:58,628 [INFO] >>>> model diam_labels =  22.483 (mean diameter of training ROIs)
2025-03-05 15:54:58,927 [INFO] WRITING LOG OUTPUT TO /home/dpatravali/.cellpose/run.log
2025-03-05 15:54:58,927 [INFO] 
cellpose version: 	3.1.1.1 
platform:       	linux 
python version: 	3.10.16 
torch version:  	2.6.0+cu124
2025-03-05 15:54:58,927 [INFO] ** TORCH CUDA version installed and working. **
2025-03-05 15:54:58,927 [INFO] >>>> using GPU (CUDA)
2025-03-05 15:54:58,973 [INFO] >>>> loading model /mnt/sata4/cellpose_training/output-XETG00195__0041388__TMA00150__20241213__232337/models/dhruv_testing
2025-03-05 15:54:59,030 [INFO] >>>> model diam_mean =  30.000 (ROIs rescaled to this size during training)
2025-03-05 15:54:59,030 [INFO] >>>> model diam_labels =  22.483 (mean diameter of training ROIs)
2025-03-05 15:54:59,311 [INFO] WRITING LOG OUTPUT TO /home/dpatravali/.cellpose/run.log
2025-03-05 15:54:59,311 [INFO] 
cellpose version: 	3.1.1.1 
platform:       	linux 
python version: 	3.10.16 
torch version:  	2.6.0+cu124
2025-03-05 15:54:59,311 [INFO] ** TORCH CUDA version installed and working. **
2025-03-05 15:54:59,311 [INFO] >>>> using GPU (CUDA)
2025-03-05 15:54:59,357 [INFO] >>>> loading model /mnt/sata4/cellpose_training/output-XETG00195__0041388__TMA00150__20241213__232337/models/dhruv_testing
2025-03-05 15:54:59,414 [INFO] >>>> model diam_mean =  30.000 (ROIs rescaled to this size during training)
2025-03-05 15:54:59,414 [INFO] >>>> model diam_labels =  22.483 (mean diameter of training ROIs)
2025-03-05 15:54:59,589 [INFO] WRITING LOG OUTPUT TO /home/dpatravali/.cellpose/run.log
2025-03-05 15:54:59,589 [INFO] 
cellpose version: 	3.1.1.1 
platform:       	linux 
python version: 	3.10.16 
torch version:  	2.6.0+cu124
2025-03-05 15:54:59,590 [INFO] Neither TORCH CUDA nor MPS version not installed/working.
2025-03-05 15:54:59,590 [INFO] >>>> using CPU
2025-03-05 15:54:59,590 [INFO] >>>> using CPU
2025-03-05 15:54:59,634 [INFO] >>>> loading model /mnt/sata4/cellpose_training/output-XETG00195__0041388__TMA00150__20241213__232337/models/dhruv_testing
2025-03-05 15:54:59,715 [INFO] >>>> model diam_mean =  30.000 (ROIs rescaled to this size during training)
2025-03-05 15:54:59,715 [INFO] >>>> model diam_labels =  22.483 (mean diameter of training ROIs)
