2025-03-04 15:19:21,796 [INFO] WRITING LOG OUTPUT TO /home/dpatravali/.cellpose/run.log
2025-03-04 15:19:21,796 [INFO] 
cellpose version: 	3.1.1.1 
platform:       	linux 
python version: 	3.10.16 
torch version:  	2.6.0+cu124
2025-03-04 15:19:21,985 [INFO] ** TORCH CUDA version installed and working. **
2025-03-04 15:19:21,985 [INFO] >>>> using GPU (CUDA)
2025-03-04 15:19:22,038 [INFO] >>>> loading model /mnt/sata4/cellpose_training/output-XETG00195__0041388__TMA00150__20241213__232337/models/dhruv_testing
2025-03-04 15:19:22,102 [INFO] >>>> model diam_mean =  30.000 (ROIs rescaled to this size during training)
2025-03-04 15:19:22,102 [INFO] >>>> model diam_labels =  22.483 (mean diameter of training ROIs)
2025-03-04 15:19:23,765 [INFO] WRITING LOG OUTPUT TO /home/dpatravali/.cellpose/run.log
2025-03-04 15:19:23,765 [INFO] 
cellpose version: 	3.1.1.1 
platform:       	linux 
python version: 	3.10.16 
torch version:  	2.6.0+cu124
2025-03-04 15:19:23,765 [INFO] ** TORCH CUDA version installed and working. **
2025-03-04 15:19:23,765 [INFO] >>>> using GPU (CUDA)
2025-03-04 15:19:23,813 [INFO] >>>> loading model /mnt/sata4/cellpose_training/output-XETG00195__0041388__TMA00150__20241213__232337/models/dhruv_testing
2025-03-04 15:19:23,873 [INFO] >>>> model diam_mean =  30.000 (ROIs rescaled to this size during training)
2025-03-04 15:19:23,873 [INFO] >>>> model diam_labels =  22.483 (mean diameter of training ROIs)
2025-03-04 15:19:24,137 [INFO] WRITING LOG OUTPUT TO /home/dpatravali/.cellpose/run.log
2025-03-04 15:19:24,137 [INFO] 
cellpose version: 	3.1.1.1 
platform:       	linux 
python version: 	3.10.16 
torch version:  	2.6.0+cu124
2025-03-04 15:19:24,137 [INFO] ** TORCH CUDA version installed and working. **
2025-03-04 15:19:24,137 [INFO] >>>> using GPU (CUDA)
2025-03-04 15:19:24,183 [INFO] >>>> loading model /mnt/sata4/cellpose_training/output-XETG00195__0041388__TMA00150__20241213__232337/models/dhruv_testing
2025-03-04 15:19:24,240 [INFO] >>>> model diam_mean =  30.000 (ROIs rescaled to this size during training)
2025-03-04 15:19:24,241 [INFO] >>>> model diam_labels =  22.483 (mean diameter of training ROIs)
2025-03-04 15:19:24,512 [INFO] WRITING LOG OUTPUT TO /home/dpatravali/.cellpose/run.log
2025-03-04 15:19:24,512 [INFO] 
cellpose version: 	3.1.1.1 
platform:       	linux 
python version: 	3.10.16 
torch version:  	2.6.0+cu124
2025-03-04 15:19:24,512 [INFO] ** TORCH CUDA version installed and working. **
2025-03-04 15:19:24,512 [INFO] >>>> using GPU (CUDA)
2025-03-04 15:19:24,559 [INFO] >>>> loading model /mnt/sata4/cellpose_training/output-XETG00195__0041388__TMA00150__20241213__232337/models/dhruv_testing
2025-03-04 15:19:24,618 [INFO] >>>> model diam_mean =  30.000 (ROIs rescaled to this size during training)
2025-03-04 15:19:24,618 [INFO] >>>> model diam_labels =  22.483 (mean diameter of training ROIs)
2025-03-04 15:19:24,880 [INFO] WRITING LOG OUTPUT TO /home/dpatravali/.cellpose/run.log
2025-03-04 15:19:24,880 [INFO] 
cellpose version: 	3.1.1.1 
platform:       	linux 
python version: 	3.10.16 
torch version:  	2.6.0+cu124
2025-03-04 15:19:24,880 [INFO] ** TORCH CUDA version installed and working. **
2025-03-04 15:19:24,880 [INFO] >>>> using GPU (CUDA)
2025-03-04 15:19:24,926 [INFO] >>>> loading model /mnt/sata4/cellpose_training/output-XETG00195__0041388__TMA00150__20241213__232337/models/dhruv_testing
2025-03-04 15:19:24,984 [INFO] >>>> model diam_mean =  30.000 (ROIs rescaled to this size during training)
2025-03-04 15:19:24,984 [INFO] >>>> model diam_labels =  22.483 (mean diameter of training ROIs)
2025-03-04 15:19:25,253 [INFO] WRITING LOG OUTPUT TO /home/dpatravali/.cellpose/run.log
2025-03-04 15:19:25,253 [INFO] 
cellpose version: 	3.1.1.1 
platform:       	linux 
python version: 	3.10.16 
torch version:  	2.6.0+cu124
2025-03-04 15:19:25,253 [INFO] ** TORCH CUDA version installed and working. **
2025-03-04 15:19:25,253 [INFO] >>>> using GPU (CUDA)
2025-03-04 15:19:25,299 [INFO] >>>> loading model /mnt/sata4/cellpose_training/output-XETG00195__0041388__TMA00150__20241213__232337/models/dhruv_testing
2025-03-04 15:19:25,355 [INFO] >>>> model diam_mean =  30.000 (ROIs rescaled to this size during training)
2025-03-04 15:19:25,355 [INFO] >>>> model diam_labels =  22.483 (mean diameter of training ROIs)
2025-03-04 15:19:25,603 [INFO] WRITING LOG OUTPUT TO /home/dpatravali/.cellpose/run.log
2025-03-04 15:19:25,603 [INFO] 
cellpose version: 	3.1.1.1 
platform:       	linux 
python version: 	3.10.16 
torch version:  	2.6.0+cu124
2025-03-04 15:19:25,603 [INFO] ** TORCH CUDA version installed and working. **
2025-03-04 15:19:25,603 [INFO] >>>> using GPU (CUDA)
2025-03-04 15:19:25,649 [INFO] >>>> loading model /mnt/sata4/cellpose_training/output-XETG00195__0041388__TMA00150__20241213__232337/models/dhruv_testing
2025-03-04 15:19:25,706 [INFO] >>>> model diam_mean =  30.000 (ROIs rescaled to this size during training)
2025-03-04 15:19:25,706 [INFO] >>>> model diam_labels =  22.483 (mean diameter of training ROIs)
2025-03-04 15:19:25,958 [INFO] WRITING LOG OUTPUT TO /home/dpatravali/.cellpose/run.log
2025-03-04 15:19:25,958 [INFO] 
cellpose version: 	3.1.1.1 
platform:       	linux 
python version: 	3.10.16 
torch version:  	2.6.0+cu124
2025-03-04 15:19:25,958 [INFO] ** TORCH CUDA version installed and working. **
2025-03-04 15:19:25,958 [INFO] >>>> using GPU (CUDA)
2025-03-04 15:19:26,005 [INFO] >>>> loading model /mnt/sata4/cellpose_training/output-XETG00195__0041388__TMA00150__20241213__232337/models/dhruv_testing
2025-03-04 15:19:26,064 [INFO] >>>> model diam_mean =  30.000 (ROIs rescaled to this size during training)
2025-03-04 15:19:26,064 [INFO] >>>> model diam_labels =  22.483 (mean diameter of training ROIs)
2025-03-04 15:19:26,182 [INFO] WRITING LOG OUTPUT TO /home/dpatravali/.cellpose/run.log
2025-03-04 15:19:26,182 [INFO] 
cellpose version: 	3.1.1.1 
platform:       	linux 
python version: 	3.10.16 
torch version:  	2.6.0+cu124
2025-03-04 15:19:26,182 [INFO] ** TORCH CUDA version installed and working. **
2025-03-04 15:19:26,182 [INFO] >>>> using GPU (CUDA)
2025-03-04 15:19:26,229 [INFO] >>>> loading model /mnt/sata4/cellpose_training/output-XETG00195__0041388__TMA00150__20241213__232337/models/dhruv_testing
2025-03-04 15:19:26,292 [INFO] >>>> model diam_mean =  30.000 (ROIs rescaled to this size during training)
2025-03-04 15:19:26,292 [INFO] >>>> model diam_labels =  22.483 (mean diameter of training ROIs)
2025-03-04 15:19:26,490 [INFO] WRITING LOG OUTPUT TO /home/dpatravali/.cellpose/run.log
2025-03-04 15:19:26,490 [INFO] 
cellpose version: 	3.1.1.1 
platform:       	linux 
python version: 	3.10.16 
torch version:  	2.6.0+cu124
2025-03-04 15:19:26,490 [INFO] ** TORCH CUDA version installed and working. **
2025-03-04 15:19:26,490 [INFO] >>>> using GPU (CUDA)
2025-03-04 15:19:26,537 [INFO] >>>> loading model /mnt/sata4/cellpose_training/output-XETG00195__0041388__TMA00150__20241213__232337/models/dhruv_testing
2025-03-04 15:19:26,595 [INFO] >>>> model diam_mean =  30.000 (ROIs rescaled to this size during training)
2025-03-04 15:19:26,595 [INFO] >>>> model diam_labels =  22.483 (mean diameter of training ROIs)
2025-03-04 15:19:26,894 [INFO] WRITING LOG OUTPUT TO /home/dpatravali/.cellpose/run.log
2025-03-04 15:19:26,894 [INFO] 
cellpose version: 	3.1.1.1 
platform:       	linux 
python version: 	3.10.16 
torch version:  	2.6.0+cu124
2025-03-04 15:19:26,894 [INFO] ** TORCH CUDA version installed and working. **
2025-03-04 15:19:26,894 [INFO] >>>> using GPU (CUDA)
2025-03-04 15:19:26,940 [INFO] >>>> loading model /mnt/sata4/cellpose_training/output-XETG00195__0041388__TMA00150__20241213__232337/models/dhruv_testing
2025-03-04 15:19:26,998 [INFO] >>>> model diam_mean =  30.000 (ROIs rescaled to this size during training)
2025-03-04 15:19:26,999 [INFO] >>>> model diam_labels =  22.483 (mean diameter of training ROIs)
2025-03-04 15:19:27,282 [INFO] WRITING LOG OUTPUT TO /home/dpatravali/.cellpose/run.log
2025-03-04 15:19:27,282 [INFO] 
cellpose version: 	3.1.1.1 
platform:       	linux 
python version: 	3.10.16 
torch version:  	2.6.0+cu124
2025-03-04 15:19:27,282 [INFO] ** TORCH CUDA version installed and working. **
2025-03-04 15:19:27,282 [INFO] >>>> using GPU (CUDA)
2025-03-04 15:19:27,329 [INFO] >>>> loading model /mnt/sata4/cellpose_training/output-XETG00195__0041388__TMA00150__20241213__232337/models/dhruv_testing
2025-03-04 15:19:27,386 [INFO] >>>> model diam_mean =  30.000 (ROIs rescaled to this size during training)
2025-03-04 15:19:27,386 [INFO] >>>> model diam_labels =  22.483 (mean diameter of training ROIs)
2025-03-04 15:19:27,661 [INFO] WRITING LOG OUTPUT TO /home/dpatravali/.cellpose/run.log
2025-03-04 15:19:27,661 [INFO] 
cellpose version: 	3.1.1.1 
platform:       	linux 
python version: 	3.10.16 
torch version:  	2.6.0+cu124
2025-03-04 15:19:27,661 [INFO] ** TORCH CUDA version installed and working. **
2025-03-04 15:19:27,661 [INFO] >>>> using GPU (CUDA)
2025-03-04 15:19:27,707 [INFO] >>>> loading model /mnt/sata4/cellpose_training/output-XETG00195__0041388__TMA00150__20241213__232337/models/dhruv_testing
2025-03-04 15:19:27,764 [INFO] >>>> model diam_mean =  30.000 (ROIs rescaled to this size during training)
2025-03-04 15:19:27,764 [INFO] >>>> model diam_labels =  22.483 (mean diameter of training ROIs)
2025-03-04 15:19:28,051 [INFO] WRITING LOG OUTPUT TO /home/dpatravali/.cellpose/run.log
2025-03-04 15:19:28,051 [INFO] 
cellpose version: 	3.1.1.1 
platform:       	linux 
python version: 	3.10.16 
torch version:  	2.6.0+cu124
2025-03-04 15:19:28,051 [INFO] ** TORCH CUDA version installed and working. **
2025-03-04 15:19:28,051 [INFO] >>>> using GPU (CUDA)
2025-03-04 15:19:28,098 [INFO] >>>> loading model /mnt/sata4/cellpose_training/output-XETG00195__0041388__TMA00150__20241213__232337/models/dhruv_testing
2025-03-04 15:19:28,156 [INFO] >>>> model diam_mean =  30.000 (ROIs rescaled to this size during training)
2025-03-04 15:19:28,156 [INFO] >>>> model diam_labels =  22.483 (mean diameter of training ROIs)
2025-03-04 15:19:28,373 [INFO] WRITING LOG OUTPUT TO /home/dpatravali/.cellpose/run.log
2025-03-04 15:19:28,373 [INFO] 
cellpose version: 	3.1.1.1 
platform:       	linux 
python version: 	3.10.16 
torch version:  	2.6.0+cu124
2025-03-04 15:19:28,373 [INFO] ** TORCH CUDA version installed and working. **
2025-03-04 15:19:28,373 [INFO] >>>> using GPU (CUDA)
2025-03-04 15:19:28,420 [INFO] >>>> loading model /mnt/sata4/cellpose_training/output-XETG00195__0041388__TMA00150__20241213__232337/models/dhruv_testing
2025-03-04 15:19:28,614 [INFO] >>>> model diam_mean =  30.000 (ROIs rescaled to this size during training)
2025-03-04 15:19:28,614 [INFO] >>>> model diam_labels =  22.483 (mean diameter of training ROIs)
2025-03-04 15:19:28,899 [INFO] WRITING LOG OUTPUT TO /home/dpatravali/.cellpose/run.log
2025-03-04 15:19:28,899 [INFO] 
cellpose version: 	3.1.1.1 
platform:       	linux 
python version: 	3.10.16 
torch version:  	2.6.0+cu124
2025-03-04 15:19:28,900 [INFO] ** TORCH CUDA version installed and working. **
2025-03-04 15:19:28,900 [INFO] >>>> using GPU (CUDA)
2025-03-04 15:19:28,947 [INFO] >>>> loading model /mnt/sata4/cellpose_training/output-XETG00195__0041388__TMA00150__20241213__232337/models/dhruv_testing
2025-03-04 15:19:29,004 [INFO] >>>> model diam_mean =  30.000 (ROIs rescaled to this size during training)
2025-03-04 15:19:29,005 [INFO] >>>> model diam_labels =  22.483 (mean diameter of training ROIs)
2025-03-04 15:19:29,158 [INFO] WRITING LOG OUTPUT TO /home/dpatravali/.cellpose/run.log
2025-03-04 15:19:29,158 [INFO] 
cellpose version: 	3.1.1.1 
platform:       	linux 
python version: 	3.10.16 
torch version:  	2.6.0+cu124
2025-03-04 15:19:29,158 [INFO] ** TORCH CUDA version installed and working. **
2025-03-04 15:19:29,158 [INFO] >>>> using GPU (CUDA)
2025-03-04 15:19:29,205 [INFO] >>>> loading model /mnt/sata4/cellpose_training/output-XETG00195__0041388__TMA00150__20241213__232337/models/dhruv_testing
2025-03-04 15:19:29,262 [INFO] >>>> model diam_mean =  30.000 (ROIs rescaled to this size during training)
2025-03-04 15:19:29,262 [INFO] >>>> model diam_labels =  22.483 (mean diameter of training ROIs)
2025-03-04 15:19:29,521 [INFO] WRITING LOG OUTPUT TO /home/dpatravali/.cellpose/run.log
2025-03-04 15:19:29,521 [INFO] 
cellpose version: 	3.1.1.1 
platform:       	linux 
python version: 	3.10.16 
torch version:  	2.6.0+cu124
2025-03-04 15:19:29,521 [INFO] ** TORCH CUDA version installed and working. **
2025-03-04 15:19:29,521 [INFO] >>>> using GPU (CUDA)
2025-03-04 15:19:29,569 [INFO] >>>> loading model /mnt/sata4/cellpose_training/output-XETG00195__0041388__TMA00150__20241213__232337/models/dhruv_testing
2025-03-04 15:19:29,625 [INFO] >>>> model diam_mean =  30.000 (ROIs rescaled to this size during training)
2025-03-04 15:19:29,625 [INFO] >>>> model diam_labels =  22.483 (mean diameter of training ROIs)
2025-03-04 15:19:29,861 [INFO] WRITING LOG OUTPUT TO /home/dpatravali/.cellpose/run.log
2025-03-04 15:19:29,861 [INFO] 
cellpose version: 	3.1.1.1 
platform:       	linux 
python version: 	3.10.16 
torch version:  	2.6.0+cu124
2025-03-04 15:19:29,862 [INFO] ** TORCH CUDA version installed and working. **
2025-03-04 15:19:29,862 [INFO] >>>> using GPU (CUDA)
2025-03-04 15:19:29,907 [INFO] >>>> loading model /mnt/sata4/cellpose_training/output-XETG00195__0041388__TMA00150__20241213__232337/models/dhruv_testing
2025-03-04 15:19:29,965 [INFO] >>>> model diam_mean =  30.000 (ROIs rescaled to this size during training)
2025-03-04 15:19:29,965 [INFO] >>>> model diam_labels =  22.483 (mean diameter of training ROIs)
2025-03-04 15:19:30,226 [INFO] WRITING LOG OUTPUT TO /home/dpatravali/.cellpose/run.log
2025-03-04 15:19:30,226 [INFO] 
cellpose version: 	3.1.1.1 
platform:       	linux 
python version: 	3.10.16 
torch version:  	2.6.0+cu124
2025-03-04 15:19:30,226 [INFO] ** TORCH CUDA version installed and working. **
2025-03-04 15:19:30,226 [INFO] >>>> using GPU (CUDA)
2025-03-04 15:19:30,274 [INFO] >>>> loading model /mnt/sata4/cellpose_training/output-XETG00195__0041388__TMA00150__20241213__232337/models/dhruv_testing
2025-03-04 15:19:30,331 [INFO] >>>> model diam_mean =  30.000 (ROIs rescaled to this size during training)
2025-03-04 15:19:30,331 [INFO] >>>> model diam_labels =  22.483 (mean diameter of training ROIs)
2025-03-04 15:19:30,622 [INFO] WRITING LOG OUTPUT TO /home/dpatravali/.cellpose/run.log
2025-03-04 15:19:30,622 [INFO] 
cellpose version: 	3.1.1.1 
platform:       	linux 
python version: 	3.10.16 
torch version:  	2.6.0+cu124
2025-03-04 15:19:30,622 [INFO] ** TORCH CUDA version installed and working. **
2025-03-04 15:19:30,622 [INFO] >>>> using GPU (CUDA)
2025-03-04 15:19:30,668 [INFO] >>>> loading model /mnt/sata4/cellpose_training/output-XETG00195__0041388__TMA00150__20241213__232337/models/dhruv_testing
2025-03-04 15:19:30,726 [INFO] >>>> model diam_mean =  30.000 (ROIs rescaled to this size during training)
2025-03-04 15:19:30,726 [INFO] >>>> model diam_labels =  22.483 (mean diameter of training ROIs)
2025-03-04 15:19:31,023 [INFO] WRITING LOG OUTPUT TO /home/dpatravali/.cellpose/run.log
2025-03-04 15:19:31,023 [INFO] 
cellpose version: 	3.1.1.1 
platform:       	linux 
python version: 	3.10.16 
torch version:  	2.6.0+cu124
2025-03-04 15:19:31,023 [INFO] ** TORCH CUDA version installed and working. **
2025-03-04 15:19:31,024 [INFO] >>>> using GPU (CUDA)
2025-03-04 15:19:31,070 [INFO] >>>> loading model /mnt/sata4/cellpose_training/output-XETG00195__0041388__TMA00150__20241213__232337/models/dhruv_testing
2025-03-04 15:19:31,128 [INFO] >>>> model diam_mean =  30.000 (ROIs rescaled to this size during training)
2025-03-04 15:19:31,128 [INFO] >>>> model diam_labels =  22.483 (mean diameter of training ROIs)
2025-03-04 15:19:31,373 [INFO] WRITING LOG OUTPUT TO /home/dpatravali/.cellpose/run.log
2025-03-04 15:19:31,373 [INFO] 
cellpose version: 	3.1.1.1 
platform:       	linux 
python version: 	3.10.16 
torch version:  	2.6.0+cu124
2025-03-04 15:19:31,373 [INFO] ** TORCH CUDA version installed and working. **
2025-03-04 15:19:31,373 [INFO] >>>> using GPU (CUDA)
2025-03-04 15:19:31,419 [INFO] >>>> loading model /mnt/sata4/cellpose_training/output-XETG00195__0041388__TMA00150__20241213__232337/models/dhruv_testing
2025-03-04 15:19:31,477 [INFO] >>>> model diam_mean =  30.000 (ROIs rescaled to this size during training)
2025-03-04 15:19:31,477 [INFO] >>>> model diam_labels =  22.483 (mean diameter of training ROIs)
2025-03-04 15:19:31,767 [INFO] WRITING LOG OUTPUT TO /home/dpatravali/.cellpose/run.log
2025-03-04 15:19:31,767 [INFO] 
cellpose version: 	3.1.1.1 
platform:       	linux 
python version: 	3.10.16 
torch version:  	2.6.0+cu124
2025-03-04 15:19:31,767 [INFO] ** TORCH CUDA version installed and working. **
2025-03-04 15:19:31,767 [INFO] >>>> using GPU (CUDA)
2025-03-04 15:19:31,814 [INFO] >>>> loading model /mnt/sata4/cellpose_training/output-XETG00195__0041388__TMA00150__20241213__232337/models/dhruv_testing
2025-03-04 15:19:31,872 [INFO] >>>> model diam_mean =  30.000 (ROIs rescaled to this size during training)
2025-03-04 15:19:31,872 [INFO] >>>> model diam_labels =  22.483 (mean diameter of training ROIs)
2025-03-04 15:19:31,983 [INFO] WRITING LOG OUTPUT TO /home/dpatravali/.cellpose/run.log
2025-03-04 15:19:31,983 [INFO] 
cellpose version: 	3.1.1.1 
platform:       	linux 
python version: 	3.10.16 
torch version:  	2.6.0+cu124
2025-03-04 15:19:31,984 [INFO] ** TORCH CUDA version installed and working. **
2025-03-04 15:19:31,984 [INFO] >>>> using GPU (CUDA)
2025-03-04 15:19:32,032 [INFO] >>>> loading model /mnt/sata4/cellpose_training/output-XETG00195__0041388__TMA00150__20241213__232337/models/dhruv_testing
2025-03-04 15:19:32,091 [INFO] >>>> model diam_mean =  30.000 (ROIs rescaled to this size during training)
2025-03-04 15:19:32,091 [INFO] >>>> model diam_labels =  22.483 (mean diameter of training ROIs)
2025-03-04 15:19:32,375 [INFO] WRITING LOG OUTPUT TO /home/dpatravali/.cellpose/run.log
2025-03-04 15:19:32,375 [INFO] 
cellpose version: 	3.1.1.1 
platform:       	linux 
python version: 	3.10.16 
torch version:  	2.6.0+cu124
2025-03-04 15:19:32,375 [INFO] ** TORCH CUDA version installed and working. **
2025-03-04 15:19:32,375 [INFO] >>>> using GPU (CUDA)
2025-03-04 15:19:32,423 [INFO] >>>> loading model /mnt/sata4/cellpose_training/output-XETG00195__0041388__TMA00150__20241213__232337/models/dhruv_testing
2025-03-04 15:19:32,481 [INFO] >>>> model diam_mean =  30.000 (ROIs rescaled to this size during training)
2025-03-04 15:19:32,481 [INFO] >>>> model diam_labels =  22.483 (mean diameter of training ROIs)
2025-03-04 15:19:32,786 [INFO] WRITING LOG OUTPUT TO /home/dpatravali/.cellpose/run.log
2025-03-04 15:19:32,786 [INFO] 
cellpose version: 	3.1.1.1 
platform:       	linux 
python version: 	3.10.16 
torch version:  	2.6.0+cu124
2025-03-04 15:19:32,786 [INFO] ** TORCH CUDA version installed and working. **
2025-03-04 15:19:32,786 [INFO] >>>> using GPU (CUDA)
2025-03-04 15:19:32,833 [INFO] >>>> loading model /mnt/sata4/cellpose_training/output-XETG00195__0041388__TMA00150__20241213__232337/models/dhruv_testing
2025-03-04 15:19:32,890 [INFO] >>>> model diam_mean =  30.000 (ROIs rescaled to this size during training)
2025-03-04 15:19:32,890 [INFO] >>>> model diam_labels =  22.483 (mean diameter of training ROIs)
2025-03-04 15:19:33,195 [INFO] WRITING LOG OUTPUT TO /home/dpatravali/.cellpose/run.log
2025-03-04 15:19:33,195 [INFO] 
cellpose version: 	3.1.1.1 
platform:       	linux 
python version: 	3.10.16 
torch version:  	2.6.0+cu124
2025-03-04 15:19:33,196 [INFO] ** TORCH CUDA version installed and working. **
2025-03-04 15:19:33,196 [INFO] >>>> using GPU (CUDA)
2025-03-04 15:19:33,242 [INFO] >>>> loading model /mnt/sata4/cellpose_training/output-XETG00195__0041388__TMA00150__20241213__232337/models/dhruv_testing
2025-03-04 15:19:33,301 [INFO] >>>> model diam_mean =  30.000 (ROIs rescaled to this size during training)
2025-03-04 15:19:33,301 [INFO] >>>> model diam_labels =  22.483 (mean diameter of training ROIs)
2025-03-04 15:19:33,580 [INFO] WRITING LOG OUTPUT TO /home/dpatravali/.cellpose/run.log
2025-03-04 15:19:33,580 [INFO] 
cellpose version: 	3.1.1.1 
platform:       	linux 
python version: 	3.10.16 
torch version:  	2.6.0+cu124
2025-03-04 15:19:33,580 [INFO] ** TORCH CUDA version installed and working. **
2025-03-04 15:19:33,580 [INFO] >>>> using GPU (CUDA)
2025-03-04 15:19:33,626 [INFO] >>>> loading model /mnt/sata4/cellpose_training/output-XETG00195__0041388__TMA00150__20241213__232337/models/dhruv_testing
2025-03-04 15:19:33,684 [INFO] >>>> model diam_mean =  30.000 (ROIs rescaled to this size during training)
2025-03-04 15:19:33,684 [INFO] >>>> model diam_labels =  22.483 (mean diameter of training ROIs)
2025-03-04 15:19:33,956 [INFO] WRITING LOG OUTPUT TO /home/dpatravali/.cellpose/run.log
2025-03-04 15:19:33,956 [INFO] 
cellpose version: 	3.1.1.1 
platform:       	linux 
python version: 	3.10.16 
torch version:  	2.6.0+cu124
2025-03-04 15:19:33,956 [INFO] ** TORCH CUDA version installed and working. **
2025-03-04 15:19:33,956 [INFO] >>>> using GPU (CUDA)
2025-03-04 15:19:34,003 [INFO] >>>> loading model /mnt/sata4/cellpose_training/output-XETG00195__0041388__TMA00150__20241213__232337/models/dhruv_testing
2025-03-04 15:19:34,063 [INFO] >>>> model diam_mean =  30.000 (ROIs rescaled to this size during training)
2025-03-04 15:19:34,064 [INFO] >>>> model diam_labels =  22.483 (mean diameter of training ROIs)
2025-03-04 15:19:34,366 [INFO] WRITING LOG OUTPUT TO /home/dpatravali/.cellpose/run.log
2025-03-04 15:19:34,366 [INFO] 
cellpose version: 	3.1.1.1 
platform:       	linux 
python version: 	3.10.16 
torch version:  	2.6.0+cu124
2025-03-04 15:19:34,366 [INFO] ** TORCH CUDA version installed and working. **
2025-03-04 15:19:34,366 [INFO] >>>> using GPU (CUDA)
2025-03-04 15:19:34,413 [INFO] >>>> loading model /mnt/sata4/cellpose_training/output-XETG00195__0041388__TMA00150__20241213__232337/models/dhruv_testing
2025-03-04 15:19:34,471 [INFO] >>>> model diam_mean =  30.000 (ROIs rescaled to this size during training)
2025-03-04 15:19:34,472 [INFO] >>>> model diam_labels =  22.483 (mean diameter of training ROIs)
2025-03-04 15:19:34,758 [INFO] WRITING LOG OUTPUT TO /home/dpatravali/.cellpose/run.log
2025-03-04 15:19:34,758 [INFO] 
cellpose version: 	3.1.1.1 
platform:       	linux 
python version: 	3.10.16 
torch version:  	2.6.0+cu124
2025-03-04 15:19:34,758 [INFO] ** TORCH CUDA version installed and working. **
2025-03-04 15:19:34,758 [INFO] >>>> using GPU (CUDA)
2025-03-04 15:19:34,805 [INFO] >>>> loading model /mnt/sata4/cellpose_training/output-XETG00195__0041388__TMA00150__20241213__232337/models/dhruv_testing
2025-03-04 15:19:34,863 [INFO] >>>> model diam_mean =  30.000 (ROIs rescaled to this size during training)
2025-03-04 15:19:34,863 [INFO] >>>> model diam_labels =  22.483 (mean diameter of training ROIs)
2025-03-04 15:19:35,058 [INFO] WRITING LOG OUTPUT TO /home/dpatravali/.cellpose/run.log
2025-03-04 15:19:35,058 [INFO] 
cellpose version: 	3.1.1.1 
platform:       	linux 
python version: 	3.10.16 
torch version:  	2.6.0+cu124
2025-03-04 15:19:35,059 [INFO] ** TORCH CUDA version installed and working. **
2025-03-04 15:19:35,059 [INFO] >>>> using GPU (CUDA)
2025-03-04 15:19:35,104 [INFO] >>>> loading model /mnt/sata4/cellpose_training/output-XETG00195__0041388__TMA00150__20241213__232337/models/dhruv_testing
2025-03-04 15:19:35,161 [INFO] >>>> model diam_mean =  30.000 (ROIs rescaled to this size during training)
2025-03-04 15:19:35,161 [INFO] >>>> model diam_labels =  22.483 (mean diameter of training ROIs)
2025-03-04 15:19:35,408 [INFO] WRITING LOG OUTPUT TO /home/dpatravali/.cellpose/run.log
2025-03-04 15:19:35,408 [INFO] 
cellpose version: 	3.1.1.1 
platform:       	linux 
python version: 	3.10.16 
torch version:  	2.6.0+cu124
2025-03-04 15:19:35,408 [INFO] ** TORCH CUDA version installed and working. **
2025-03-04 15:19:35,408 [INFO] >>>> using GPU (CUDA)
2025-03-04 15:19:35,454 [INFO] >>>> loading model /mnt/sata4/cellpose_training/output-XETG00195__0041388__TMA00150__20241213__232337/models/dhruv_testing
2025-03-04 15:19:35,511 [INFO] >>>> model diam_mean =  30.000 (ROIs rescaled to this size during training)
2025-03-04 15:19:35,512 [INFO] >>>> model diam_labels =  22.483 (mean diameter of training ROIs)
2025-03-04 15:19:35,805 [INFO] WRITING LOG OUTPUT TO /home/dpatravali/.cellpose/run.log
2025-03-04 15:19:35,805 [INFO] 
cellpose version: 	3.1.1.1 
platform:       	linux 
python version: 	3.10.16 
torch version:  	2.6.0+cu124
2025-03-04 15:19:35,805 [INFO] ** TORCH CUDA version installed and working. **
2025-03-04 15:19:35,805 [INFO] >>>> using GPU (CUDA)
2025-03-04 15:19:35,851 [INFO] >>>> loading model /mnt/sata4/cellpose_training/output-XETG00195__0041388__TMA00150__20241213__232337/models/dhruv_testing
2025-03-04 15:19:35,907 [INFO] >>>> model diam_mean =  30.000 (ROIs rescaled to this size during training)
2025-03-04 15:19:35,907 [INFO] >>>> model diam_labels =  22.483 (mean diameter of training ROIs)
2025-03-04 15:19:36,175 [INFO] WRITING LOG OUTPUT TO /home/dpatravali/.cellpose/run.log
2025-03-04 15:19:36,176 [INFO] 
cellpose version: 	3.1.1.1 
platform:       	linux 
python version: 	3.10.16 
torch version:  	2.6.0+cu124
2025-03-04 15:19:36,176 [INFO] ** TORCH CUDA version installed and working. **
2025-03-04 15:19:36,176 [INFO] >>>> using GPU (CUDA)
2025-03-04 15:19:36,222 [INFO] >>>> loading model /mnt/sata4/cellpose_training/output-XETG00195__0041388__TMA00150__20241213__232337/models/dhruv_testing
2025-03-04 15:19:36,279 [INFO] >>>> model diam_mean =  30.000 (ROIs rescaled to this size during training)
2025-03-04 15:19:36,279 [INFO] >>>> model diam_labels =  22.483 (mean diameter of training ROIs)
2025-03-04 15:19:36,562 [INFO] WRITING LOG OUTPUT TO /home/dpatravali/.cellpose/run.log
2025-03-04 15:19:36,562 [INFO] 
cellpose version: 	3.1.1.1 
platform:       	linux 
python version: 	3.10.16 
torch version:  	2.6.0+cu124
2025-03-04 15:19:36,562 [INFO] ** TORCH CUDA version installed and working. **
2025-03-04 15:19:36,562 [INFO] >>>> using GPU (CUDA)
2025-03-04 15:19:36,608 [INFO] >>>> loading model /mnt/sata4/cellpose_training/output-XETG00195__0041388__TMA00150__20241213__232337/models/dhruv_testing
2025-03-04 15:19:36,665 [INFO] >>>> model diam_mean =  30.000 (ROIs rescaled to this size during training)
2025-03-04 15:19:36,665 [INFO] >>>> model diam_labels =  22.483 (mean diameter of training ROIs)
2025-03-04 15:19:36,947 [INFO] WRITING LOG OUTPUT TO /home/dpatravali/.cellpose/run.log
2025-03-04 15:19:36,947 [INFO] 
cellpose version: 	3.1.1.1 
platform:       	linux 
python version: 	3.10.16 
torch version:  	2.6.0+cu124
2025-03-04 15:19:36,947 [INFO] ** TORCH CUDA version installed and working. **
2025-03-04 15:19:36,947 [INFO] >>>> using GPU (CUDA)
2025-03-04 15:19:36,994 [INFO] >>>> loading model /mnt/sata4/cellpose_training/output-XETG00195__0041388__TMA00150__20241213__232337/models/dhruv_testing
2025-03-04 15:19:37,053 [INFO] >>>> model diam_mean =  30.000 (ROIs rescaled to this size during training)
2025-03-04 15:19:37,053 [INFO] >>>> model diam_labels =  22.483 (mean diameter of training ROIs)
2025-03-04 15:19:37,338 [INFO] WRITING LOG OUTPUT TO /home/dpatravali/.cellpose/run.log
2025-03-04 15:19:37,339 [INFO] 
cellpose version: 	3.1.1.1 
platform:       	linux 
python version: 	3.10.16 
torch version:  	2.6.0+cu124
2025-03-04 15:19:37,339 [INFO] ** TORCH CUDA version installed and working. **
2025-03-04 15:19:37,339 [INFO] >>>> using GPU (CUDA)
2025-03-04 15:19:37,386 [INFO] >>>> loading model /mnt/sata4/cellpose_training/output-XETG00195__0041388__TMA00150__20241213__232337/models/dhruv_testing
2025-03-04 15:19:37,443 [INFO] >>>> model diam_mean =  30.000 (ROIs rescaled to this size during training)
2025-03-04 15:19:37,443 [INFO] >>>> model diam_labels =  22.483 (mean diameter of training ROIs)
2025-03-04 15:19:37,741 [INFO] WRITING LOG OUTPUT TO /home/dpatravali/.cellpose/run.log
2025-03-04 15:19:37,741 [INFO] 
cellpose version: 	3.1.1.1 
platform:       	linux 
python version: 	3.10.16 
torch version:  	2.6.0+cu124
2025-03-04 15:19:37,741 [INFO] ** TORCH CUDA version installed and working. **
2025-03-04 15:19:37,741 [INFO] >>>> using GPU (CUDA)
2025-03-04 15:19:37,788 [INFO] >>>> loading model /mnt/sata4/cellpose_training/output-XETG00195__0041388__TMA00150__20241213__232337/models/dhruv_testing
2025-03-04 15:19:37,847 [INFO] >>>> model diam_mean =  30.000 (ROIs rescaled to this size during training)
2025-03-04 15:19:37,847 [INFO] >>>> model diam_labels =  22.483 (mean diameter of training ROIs)
2025-03-04 15:19:38,081 [INFO] WRITING LOG OUTPUT TO /home/dpatravali/.cellpose/run.log
2025-03-04 15:19:38,081 [INFO] 
cellpose version: 	3.1.1.1 
platform:       	linux 
python version: 	3.10.16 
torch version:  	2.6.0+cu124
2025-03-04 15:19:38,082 [INFO] ** TORCH CUDA version installed and working. **
2025-03-04 15:19:38,082 [INFO] >>>> using GPU (CUDA)
2025-03-04 15:19:38,128 [INFO] >>>> loading model /mnt/sata4/cellpose_training/output-XETG00195__0041388__TMA00150__20241213__232337/models/dhruv_testing
2025-03-04 15:19:38,185 [INFO] >>>> model diam_mean =  30.000 (ROIs rescaled to this size during training)
2025-03-04 15:19:38,185 [INFO] >>>> model diam_labels =  22.483 (mean diameter of training ROIs)
2025-03-04 15:19:38,359 [INFO] WRITING LOG OUTPUT TO /home/dpatravali/.cellpose/run.log
2025-03-04 15:19:38,360 [INFO] 
cellpose version: 	3.1.1.1 
platform:       	linux 
python version: 	3.10.16 
torch version:  	2.6.0+cu124
2025-03-04 15:19:38,360 [INFO] ** TORCH CUDA version installed and working. **
2025-03-04 15:19:38,360 [INFO] >>>> using GPU (CUDA)
2025-03-04 15:19:38,406 [INFO] >>>> loading model /mnt/sata4/cellpose_training/output-XETG00195__0041388__TMA00150__20241213__232337/models/dhruv_testing
2025-03-04 15:19:38,465 [INFO] >>>> model diam_mean =  30.000 (ROIs rescaled to this size during training)
2025-03-04 15:19:38,465 [INFO] >>>> model diam_labels =  22.483 (mean diameter of training ROIs)
2025-03-04 15:19:38,761 [INFO] WRITING LOG OUTPUT TO /home/dpatravali/.cellpose/run.log
2025-03-04 15:19:38,761 [INFO] 
cellpose version: 	3.1.1.1 
platform:       	linux 
python version: 	3.10.16 
torch version:  	2.6.0+cu124
2025-03-04 15:19:38,761 [INFO] ** TORCH CUDA version installed and working. **
2025-03-04 15:19:38,761 [INFO] >>>> using GPU (CUDA)
2025-03-04 15:19:38,808 [INFO] >>>> loading model /mnt/sata4/cellpose_training/output-XETG00195__0041388__TMA00150__20241213__232337/models/dhruv_testing
2025-03-04 15:19:38,867 [INFO] >>>> model diam_mean =  30.000 (ROIs rescaled to this size during training)
2025-03-04 15:19:38,867 [INFO] >>>> model diam_labels =  22.483 (mean diameter of training ROIs)
2025-03-04 15:19:39,161 [INFO] WRITING LOG OUTPUT TO /home/dpatravali/.cellpose/run.log
2025-03-04 15:19:39,162 [INFO] 
cellpose version: 	3.1.1.1 
platform:       	linux 
python version: 	3.10.16 
torch version:  	2.6.0+cu124
2025-03-04 15:19:39,162 [INFO] ** TORCH CUDA version installed and working. **
2025-03-04 15:19:39,162 [INFO] >>>> using GPU (CUDA)
2025-03-04 15:19:39,208 [INFO] >>>> loading model /mnt/sata4/cellpose_training/output-XETG00195__0041388__TMA00150__20241213__232337/models/dhruv_testing
2025-03-04 15:19:39,265 [INFO] >>>> model diam_mean =  30.000 (ROIs rescaled to this size during training)
2025-03-04 15:19:39,265 [INFO] >>>> model diam_labels =  22.483 (mean diameter of training ROIs)
2025-03-04 15:19:39,557 [INFO] WRITING LOG OUTPUT TO /home/dpatravali/.cellpose/run.log
2025-03-04 15:19:39,557 [INFO] 
cellpose version: 	3.1.1.1 
platform:       	linux 
python version: 	3.10.16 
torch version:  	2.6.0+cu124
2025-03-04 15:19:39,558 [INFO] ** TORCH CUDA version installed and working. **
2025-03-04 15:19:39,558 [INFO] >>>> using GPU (CUDA)
2025-03-04 15:19:39,604 [INFO] >>>> loading model /mnt/sata4/cellpose_training/output-XETG00195__0041388__TMA00150__20241213__232337/models/dhruv_testing
2025-03-04 15:19:39,662 [INFO] >>>> model diam_mean =  30.000 (ROIs rescaled to this size during training)
2025-03-04 15:19:39,662 [INFO] >>>> model diam_labels =  22.483 (mean diameter of training ROIs)
2025-03-04 15:19:39,970 [INFO] WRITING LOG OUTPUT TO /home/dpatravali/.cellpose/run.log
2025-03-04 15:19:39,970 [INFO] 
cellpose version: 	3.1.1.1 
platform:       	linux 
python version: 	3.10.16 
torch version:  	2.6.0+cu124
2025-03-04 15:19:39,970 [INFO] ** TORCH CUDA version installed and working. **
2025-03-04 15:19:39,970 [INFO] >>>> using GPU (CUDA)
2025-03-04 15:19:40,017 [INFO] >>>> loading model /mnt/sata4/cellpose_training/output-XETG00195__0041388__TMA00150__20241213__232337/models/dhruv_testing
2025-03-04 15:19:40,076 [INFO] >>>> model diam_mean =  30.000 (ROIs rescaled to this size during training)
2025-03-04 15:19:40,076 [INFO] >>>> model diam_labels =  22.483 (mean diameter of training ROIs)
2025-03-04 15:19:40,368 [INFO] WRITING LOG OUTPUT TO /home/dpatravali/.cellpose/run.log
2025-03-04 15:19:40,368 [INFO] 
cellpose version: 	3.1.1.1 
platform:       	linux 
python version: 	3.10.16 
torch version:  	2.6.0+cu124
2025-03-04 15:19:40,368 [INFO] ** TORCH CUDA version installed and working. **
2025-03-04 15:19:40,368 [INFO] >>>> using GPU (CUDA)
2025-03-04 15:19:40,415 [INFO] >>>> loading model /mnt/sata4/cellpose_training/output-XETG00195__0041388__TMA00150__20241213__232337/models/dhruv_testing
2025-03-04 15:19:40,473 [INFO] >>>> model diam_mean =  30.000 (ROIs rescaled to this size during training)
2025-03-04 15:19:40,473 [INFO] >>>> model diam_labels =  22.483 (mean diameter of training ROIs)
2025-03-04 15:19:40,769 [INFO] WRITING LOG OUTPUT TO /home/dpatravali/.cellpose/run.log
2025-03-04 15:19:40,769 [INFO] 
cellpose version: 	3.1.1.1 
platform:       	linux 
python version: 	3.10.16 
torch version:  	2.6.0+cu124
2025-03-04 15:19:40,769 [INFO] ** TORCH CUDA version installed and working. **
2025-03-04 15:19:40,769 [INFO] >>>> using GPU (CUDA)
2025-03-04 15:19:40,817 [INFO] >>>> loading model /mnt/sata4/cellpose_training/output-XETG00195__0041388__TMA00150__20241213__232337/models/dhruv_testing
2025-03-04 15:19:40,874 [INFO] >>>> model diam_mean =  30.000 (ROIs rescaled to this size during training)
2025-03-04 15:19:40,874 [INFO] >>>> model diam_labels =  22.483 (mean diameter of training ROIs)
2025-03-04 15:19:41,084 [INFO] WRITING LOG OUTPUT TO /home/dpatravali/.cellpose/run.log
2025-03-04 15:19:41,085 [INFO] 
cellpose version: 	3.1.1.1 
platform:       	linux 
python version: 	3.10.16 
torch version:  	2.6.0+cu124
2025-03-04 15:19:41,085 [INFO] ** TORCH CUDA version installed and working. **
2025-03-04 15:19:41,085 [INFO] >>>> using GPU (CUDA)
2025-03-04 15:19:41,131 [INFO] >>>> loading model /mnt/sata4/cellpose_training/output-XETG00195__0041388__TMA00150__20241213__232337/models/dhruv_testing
2025-03-04 15:19:41,190 [INFO] >>>> model diam_mean =  30.000 (ROIs rescaled to this size during training)
2025-03-04 15:19:41,190 [INFO] >>>> model diam_labels =  22.483 (mean diameter of training ROIs)
2025-03-04 15:19:41,419 [INFO] WRITING LOG OUTPUT TO /home/dpatravali/.cellpose/run.log
2025-03-04 15:19:41,419 [INFO] 
cellpose version: 	3.1.1.1 
platform:       	linux 
python version: 	3.10.16 
torch version:  	2.6.0+cu124
2025-03-04 15:19:41,419 [INFO] ** TORCH CUDA version installed and working. **
2025-03-04 15:19:41,419 [INFO] >>>> using GPU (CUDA)
2025-03-04 15:19:41,465 [INFO] >>>> loading model /mnt/sata4/cellpose_training/output-XETG00195__0041388__TMA00150__20241213__232337/models/dhruv_testing
2025-03-04 15:19:41,522 [INFO] >>>> model diam_mean =  30.000 (ROIs rescaled to this size during training)
2025-03-04 15:19:41,522 [INFO] >>>> model diam_labels =  22.483 (mean diameter of training ROIs)
2025-03-04 15:19:41,802 [INFO] WRITING LOG OUTPUT TO /home/dpatravali/.cellpose/run.log
2025-03-04 15:19:41,802 [INFO] 
cellpose version: 	3.1.1.1 
platform:       	linux 
python version: 	3.10.16 
torch version:  	2.6.0+cu124
2025-03-04 15:19:41,802 [INFO] ** TORCH CUDA version installed and working. **
2025-03-04 15:19:41,802 [INFO] >>>> using GPU (CUDA)
2025-03-04 15:19:41,848 [INFO] >>>> loading model /mnt/sata4/cellpose_training/output-XETG00195__0041388__TMA00150__20241213__232337/models/dhruv_testing
2025-03-04 15:19:41,906 [INFO] >>>> model diam_mean =  30.000 (ROIs rescaled to this size during training)
2025-03-04 15:19:41,906 [INFO] >>>> model diam_labels =  22.483 (mean diameter of training ROIs)
2025-03-04 15:19:42,163 [INFO] WRITING LOG OUTPUT TO /home/dpatravali/.cellpose/run.log
2025-03-04 15:19:42,164 [INFO] 
cellpose version: 	3.1.1.1 
platform:       	linux 
python version: 	3.10.16 
torch version:  	2.6.0+cu124
2025-03-04 15:19:42,164 [INFO] ** TORCH CUDA version installed and working. **
2025-03-04 15:19:42,164 [INFO] >>>> using GPU (CUDA)
2025-03-04 15:19:42,210 [INFO] >>>> loading model /mnt/sata4/cellpose_training/output-XETG00195__0041388__TMA00150__20241213__232337/models/dhruv_testing
2025-03-04 15:19:42,267 [INFO] >>>> model diam_mean =  30.000 (ROIs rescaled to this size during training)
2025-03-04 15:19:42,267 [INFO] >>>> model diam_labels =  22.483 (mean diameter of training ROIs)
2025-03-04 15:19:42,567 [INFO] WRITING LOG OUTPUT TO /home/dpatravali/.cellpose/run.log
2025-03-04 15:19:42,567 [INFO] 
cellpose version: 	3.1.1.1 
platform:       	linux 
python version: 	3.10.16 
torch version:  	2.6.0+cu124
2025-03-04 15:19:42,567 [INFO] ** TORCH CUDA version installed and working. **
2025-03-04 15:19:42,567 [INFO] >>>> using GPU (CUDA)
2025-03-04 15:19:42,614 [INFO] >>>> loading model /mnt/sata4/cellpose_training/output-XETG00195__0041388__TMA00150__20241213__232337/models/dhruv_testing
2025-03-04 15:19:42,671 [INFO] >>>> model diam_mean =  30.000 (ROIs rescaled to this size during training)
2025-03-04 15:19:42,671 [INFO] >>>> model diam_labels =  22.483 (mean diameter of training ROIs)
2025-03-04 15:19:42,947 [INFO] WRITING LOG OUTPUT TO /home/dpatravali/.cellpose/run.log
2025-03-04 15:19:42,947 [INFO] 
cellpose version: 	3.1.1.1 
platform:       	linux 
python version: 	3.10.16 
torch version:  	2.6.0+cu124
2025-03-04 15:19:42,948 [INFO] ** TORCH CUDA version installed and working. **
2025-03-04 15:19:42,948 [INFO] >>>> using GPU (CUDA)
2025-03-04 15:19:43,116 [INFO] >>>> loading model /mnt/sata4/cellpose_training/output-XETG00195__0041388__TMA00150__20241213__232337/models/dhruv_testing
2025-03-04 15:19:43,173 [INFO] >>>> model diam_mean =  30.000 (ROIs rescaled to this size during training)
2025-03-04 15:19:43,173 [INFO] >>>> model diam_labels =  22.483 (mean diameter of training ROIs)
2025-03-04 15:19:43,454 [INFO] WRITING LOG OUTPUT TO /home/dpatravali/.cellpose/run.log
2025-03-04 15:19:43,454 [INFO] 
cellpose version: 	3.1.1.1 
platform:       	linux 
python version: 	3.10.16 
torch version:  	2.6.0+cu124
2025-03-04 15:19:43,454 [INFO] ** TORCH CUDA version installed and working. **
2025-03-04 15:19:43,454 [INFO] >>>> using GPU (CUDA)
2025-03-04 15:19:43,500 [INFO] >>>> loading model /mnt/sata4/cellpose_training/output-XETG00195__0041388__TMA00150__20241213__232337/models/dhruv_testing
2025-03-04 15:19:43,560 [INFO] >>>> model diam_mean =  30.000 (ROIs rescaled to this size during training)
2025-03-04 15:19:43,560 [INFO] >>>> model diam_labels =  22.483 (mean diameter of training ROIs)
2025-03-04 15:19:43,844 [INFO] WRITING LOG OUTPUT TO /home/dpatravali/.cellpose/run.log
2025-03-04 15:19:43,844 [INFO] 
cellpose version: 	3.1.1.1 
platform:       	linux 
python version: 	3.10.16 
torch version:  	2.6.0+cu124
2025-03-04 15:19:43,844 [INFO] ** TORCH CUDA version installed and working. **
2025-03-04 15:19:43,845 [INFO] >>>> using GPU (CUDA)
2025-03-04 15:19:43,891 [INFO] >>>> loading model /mnt/sata4/cellpose_training/output-XETG00195__0041388__TMA00150__20241213__232337/models/dhruv_testing
2025-03-04 15:19:43,947 [INFO] >>>> model diam_mean =  30.000 (ROIs rescaled to this size during training)
2025-03-04 15:19:43,947 [INFO] >>>> model diam_labels =  22.483 (mean diameter of training ROIs)
2025-03-04 15:19:44,165 [INFO] WRITING LOG OUTPUT TO /home/dpatravali/.cellpose/run.log
2025-03-04 15:19:44,165 [INFO] 
cellpose version: 	3.1.1.1 
platform:       	linux 
python version: 	3.10.16 
torch version:  	2.6.0+cu124
2025-03-04 15:19:44,165 [INFO] ** TORCH CUDA version installed and working. **
2025-03-04 15:19:44,165 [INFO] >>>> using GPU (CUDA)
2025-03-04 15:19:44,214 [INFO] >>>> loading model /mnt/sata4/cellpose_training/output-XETG00195__0041388__TMA00150__20241213__232337/models/dhruv_testing
2025-03-04 15:19:44,272 [INFO] >>>> model diam_mean =  30.000 (ROIs rescaled to this size during training)
2025-03-04 15:19:44,272 [INFO] >>>> model diam_labels =  22.483 (mean diameter of training ROIs)
2025-03-04 15:19:44,492 [INFO] WRITING LOG OUTPUT TO /home/dpatravali/.cellpose/run.log
2025-03-04 15:19:44,492 [INFO] 
cellpose version: 	3.1.1.1 
platform:       	linux 
python version: 	3.10.16 
torch version:  	2.6.0+cu124
2025-03-04 15:19:44,493 [INFO] ** TORCH CUDA version installed and working. **
2025-03-04 15:19:44,493 [INFO] >>>> using GPU (CUDA)
2025-03-04 15:19:44,539 [INFO] >>>> loading model /mnt/sata4/cellpose_training/output-XETG00195__0041388__TMA00150__20241213__232337/models/dhruv_testing
2025-03-04 15:19:44,597 [INFO] >>>> model diam_mean =  30.000 (ROIs rescaled to this size during training)
2025-03-04 15:19:44,598 [INFO] >>>> model diam_labels =  22.483 (mean diameter of training ROIs)
2025-03-04 15:19:44,828 [INFO] WRITING LOG OUTPUT TO /home/dpatravali/.cellpose/run.log
2025-03-04 15:19:44,828 [INFO] 
cellpose version: 	3.1.1.1 
platform:       	linux 
python version: 	3.10.16 
torch version:  	2.6.0+cu124
2025-03-04 15:19:44,828 [INFO] ** TORCH CUDA version installed and working. **
2025-03-04 15:19:44,828 [INFO] >>>> using GPU (CUDA)
2025-03-04 15:19:44,874 [INFO] >>>> loading model /mnt/sata4/cellpose_training/output-XETG00195__0041388__TMA00150__20241213__232337/models/dhruv_testing
2025-03-04 15:19:44,931 [INFO] >>>> model diam_mean =  30.000 (ROIs rescaled to this size during training)
2025-03-04 15:19:44,931 [INFO] >>>> model diam_labels =  22.483 (mean diameter of training ROIs)
2025-03-04 15:19:45,127 [INFO] WRITING LOG OUTPUT TO /home/dpatravali/.cellpose/run.log
2025-03-04 15:19:45,128 [INFO] 
cellpose version: 	3.1.1.1 
platform:       	linux 
python version: 	3.10.16 
torch version:  	2.6.0+cu124
2025-03-04 15:19:45,128 [INFO] ** TORCH CUDA version installed and working. **
2025-03-04 15:19:45,128 [INFO] >>>> using GPU (CUDA)
2025-03-04 15:19:45,175 [INFO] >>>> loading model /mnt/sata4/cellpose_training/output-XETG00195__0041388__TMA00150__20241213__232337/models/dhruv_testing
2025-03-04 15:19:45,233 [INFO] >>>> model diam_mean =  30.000 (ROIs rescaled to this size during training)
2025-03-04 15:19:45,233 [INFO] >>>> model diam_labels =  22.483 (mean diameter of training ROIs)
2025-03-04 15:19:45,440 [INFO] WRITING LOG OUTPUT TO /home/dpatravali/.cellpose/run.log
2025-03-04 15:19:45,440 [INFO] 
cellpose version: 	3.1.1.1 
platform:       	linux 
python version: 	3.10.16 
torch version:  	2.6.0+cu124
2025-03-04 15:19:45,441 [INFO] ** TORCH CUDA version installed and working. **
2025-03-04 15:19:45,441 [INFO] >>>> using GPU (CUDA)
2025-03-04 15:19:45,487 [INFO] >>>> loading model /mnt/sata4/cellpose_training/output-XETG00195__0041388__TMA00150__20241213__232337/models/dhruv_testing
2025-03-04 15:19:45,548 [INFO] >>>> model diam_mean =  30.000 (ROIs rescaled to this size during training)
2025-03-04 15:19:45,548 [INFO] >>>> model diam_labels =  22.483 (mean diameter of training ROIs)
2025-03-04 15:19:45,757 [INFO] WRITING LOG OUTPUT TO /home/dpatravali/.cellpose/run.log
2025-03-04 15:19:45,757 [INFO] 
cellpose version: 	3.1.1.1 
platform:       	linux 
python version: 	3.10.16 
torch version:  	2.6.0+cu124
2025-03-04 15:19:45,758 [INFO] ** TORCH CUDA version installed and working. **
2025-03-04 15:19:45,758 [INFO] >>>> using GPU (CUDA)
2025-03-04 15:19:45,805 [INFO] >>>> loading model /mnt/sata4/cellpose_training/output-XETG00195__0041388__TMA00150__20241213__232337/models/dhruv_testing
2025-03-04 15:19:45,863 [INFO] >>>> model diam_mean =  30.000 (ROIs rescaled to this size during training)
2025-03-04 15:19:45,863 [INFO] >>>> model diam_labels =  22.483 (mean diameter of training ROIs)
2025-03-04 15:19:46,111 [INFO] WRITING LOG OUTPUT TO /home/dpatravali/.cellpose/run.log
2025-03-04 15:19:46,111 [INFO] 
cellpose version: 	3.1.1.1 
platform:       	linux 
python version: 	3.10.16 
torch version:  	2.6.0+cu124
2025-03-04 15:19:46,112 [INFO] ** TORCH CUDA version installed and working. **
2025-03-04 15:19:46,112 [INFO] >>>> using GPU (CUDA)
2025-03-04 15:19:46,159 [INFO] >>>> loading model /mnt/sata4/cellpose_training/output-XETG00195__0041388__TMA00150__20241213__232337/models/dhruv_testing
2025-03-04 15:19:46,216 [INFO] >>>> model diam_mean =  30.000 (ROIs rescaled to this size during training)
2025-03-04 15:19:46,216 [INFO] >>>> model diam_labels =  22.483 (mean diameter of training ROIs)
2025-03-04 15:19:46,410 [INFO] WRITING LOG OUTPUT TO /home/dpatravali/.cellpose/run.log
2025-03-04 15:19:46,410 [INFO] 
cellpose version: 	3.1.1.1 
platform:       	linux 
python version: 	3.10.16 
torch version:  	2.6.0+cu124
2025-03-04 15:19:46,411 [INFO] ** TORCH CUDA version installed and working. **
2025-03-04 15:19:46,411 [INFO] >>>> using GPU (CUDA)
2025-03-04 15:19:46,457 [INFO] >>>> loading model /mnt/sata4/cellpose_training/output-XETG00195__0041388__TMA00150__20241213__232337/models/dhruv_testing
2025-03-04 15:19:46,514 [INFO] >>>> model diam_mean =  30.000 (ROIs rescaled to this size during training)
2025-03-04 15:19:46,515 [INFO] >>>> model diam_labels =  22.483 (mean diameter of training ROIs)
